16-12-2019 03:07:15,172  INFO webxml.WebxmlGrailsPlugin - Loading default config file: class DefaultWebXmlConfig
16-12-2019 03:07:15,219  WARN webxml.WebxmlGrailsPlugin - Did not find application config file: WebXmlConfig
16-12-2019 03:07:18,045  INFO webxml.WebxmlGrailsPlugin - Loading default config file: class DefaultWebXmlConfig
16-12-2019 03:07:18,050  WARN webxml.WebxmlGrailsPlugin - Did not find application config file: WebXmlConfig
16-12-2019 03:07:28,794  INFO [localhost].[/IP18GAA] - Initializing Spring root WebApplicationContext
16-12-2019 03:07:37,973  INFO hibernate4.HibernatePluginSupport - Set db generation strategy to 'create-drop' for datasource DEFAULT
16-12-2019 03:07:41,943  INFO cache.CacheBeanPostProcessor - postProcessBeanDefinitionRegistry start
16-12-2019 03:07:41,946  INFO cache.CacheBeanPostProcessor - postProcessBeanFactory
16-12-2019 03:07:50,969  WARN config.ConfigurationFactory - No configuration found. Configuring ehcache from ehcache-failsafe.xml  found in the classpath: jar:file:/C:/Users/awake/.m2/repository/net/sf/ehcache/ehcache-core/2.4.8/ehcache-core-2.4.8.jar!/ehcache-failsafe.xml
16-12-2019 03:08:11,942  INFO scaffolding.AbstractGrailsTemplateGenerator - Scaffolding template generator set to use resource loader [org.codehaus.groovy.grails.commons.spring.GrailsWebApplicationContext@4e70c448: startup date [Mon Dec 16 03:07:40 COT 2019]; parent: Root WebApplicationContext]
16-12-2019 03:08:16,744  INFO databasemigration.MigrationRunner - updateOnStart disabled for dataSource; not running migrations
16-12-2019 03:08:16,853  INFO ScaffoldingGrailsPlugin - configuring scaffolding...
16-12-2019 03:08:16,879  INFO ScaffoldingGrailsPlugin - Generating controller logic for scaffolding domain: co.edu.uniandes.gaa.Activity
16-12-2019 03:08:18,185  INFO ScaffoldingGrailsPlugin - Generating controller logic for scaffolding domain: co.edu.uniandes.gaa.ActivityOutcome
16-12-2019 03:08:19,090  INFO ScaffoldingGrailsPlugin - Generating controller logic for scaffolding domain: co.edu.uniandes.gaa.AvailablePlatform
16-12-2019 03:08:19,584  INFO ScaffoldingGrailsPlugin - Generating controller logic for scaffolding domain: co.edu.uniandes.gaa.Category
16-12-2019 03:08:20,009  INFO ScaffoldingGrailsPlugin - Generating controller logic for scaffolding domain: co.edu.uniandes.gaa.Course
16-12-2019 03:08:20,675  INFO ScaffoldingGrailsPlugin - Generating controller logic for scaffolding domain: co.edu.uniandes.gaa.GAA
16-12-2019 03:08:21,054  INFO ScaffoldingGrailsPlugin - Generating controller logic for scaffolding domain: co.edu.uniandes.gaa.Module
16-12-2019 03:08:21,530  INFO ScaffoldingGrailsPlugin - Generating controller logic for scaffolding domain: co.edu.uniandes.gaa.ModuleOutcome
16-12-2019 03:08:21,927  INFO ScaffoldingGrailsPlugin - Generating controller logic for scaffolding domain: co.edu.uniandes.gaa.Outcome
16-12-2019 03:08:22,495  INFO ScaffoldingGrailsPlugin - Generating controller logic for scaffolding domain: co.edu.uniandes.gaa.VerifiableActivity
16-12-2019 03:08:22,954  INFO ScaffoldingGrailsPlugin - Generating controller logic for scaffolding domain: co.edu.uniandes.login.Role
16-12-2019 03:08:23,410  INFO ScaffoldingGrailsPlugin - Generating controller logic for scaffolding domain: co.edu.uniandes.login.User
16-12-2019 03:08:24,036  INFO ScaffoldingGrailsPlugin - Generating controller logic for scaffolding domain: co.edu.uniandes.login.UserRole
16-12-2019 03:08:24,399  INFO ScaffoldingGrailsPlugin - Generating controller logic for scaffolding domain: co.edu.uniandes.platform.BlackboardPlatform
16-12-2019 03:08:24,759  INFO ScaffoldingGrailsPlugin - Generating controller logic for scaffolding domain: co.edu.uniandes.platform.PlatformCreator
16-12-2019 03:08:25,332  INFO ScaffoldingGrailsPlugin - Generating controller logic for scaffolding domain: co.edu.uniandes.rubric.Rubric
16-12-2019 03:08:25,684  INFO ScaffoldingGrailsPlugin - Generating controller logic for scaffolding domain: co.edu.uniandes.rubric.RubricCriterionLevelAnswer
16-12-2019 03:08:26,171  INFO ScaffoldingGrailsPlugin - Generating controller logic for scaffolding domain: co.edu.uniandes.rubric.RubricCriterionLevel
16-12-2019 03:08:26,775  INFO ScaffoldingGrailsPlugin - Generating controller logic for scaffolding domain: co.edu.uniandes.rubric.RubricLevelFeedback
16-12-2019 03:08:27,289  INFO ScaffoldingGrailsPlugin - Generating controller logic for scaffolding domain: co.edu.uniandes.rubric.RubricOutcome
16-12-2019 03:08:28,697  INFO ScaffoldingGrailsPlugin - Generating controller logic for scaffolding domain: co.edu.uniandes.rubric.RubricOutcomeCriterion
16-12-2019 03:08:29,439  INFO ScaffoldingGrailsPlugin - Generating controller logic for scaffolding domain: co.edu.uniandes.rubric.RubricPlatformActivity
16-12-2019 03:08:30,016  INFO ScaffoldingGrailsPlugin - Generating controller logic for scaffolding domain: co.edu.uniandes.rubric.StudentRubricAnswer
16-12-2019 03:08:30,422  INFO ScaffoldingGrailsPlugin - done configuring scaffolding.
16-12-2019 03:08:30,434  INFO context.GrailsConfigUtils - [GrailsContextLoader] Grails application loaded.
16-12-2019 03:08:30,993  INFO conf.BootStrap - Creado el rol: ROLE_ADMIN
16-12-2019 03:08:31,003  INFO conf.BootStrap - Creado el rol: ROLE_STUDENT
16-12-2019 03:08:31,013  INFO conf.BootStrap - Creado el rol: ROLE_PROFESSOR
16-12-2019 03:08:31,459  INFO conf.BootStrap - Creado el usuario: cr.calle
16-12-2019 03:08:31,590  INFO conf.BootStrap - Creado el usuario: se-busto
16-12-2019 03:08:31,705  INFO conf.BootStrap - Creado el usuario: danielsantamariarod
16-12-2019 03:08:31,839  INFO conf.BootStrap - Creado el usuario: gcortes
16-12-2019 03:08:31,940  INFO conf.BootStrap - Creado el usuario: wa.rodriguezm
16-12-2019 03:08:32,054  INFO conf.BootStrap - Creado el usuario: js.preciado
16-12-2019 03:08:32,191  INFO conf.BootStrap - Creado el usuario: mf.higuera
16-12-2019 03:08:32,310  INFO conf.BootStrap - Creado el usuario: ana-vela
16-12-2019 03:08:32,496  INFO [localhost].[/IP18GAA] - Initializing Spring FrameworkServlet 'grails'
16-12-2019 03:08:32,600  INFO http11.Http11Protocol - Starting ProtocolHandler ["http-bio-8080"]
16-12-2019 03:37:09,359  INFO [localhost].[/IP18GAA] - Initializing Spring FrameworkServlet 'gsp'
16-12-2019 03:37:09,360  INFO [localhost].[/IP18GAA] - GSP servlet initialized
16-12-2019 03:37:25,590  INFO [localhost].[/IP18GAA] - GroovyPagesServlet:  "/WEB-INF/grails-app/views/course/select.gsp" not found
16-12-2019 11:21:14,509  INFO webxml.WebxmlGrailsPlugin - Loading default config file: class DefaultWebXmlConfig
16-12-2019 11:21:14,540  WARN webxml.WebxmlGrailsPlugin - Did not find application config file: WebXmlConfig
16-12-2019 11:21:15,884  INFO webxml.WebxmlGrailsPlugin - Loading default config file: class DefaultWebXmlConfig
16-12-2019 11:21:15,884  WARN webxml.WebxmlGrailsPlugin - Did not find application config file: WebXmlConfig
16-12-2019 11:21:20,698  INFO [localhost].[/IP18GAA] - Initializing Spring root WebApplicationContext
16-12-2019 11:21:27,747  INFO hibernate4.HibernatePluginSupport - Set db generation strategy to 'create-drop' for datasource DEFAULT
16-12-2019 11:21:29,509  INFO cache.CacheBeanPostProcessor - postProcessBeanDefinitionRegistry start
16-12-2019 11:21:29,515  INFO cache.CacheBeanPostProcessor - postProcessBeanFactory
16-12-2019 11:21:31,686  WARN config.ConfigurationFactory - No configuration found. Configuring ehcache from ehcache-failsafe.xml  found in the classpath: jar:file:/C:/Users/awake/.m2/repository/net/sf/ehcache/ehcache-core/2.4.8/ehcache-core-2.4.8.jar!/ehcache-failsafe.xml
16-12-2019 11:21:38,823  INFO scaffolding.AbstractGrailsTemplateGenerator - Scaffolding template generator set to use resource loader [org.codehaus.groovy.grails.commons.spring.GrailsWebApplicationContext@e44cc3b: startup date [Mon Dec 16 11:21:29 COT 2019]; parent: Root WebApplicationContext]
16-12-2019 11:21:45,237  INFO databasemigration.MigrationRunner - updateOnStart disabled for dataSource; not running migrations
16-12-2019 11:21:45,292  INFO ScaffoldingGrailsPlugin - configuring scaffolding...
16-12-2019 11:21:45,322  INFO ScaffoldingGrailsPlugin - Generating controller logic for scaffolding domain: co.edu.uniandes.gaa.Activity
16-12-2019 11:21:46,331  INFO ScaffoldingGrailsPlugin - Generating controller logic for scaffolding domain: co.edu.uniandes.gaa.ActivityOutcome
16-12-2019 11:21:46,825  INFO ScaffoldingGrailsPlugin - Generating controller logic for scaffolding domain: co.edu.uniandes.gaa.AvailablePlatform
16-12-2019 11:21:47,247  INFO ScaffoldingGrailsPlugin - Generating controller logic for scaffolding domain: co.edu.uniandes.gaa.Category
16-12-2019 11:21:47,757  INFO ScaffoldingGrailsPlugin - Generating controller logic for scaffolding domain: co.edu.uniandes.gaa.Course
16-12-2019 11:21:48,157  INFO ScaffoldingGrailsPlugin - Generating controller logic for scaffolding domain: co.edu.uniandes.gaa.GAA
16-12-2019 11:21:48,534  INFO ScaffoldingGrailsPlugin - Generating controller logic for scaffolding domain: co.edu.uniandes.gaa.Module
16-12-2019 11:21:48,914  INFO ScaffoldingGrailsPlugin - Generating controller logic for scaffolding domain: co.edu.uniandes.gaa.ModuleOutcome
16-12-2019 11:21:49,357  INFO ScaffoldingGrailsPlugin - Generating controller logic for scaffolding domain: co.edu.uniandes.gaa.Outcome
16-12-2019 11:21:49,716  INFO ScaffoldingGrailsPlugin - Generating controller logic for scaffolding domain: co.edu.uniandes.gaa.VerifiableActivity
16-12-2019 11:21:50,111  INFO ScaffoldingGrailsPlugin - Generating controller logic for scaffolding domain: co.edu.uniandes.login.Role
16-12-2019 11:21:50,499  INFO ScaffoldingGrailsPlugin - Generating controller logic for scaffolding domain: co.edu.uniandes.login.User
16-12-2019 11:21:50,900  INFO ScaffoldingGrailsPlugin - Generating controller logic for scaffolding domain: co.edu.uniandes.login.UserRole
16-12-2019 11:21:51,295  INFO ScaffoldingGrailsPlugin - Generating controller logic for scaffolding domain: co.edu.uniandes.platform.BlackboardPlatform
16-12-2019 11:21:51,655  INFO ScaffoldingGrailsPlugin - Generating controller logic for scaffolding domain: co.edu.uniandes.platform.PlatformCreator
16-12-2019 11:21:52,018  INFO ScaffoldingGrailsPlugin - Generating controller logic for scaffolding domain: co.edu.uniandes.rubric.Rubric
16-12-2019 11:21:52,414  INFO ScaffoldingGrailsPlugin - Generating controller logic for scaffolding domain: co.edu.uniandes.rubric.RubricCriterionLevelAnswer
16-12-2019 11:21:52,871  INFO ScaffoldingGrailsPlugin - Generating controller logic for scaffolding domain: co.edu.uniandes.rubric.RubricCriterionLevel
16-12-2019 11:21:53,269  INFO ScaffoldingGrailsPlugin - Generating controller logic for scaffolding domain: co.edu.uniandes.rubric.RubricLevelFeedback
16-12-2019 11:21:53,707  INFO ScaffoldingGrailsPlugin - Generating controller logic for scaffolding domain: co.edu.uniandes.rubric.RubricOutcome
16-12-2019 11:21:54,085  INFO ScaffoldingGrailsPlugin - Generating controller logic for scaffolding domain: co.edu.uniandes.rubric.RubricOutcomeCriterion
16-12-2019 11:21:54,413  INFO ScaffoldingGrailsPlugin - Generating controller logic for scaffolding domain: co.edu.uniandes.rubric.RubricPlatformActivity
16-12-2019 11:21:54,856  INFO ScaffoldingGrailsPlugin - Generating controller logic for scaffolding domain: co.edu.uniandes.rubric.StudentRubricAnswer
16-12-2019 11:21:55,185  INFO ScaffoldingGrailsPlugin - done configuring scaffolding.
16-12-2019 11:21:55,362  INFO context.GrailsConfigUtils - [GrailsContextLoader] Grails application loaded.
16-12-2019 11:21:55,860  INFO conf.BootStrap - Creado el rol: ROLE_ADMIN
16-12-2019 11:21:55,860  INFO conf.BootStrap - Creado el rol: ROLE_STUDENT
16-12-2019 11:21:55,875  INFO conf.BootStrap - Creado el rol: ROLE_PROFESSOR
16-12-2019 11:21:56,186  INFO conf.BootStrap - Creado el usuario: cr.calle
16-12-2019 11:21:56,298  INFO conf.BootStrap - Creado el usuario: se-busto
16-12-2019 11:21:56,399  INFO conf.BootStrap - Creado el usuario: danielsantamariarod
16-12-2019 11:21:56,502  INFO conf.BootStrap - Creado el usuario: gcortes
16-12-2019 11:21:56,599  INFO conf.BootStrap - Creado el usuario: wa.rodriguezm
16-12-2019 11:21:56,693  INFO conf.BootStrap - Creado el usuario: js.preciado
16-12-2019 11:21:56,798  INFO conf.BootStrap - Creado el usuario: mf.higuera
16-12-2019 11:21:56,913  INFO conf.BootStrap - Creado el usuario: ana-vela
16-12-2019 11:21:57,066  INFO [localhost].[/IP18GAA] - Initializing Spring FrameworkServlet 'grails'
16-12-2019 11:21:57,181  INFO http11.Http11Protocol - Starting ProtocolHandler ["http-bio-8080"]
16-12-2019 11:22:55,580  INFO [localhost].[/IP18GAA] - Initializing Spring FrameworkServlet 'gsp'
16-12-2019 11:22:55,580  INFO [localhost].[/IP18GAA] - GSP servlet initialized
16-12-2019 11:52:03,439  INFO [localhost].[/IP18GAA] - GroovyPagesServlet:  "/WEB-INF/grails-app/views/course/select.gsp" not found
16-12-2019 11:55:13,770 ERROR errors.GrailsExceptionResolver - NullPointerException occurred when processing request: [GET] /IP18GAA/course/showDashboard
Cannot get property 'value' on null object. Stacktrace follows:
java.lang.NullPointerException: Cannot get property 'value' on null object
	at co.edu.uniandes.gaa.CourseController.buildData(CourseController.groovy:504)
	at co.edu.uniandes.gaa.CourseController.showDashboard(CourseController.groovy:228)
	at grails.plugin.cache.web.filter.PageFragmentCachingFilter.doFilter(PageFragmentCachingFilter.java:198)
	at grails.plugin.cache.web.filter.AbstractFilter.doFilter(AbstractFilter.java:63)
	at grails.plugin.springsecurity.web.filter.GrailsAnonymousAuthenticationFilter.doFilter(GrailsAnonymousAuthenticationFilter.java:53)
	at grails.plugin.springsecurity.web.authentication.RequestHolderAuthenticationFilter.doFilter(RequestHolderAuthenticationFilter.java:49)
	at grails.plugin.springsecurity.web.authentication.logout.MutableLogoutFilter.doFilter(MutableLogoutFilter.java:82)
	at java.util.concurrent.ThreadPoolExecutor.runWorker(ThreadPoolExecutor.java:1142)
	at java.util.concurrent.ThreadPoolExecutor$Worker.run(ThreadPoolExecutor.java:617)
	at java.lang.Thread.run(Thread.java:745)
16-12-2019 12:01:34,315 ERROR errors.GrailsExceptionResolver - NullPointerException occurred when processing request: [GET] /IP18GAA/course/showDashboard
Cannot get property 'value' on null object. Stacktrace follows:
java.lang.NullPointerException: Cannot get property 'value' on null object
	at co.edu.uniandes.gaa.CourseController.buildData(CourseController.groovy:504)
	at co.edu.uniandes.gaa.CourseController.showDashboard(CourseController.groovy:228)
	at grails.plugin.cache.web.filter.PageFragmentCachingFilter.doFilter(PageFragmentCachingFilter.java:198)
	at grails.plugin.cache.web.filter.AbstractFilter.doFilter(AbstractFilter.java:63)
	at grails.plugin.springsecurity.web.filter.GrailsAnonymousAuthenticationFilter.doFilter(GrailsAnonymousAuthenticationFilter.java:53)
	at grails.plugin.springsecurity.web.authentication.RequestHolderAuthenticationFilter.doFilter(RequestHolderAuthenticationFilter.java:49)
	at grails.plugin.springsecurity.web.authentication.logout.MutableLogoutFilter.doFilter(MutableLogoutFilter.java:82)
	at java.util.concurrent.ThreadPoolExecutor.runWorker(ThreadPoolExecutor.java:1142)
	at java.util.concurrent.ThreadPoolExecutor$Worker.run(ThreadPoolExecutor.java:617)
	at java.lang.Thread.run(Thread.java:745)
16-12-2019 12:02:07,551 ERROR errors.GrailsExceptionResolver - NullPointerException occurred when processing request: [GET] /IP18GAA/course/showDashboard
Cannot get property 'value' on null object. Stacktrace follows:
java.lang.NullPointerException: Cannot get property 'value' on null object
	at co.edu.uniandes.gaa.CourseController.buildData(CourseController.groovy:504)
	at co.edu.uniandes.gaa.CourseController.showDashboard(CourseController.groovy:228)
	at grails.plugin.cache.web.filter.PageFragmentCachingFilter.doFilter(PageFragmentCachingFilter.java:198)
	at grails.plugin.cache.web.filter.AbstractFilter.doFilter(AbstractFilter.java:63)
	at grails.plugin.springsecurity.web.filter.GrailsAnonymousAuthenticationFilter.doFilter(GrailsAnonymousAuthenticationFilter.java:53)
	at grails.plugin.springsecurity.web.authentication.RequestHolderAuthenticationFilter.doFilter(RequestHolderAuthenticationFilter.java:49)
	at grails.plugin.springsecurity.web.authentication.logout.MutableLogoutFilter.doFilter(MutableLogoutFilter.java:82)
	at java.util.concurrent.ThreadPoolExecutor.runWorker(ThreadPoolExecutor.java:1142)
	at java.util.concurrent.ThreadPoolExecutor$Worker.run(ThreadPoolExecutor.java:617)
	at java.lang.Thread.run(Thread.java:745)
16-12-2019 12:03:23,704 ERROR errors.GrailsExceptionResolver - NullPointerException occurred when processing request: [GET] /IP18GAA/course/showDashboard
Cannot get property 'value' on null object. Stacktrace follows:
java.lang.NullPointerException: Cannot get property 'value' on null object
	at co.edu.uniandes.gaa.CourseController.buildData(CourseController.groovy:504)
	at co.edu.uniandes.gaa.CourseController.showDashboard(CourseController.groovy:228)
	at grails.plugin.cache.web.filter.PageFragmentCachingFilter.doFilter(PageFragmentCachingFilter.java:198)
	at grails.plugin.cache.web.filter.AbstractFilter.doFilter(AbstractFilter.java:63)
	at grails.plugin.springsecurity.web.filter.GrailsAnonymousAuthenticationFilter.doFilter(GrailsAnonymousAuthenticationFilter.java:53)
	at grails.plugin.springsecurity.web.authentication.RequestHolderAuthenticationFilter.doFilter(RequestHolderAuthenticationFilter.java:49)
	at grails.plugin.springsecurity.web.authentication.logout.MutableLogoutFilter.doFilter(MutableLogoutFilter.java:82)
	at java.util.concurrent.ThreadPoolExecutor.runWorker(ThreadPoolExecutor.java:1142)
	at java.util.concurrent.ThreadPoolExecutor$Worker.run(ThreadPoolExecutor.java:617)
	at java.lang.Thread.run(Thread.java:745)
16-12-2019 12:03:59,687 ERROR errors.GrailsExceptionResolver - NonUniqueResultException occurred when processing request: [GET] /IP18GAA/course/showDashboard
query did not return a unique result: 3. Stacktrace follows:
org.hibernate.NonUniqueResultException: query did not return a unique result: 3
	at grails.gorm.DetachedCriteria$_get_closure2.doCall(DetachedCriteria.groovy:824)
	at grails.gorm.DetachedCriteria$_withPopulatedQuery_closure10.doCall(DetachedCriteria.groovy:1213)
	at org.grails.datastore.gorm.GormStaticApi$_withDatastoreSession_closure23.doCall(GormStaticApi.groovy:700)
	at org.grails.datastore.mapping.core.DatastoreUtils.execute(DatastoreUtils.java:302)
	at org.grails.datastore.gorm.AbstractDatastoreApi.execute(AbstractDatastoreApi.groovy:37)
	at org.grails.datastore.gorm.GormStaticApi.withDatastoreSession(GormStaticApi.groovy:699)
	at grails.gorm.DetachedCriteria.withPopulatedQuery(DetachedCriteria.groovy:1184)
	at grails.gorm.DetachedCriteria.get(DetachedCriteria.groovy:823)
	at grails.gorm.DetachedCriteria.find(DetachedCriteria.groovy:807)
	at grails.gorm.DetachedCriteria.find(DetachedCriteria.groovy:806)
	at org.grails.datastore.gorm.GormStaticApi.find(GormStaticApi.groovy:165)
	at co.edu.uniandes.gaa.CourseController$_buildData_closure18.doCall(CourseController.groovy:396)
	at co.edu.uniandes.gaa.CourseController.buildData(CourseController.groovy:392)
	at co.edu.uniandes.gaa.CourseController.showDashboard(CourseController.groovy:228)
	at grails.plugin.cache.web.filter.PageFragmentCachingFilter.doFilter(PageFragmentCachingFilter.java:198)
	at grails.plugin.cache.web.filter.AbstractFilter.doFilter(AbstractFilter.java:63)
	at grails.plugin.springsecurity.web.filter.GrailsAnonymousAuthenticationFilter.doFilter(GrailsAnonymousAuthenticationFilter.java:53)
	at grails.plugin.springsecurity.web.authentication.RequestHolderAuthenticationFilter.doFilter(RequestHolderAuthenticationFilter.java:49)
	at grails.plugin.springsecurity.web.authentication.logout.MutableLogoutFilter.doFilter(MutableLogoutFilter.java:82)
	at java.util.concurrent.ThreadPoolExecutor.runWorker(ThreadPoolExecutor.java:1142)
	at java.util.concurrent.ThreadPoolExecutor$Worker.run(ThreadPoolExecutor.java:617)
	at java.lang.Thread.run(Thread.java:745)
16-12-2019 12:04:18,073 ERROR errors.GrailsExceptionResolver - NonUniqueResultException occurred when processing request: [GET] /IP18GAA/course/showDashboard
query did not return a unique result: 3. Stacktrace follows:
org.hibernate.NonUniqueResultException: query did not return a unique result: 3
	at grails.gorm.DetachedCriteria$_get_closure2.doCall(DetachedCriteria.groovy:824)
	at grails.gorm.DetachedCriteria$_withPopulatedQuery_closure10.doCall(DetachedCriteria.groovy:1213)
	at org.grails.datastore.gorm.GormStaticApi$_withDatastoreSession_closure23.doCall(GormStaticApi.groovy:700)
	at org.grails.datastore.mapping.core.DatastoreUtils.execute(DatastoreUtils.java:302)
	at org.grails.datastore.gorm.AbstractDatastoreApi.execute(AbstractDatastoreApi.groovy:37)
	at org.grails.datastore.gorm.GormStaticApi.withDatastoreSession(GormStaticApi.groovy:699)
	at grails.gorm.DetachedCriteria.withPopulatedQuery(DetachedCriteria.groovy:1184)
	at grails.gorm.DetachedCriteria.get(DetachedCriteria.groovy:823)
	at grails.gorm.DetachedCriteria.find(DetachedCriteria.groovy:807)
	at grails.gorm.DetachedCriteria.find(DetachedCriteria.groovy:806)
	at org.grails.datastore.gorm.GormStaticApi.find(GormStaticApi.groovy:165)
	at co.edu.uniandes.gaa.CourseController$_buildData_closure18.doCall(CourseController.groovy:396)
	at co.edu.uniandes.gaa.CourseController.buildData(CourseController.groovy:392)
	at co.edu.uniandes.gaa.CourseController.showDashboard(CourseController.groovy:228)
	at grails.plugin.cache.web.filter.PageFragmentCachingFilter.doFilter(PageFragmentCachingFilter.java:198)
	at grails.plugin.cache.web.filter.AbstractFilter.doFilter(AbstractFilter.java:63)
	at grails.plugin.springsecurity.web.filter.GrailsAnonymousAuthenticationFilter.doFilter(GrailsAnonymousAuthenticationFilter.java:53)
	at grails.plugin.springsecurity.web.authentication.RequestHolderAuthenticationFilter.doFilter(RequestHolderAuthenticationFilter.java:49)
	at grails.plugin.springsecurity.web.authentication.logout.MutableLogoutFilter.doFilter(MutableLogoutFilter.java:82)
	at java.util.concurrent.ThreadPoolExecutor.runWorker(ThreadPoolExecutor.java:1142)
	at java.util.concurrent.ThreadPoolExecutor$Worker.run(ThreadPoolExecutor.java:617)
	at java.lang.Thread.run(Thread.java:745)
16-12-2019 12:08:24,994  INFO compiler.GrailsProjectWatcher - File [C:\Users\awake\workspace\IP18GAA\grails-app\controllers\co\edu\uniandes\gaa\ModuleController.groovy] changed. Applying changes to application.
16-12-2019 12:08:24,995  INFO compiler.GrailsProjectWatcher - File [C:\Users\awake\workspace\IP18GAA\grails-app\controllers\co\edu\uniandes\gaa\ModuleController.groovy] changed. Applying changes to application.
16-12-2019 12:08:26,247  INFO compiler.GrailsProjectWatcher - File [C:\Users\awake\workspace\IP18GAA\grails-app\controllers\co\edu\uniandes\gaa\ModuleController.groovy] changed. Applying changes to application.
16-12-2019 12:08:28,672  INFO compiler.GrailsProjectWatcher - File [C:\Users\awake\workspace\IP18GAA\grails-app\controllers\co\edu\uniandes\gaa\ModuleController.groovy] changed. Applying changes to application.
16-12-2019 12:08:29,103  INFO ScaffoldingGrailsPlugin - Generating controller logic for scaffolding domain: co.edu.uniandes.gaa.Module
16-12-2019 12:08:31,607 ERROR agent.Watcher - FileWatcher caught serious error, see cause
java.lang.LinkageError: loader (instance of  org/springsource/loaded/ChildClassLoader): attempted  duplicate class definition for name: "co/edu/uniandes/gaa/ModuleController$_saveSuggested_closure4$$DRkpwvYp"
	at java.lang.ClassLoader.defineClass(ClassLoader.java:760)
	at java.lang.ClassLoader.defineClass(ClassLoader.java:642)
	at java.lang.Thread.run(Thread.java:745)
16-12-2019 12:08:31,611 ERROR agent.Watcher - FileWatcher caught serious error, see cause
java.lang.LinkageError: loader (instance of  org/springsource/loaded/ChildClassLoader): attempted  duplicate class definition for name: "co/edu/uniandes/gaa/ModuleController$_saveTrans_closure5$$DRkpwvYp"
	at java.lang.ClassLoader.defineClass(ClassLoader.java:760)
	at java.lang.ClassLoader.defineClass(ClassLoader.java:642)
	at java.lang.Thread.run(Thread.java:745)
16-12-2019 12:08:31,636 ERROR agent.Watcher - FileWatcher caught serious error, see cause
java.lang.LinkageError: loader (instance of  org/springsource/loaded/ChildClassLoader): attempted  duplicate class definition for name: "co/edu/uniandes/gaa/ModuleController$_updateModules_closure10$$DRkpwvYu"
	at java.lang.ClassLoader.defineClass(ClassLoader.java:760)
	at java.lang.ClassLoader.defineClass(ClassLoader.java:642)
	at java.lang.Thread.run(Thread.java:745)
16-12-2019 12:08:31,638 ERROR agent.Watcher - FileWatcher caught serious error, see cause
java.lang.LinkageError: loader (instance of  org/springsource/loaded/ChildClassLoader): attempted  duplicate class definition for name: "co/edu/uniandes/gaa/ModuleController$_updateModules_closure10_closure22$$DRkpwvYu"
	at java.lang.ClassLoader.defineClass(ClassLoader.java:760)
	at java.lang.ClassLoader.defineClass(ClassLoader.java:642)
	at java.lang.Thread.run(Thread.java:745)
16-12-2019 12:08:31,644 ERROR agent.Watcher - FileWatcher caught serious error, see cause
java.lang.LinkageError: loader (instance of  org/springsource/loaded/ChildClassLoader): attempted  duplicate class definition for name: "co/edu/uniandes/gaa/ModuleController$_updateModules_closure11$$DRkpwvYv"
	at java.lang.ClassLoader.defineClass(ClassLoader.java:760)
	at java.lang.ClassLoader.defineClass(ClassLoader.java:642)
	at java.lang.Thread.run(Thread.java:745)
16-12-2019 12:08:31,646 ERROR agent.Watcher - FileWatcher caught serious error, see cause
java.lang.LinkageError: loader (instance of  org/springsource/loaded/ChildClassLoader): attempted  duplicate class definition for name: "co/edu/uniandes/gaa/ModuleController$_updateModules_closure9$$DRkpwvYt"
	at java.lang.ClassLoader.defineClass(ClassLoader.java:760)
	at java.lang.ClassLoader.defineClass(ClassLoader.java:642)
	at java.lang.Thread.run(Thread.java:745)
16-12-2019 12:08:31,649 ERROR agent.Watcher - FileWatcher caught serious error, see cause
java.lang.LinkageError: loader (instance of  org/springsource/loaded/ChildClassLoader): attempted  duplicate class definition for name: "co/edu/uniandes/gaa/ModuleController$_updateSuggested_closure12$$DRkpwvYw"
	at java.lang.ClassLoader.defineClass(ClassLoader.java:760)
	at java.lang.ClassLoader.defineClass(ClassLoader.java:642)
	at java.lang.Thread.run(Thread.java:745)
16-12-2019 12:08:31,651 ERROR agent.Watcher - FileWatcher caught serious error, see cause
java.lang.LinkageError: loader (instance of  org/springsource/loaded/ChildClassLoader): attempted  duplicate class definition for name: "co/edu/uniandes/gaa/ModuleController$_updateSuggested_closure13$$DRkpwvYw"
	at java.lang.ClassLoader.defineClass(ClassLoader.java:760)
	at java.lang.ClassLoader.defineClass(ClassLoader.java:642)
	at java.lang.Thread.run(Thread.java:745)
16-12-2019 12:08:31,653 ERROR agent.Watcher - FileWatcher caught serious error, see cause
java.lang.LinkageError: loader (instance of  org/springsource/loaded/ChildClassLoader): attempted  duplicate class definition for name: "co/edu/uniandes/gaa/ModuleController$_updateSuggested_closure14$$DRkpwvYx"
	at java.lang.ClassLoader.defineClass(ClassLoader.java:760)
	at java.lang.ClassLoader.defineClass(ClassLoader.java:642)
	at java.lang.Thread.run(Thread.java:745)
16-12-2019 12:08:31,665 ERROR agent.Watcher - FileWatcher caught serious error, see cause
java.lang.LinkageError: loader (instance of  org/springsource/loaded/ChildClassLoader): attempted  duplicate class definition for name: "co/edu/uniandes/gaa/ModuleController$_updateSuggested_closure15$$DRkpwvYy"
	at java.lang.ClassLoader.defineClass(ClassLoader.java:760)
	at java.lang.ClassLoader.defineClass(ClassLoader.java:642)
	at java.lang.Thread.run(Thread.java:745)
16-12-2019 12:08:31,667 ERROR agent.Watcher - FileWatcher caught serious error, see cause
java.lang.LinkageError: loader (instance of  org/springsource/loaded/ChildClassLoader): attempted  duplicate class definition for name: "co/edu/uniandes/gaa/ModuleController$_updateSuggested_closure16$$DRkpwvYy"
	at java.lang.ClassLoader.defineClass(ClassLoader.java:760)
	at java.lang.ClassLoader.defineClass(ClassLoader.java:642)
	at java.lang.Thread.run(Thread.java:745)
16-12-2019 12:08:31,668 ERROR agent.Watcher - FileWatcher caught serious error, see cause
java.lang.LinkageError: loader (instance of  org/springsource/loaded/ChildClassLoader): attempted  duplicate class definition for name: "co/edu/uniandes/gaa/ModuleController$_updateTrans_closure17$$DRkpwvYz"
	at java.lang.ClassLoader.defineClass(ClassLoader.java:760)
	at java.lang.ClassLoader.defineClass(ClassLoader.java:642)
	at java.lang.Thread.run(Thread.java:745)
16-12-2019 12:08:31,670 ERROR agent.Watcher - FileWatcher caught serious error, see cause
java.lang.LinkageError: loader (instance of  org/springsource/loaded/ChildClassLoader): attempted  duplicate class definition for name: "co/edu/uniandes/gaa/ModuleController$_updateTrans_closure18$$DRkpwvZ0"
	at java.lang.ClassLoader.defineClass(ClassLoader.java:760)
	at java.lang.ClassLoader.defineClass(ClassLoader.java:642)
	at java.lang.Thread.run(Thread.java:745)
16-12-2019 12:08:31,671 ERROR agent.Watcher - FileWatcher caught serious error, see cause
java.lang.LinkageError: loader (instance of  org/springsource/loaded/ChildClassLoader): attempted  duplicate class definition for name: "co/edu/uniandes/gaa/ModuleController$_updateTrans_closure19$$DRkpwvZ2"
	at java.lang.ClassLoader.defineClass(ClassLoader.java:760)
	at java.lang.ClassLoader.defineClass(ClassLoader.java:642)
	at java.lang.Thread.run(Thread.java:745)
16-12-2019 12:08:31,673 ERROR agent.Watcher - FileWatcher caught serious error, see cause
java.lang.LinkageError: loader (instance of  org/springsource/loaded/ChildClassLoader): attempted  duplicate class definition for name: "co/edu/uniandes/gaa/ModuleController$_updateTrans_closure20$$DRkpwvZ3"
	at java.lang.ClassLoader.defineClass(ClassLoader.java:760)
	at java.lang.ClassLoader.defineClass(ClassLoader.java:642)
	at java.lang.Thread.run(Thread.java:745)
16-12-2019 12:08:31,675 ERROR agent.Watcher - FileWatcher caught serious error, see cause
java.lang.LinkageError: loader (instance of  org/springsource/loaded/ChildClassLoader): attempted  duplicate class definition for name: "co/edu/uniandes/gaa/ModuleController$_updateTrans_closure21$$DRkpwvZ3"
	at java.lang.ClassLoader.defineClass(ClassLoader.java:760)
	at java.lang.ClassLoader.defineClass(ClassLoader.java:642)
	at java.lang.Thread.run(Thread.java:745)
16-12-2019 12:08:31,683 ERROR agent.Watcher - FileWatcher caught serious error, see cause
java.lang.LinkageError: loader (instance of  org/springsource/loaded/ChildClassLoader): attempted  duplicate class definition for name: "co/edu/uniandes/gaa/ModuleController$$DRkpwvYm"
	at java.lang.ClassLoader.defineClass(ClassLoader.java:760)
	at java.lang.ClassLoader.defineClass(ClassLoader.java:642)
	at java.lang.Thread.run(Thread.java:745)
16-12-2019 12:08:44,870  INFO compiler.GrailsProjectWatcher - File [C:\Users\awake\workspace\IP18GAA\grails-app\controllers\co\edu\uniandes\gaa\ModuleController.groovy] changed. Applying changes to application.
16-12-2019 12:08:44,870  INFO compiler.GrailsProjectWatcher - File [C:\Users\awake\workspace\IP18GAA\grails-app\controllers\co\edu\uniandes\gaa\ModuleController.groovy] changed. Applying changes to application.
16-12-2019 12:08:45,710  INFO compiler.GrailsProjectWatcher - File [C:\Users\awake\workspace\IP18GAA\grails-app\controllers\co\edu\uniandes\gaa\ModuleController.groovy] changed. Applying changes to application.
16-12-2019 12:08:45,855  INFO compiler.GrailsProjectWatcher - File [C:\Users\awake\workspace\IP18GAA\grails-app\controllers\co\edu\uniandes\gaa\ModuleController.groovy] changed. Applying changes to application.
16-12-2019 12:08:47,266  INFO ScaffoldingGrailsPlugin - Generating controller logic for scaffolding domain: co.edu.uniandes.gaa.Module
16-12-2019 12:10:14,921  INFO compiler.GrailsProjectWatcher - File [C:\Users\awake\workspace\IP18GAA\grails-app\controllers\co\edu\uniandes\gaa\ModuleController.groovy] changed. Applying changes to application.
16-12-2019 12:10:14,921  INFO compiler.GrailsProjectWatcher - File [C:\Users\awake\workspace\IP18GAA\grails-app\controllers\co\edu\uniandes\gaa\ModuleController.groovy] changed. Applying changes to application.
16-12-2019 12:10:15,572  INFO compiler.GrailsProjectWatcher - File [C:\Users\awake\workspace\IP18GAA\grails-app\controllers\co\edu\uniandes\gaa\ModuleController.groovy] changed. Applying changes to application.
16-12-2019 12:10:16,532  INFO compiler.GrailsProjectWatcher - File [C:\Users\awake\workspace\IP18GAA\grails-app\controllers\co\edu\uniandes\gaa\ModuleController.groovy] changed. Applying changes to application.
16-12-2019 12:10:16,752  INFO ScaffoldingGrailsPlugin - Generating controller logic for scaffolding domain: co.edu.uniandes.gaa.Module
16-12-2019 12:10:18,590 ERROR agent.Watcher - FileWatcher caught serious error, see cause
java.lang.LinkageError: loader (instance of  org/springsource/loaded/ChildClassLoader): attempted  duplicate class definition for name: "co/edu/uniandes/gaa/ModuleController$_saveMain_closure6$$DRkpxNek"
	at java.lang.ClassLoader.defineClass(ClassLoader.java:760)
	at java.lang.ClassLoader.defineClass(ClassLoader.java:642)
	at java.lang.Thread.run(Thread.java:745)
16-12-2019 12:10:18,590 ERROR agent.Watcher - FileWatcher caught serious error, see cause
java.lang.LinkageError: loader (instance of  org/springsource/loaded/ChildClassLoader): attempted  duplicate class definition for name: "co/edu/uniandes/gaa/ModuleController$_saveMain_closure7$$DRkpxNel"
	at java.lang.ClassLoader.defineClass(ClassLoader.java:760)
	at java.lang.ClassLoader.defineClass(ClassLoader.java:642)
	at java.lang.Thread.run(Thread.java:745)
16-12-2019 12:10:18,590 ERROR agent.Watcher - FileWatcher caught serious error, see cause
java.lang.LinkageError: loader (instance of  org/springsource/loaded/ChildClassLoader): attempted  duplicate class definition for name: "co/edu/uniandes/gaa/ModuleController$_saveMain_closure8$$DRkpxNem"
	at java.lang.ClassLoader.defineClass(ClassLoader.java:760)
	at java.lang.ClassLoader.defineClass(ClassLoader.java:642)
	at java.lang.Thread.run(Thread.java:745)
16-12-2019 12:10:18,590 ERROR agent.Watcher - FileWatcher caught serious error, see cause
java.lang.LinkageError: loader (instance of  org/springsource/loaded/ChildClassLoader): attempted  duplicate class definition for name: "co/edu/uniandes/gaa/ModuleController$_saveSuggested_closure4$$DRkpxNej"
	at java.lang.ClassLoader.defineClass(ClassLoader.java:760)
	at java.lang.ClassLoader.defineClass(ClassLoader.java:642)
	at java.lang.Thread.run(Thread.java:745)
16-12-2019 12:10:18,662 ERROR agent.Watcher - FileWatcher caught serious error, see cause
java.lang.LinkageError: loader (instance of  org/springsource/loaded/ChildClassLoader): attempted  duplicate class definition for name: "co/edu/uniandes/gaa/ModuleController$_saveTrans_closure5$$DRkpxNej"
	at java.lang.ClassLoader.defineClass(ClassLoader.java:760)
	at java.lang.ClassLoader.defineClass(ClassLoader.java:642)
	at java.lang.Thread.run(Thread.java:745)
16-12-2019 12:10:18,664 ERROR agent.Watcher - FileWatcher caught serious error, see cause
java.lang.LinkageError: loader (instance of  org/springsource/loaded/ChildClassLoader): attempted  duplicate class definition for name: "co/edu/uniandes/gaa/ModuleController$_updateModules_closure10$$DRkpxNen"
	at java.lang.ClassLoader.defineClass(ClassLoader.java:760)
	at java.lang.ClassLoader.defineClass(ClassLoader.java:642)
	at java.lang.Thread.run(Thread.java:745)
16-12-2019 12:10:18,666 ERROR agent.Watcher - FileWatcher caught serious error, see cause
java.lang.LinkageError: loader (instance of  org/springsource/loaded/ChildClassLoader): attempted  duplicate class definition for name: "co/edu/uniandes/gaa/ModuleController$_updateModules_closure10_closure22$$DRkpxNeo"
	at java.lang.ClassLoader.defineClass(ClassLoader.java:760)
	at java.lang.ClassLoader.defineClass(ClassLoader.java:642)
	at java.lang.Thread.run(Thread.java:745)
16-12-2019 12:10:18,668 ERROR agent.Watcher - FileWatcher caught serious error, see cause
java.lang.LinkageError: loader (instance of  org/springsource/loaded/ChildClassLoader): attempted  duplicate class definition for name: "co/edu/uniandes/gaa/ModuleController$_updateModules_closure11$$DRkpxNeo"
	at java.lang.ClassLoader.defineClass(ClassLoader.java:760)
	at java.lang.ClassLoader.defineClass(ClassLoader.java:642)
	at java.lang.Thread.run(Thread.java:745)
16-12-2019 12:10:18,669 ERROR agent.Watcher - FileWatcher caught serious error, see cause
java.lang.LinkageError: loader (instance of  org/springsource/loaded/ChildClassLoader): attempted  duplicate class definition for name: "co/edu/uniandes/gaa/ModuleController$_updateModules_closure9$$DRkpxNem"
	at java.lang.ClassLoader.defineClass(ClassLoader.java:760)
	at java.lang.ClassLoader.defineClass(ClassLoader.java:642)
	at java.lang.Thread.run(Thread.java:745)
16-12-2019 12:10:18,672 ERROR agent.Watcher - FileWatcher caught serious error, see cause
java.lang.LinkageError: loader (instance of  org/springsource/loaded/ChildClassLoader): attempted  duplicate class definition for name: "co/edu/uniandes/gaa/ModuleController$_updateSuggested_closure12$$DRkpxNep"
	at java.lang.ClassLoader.defineClass(ClassLoader.java:760)
	at java.lang.ClassLoader.defineClass(ClassLoader.java:642)
	at java.lang.Thread.run(Thread.java:745)
16-12-2019 12:10:18,672 ERROR agent.Watcher - FileWatcher caught serious error, see cause
java.lang.LinkageError: loader (instance of  org/springsource/loaded/ChildClassLoader): attempted  duplicate class definition for name: "co/edu/uniandes/gaa/ModuleController$_updateSuggested_closure13$$DRkpxNeq"
	at java.lang.ClassLoader.defineClass(ClassLoader.java:760)
	at java.lang.ClassLoader.defineClass(ClassLoader.java:642)
	at java.lang.Thread.run(Thread.java:745)
16-12-2019 12:10:18,692 ERROR agent.Watcher - FileWatcher caught serious error, see cause
java.lang.LinkageError: loader (instance of  org/springsource/loaded/ChildClassLoader): attempted  duplicate class definition for name: "co/edu/uniandes/gaa/ModuleController$_updateSuggested_closure14$$DRkpxNeq"
	at java.lang.ClassLoader.defineClass(ClassLoader.java:760)
	at java.lang.ClassLoader.defineClass(ClassLoader.java:642)
	at java.lang.Thread.run(Thread.java:745)
16-12-2019 12:10:18,692 ERROR agent.Watcher - FileWatcher caught serious error, see cause
java.lang.LinkageError: loader (instance of  org/springsource/loaded/ChildClassLoader): attempted  duplicate class definition for name: "co/edu/uniandes/gaa/ModuleController$_updateSuggested_closure15$$DRkpxNer"
	at java.lang.ClassLoader.defineClass(ClassLoader.java:760)
	at java.lang.ClassLoader.defineClass(ClassLoader.java:642)
	at java.lang.Thread.run(Thread.java:745)
16-12-2019 12:10:18,721 ERROR agent.Watcher - FileWatcher caught serious error, see cause
java.lang.LinkageError: loader (instance of  org/springsource/loaded/ChildClassLoader): attempted  duplicate class definition for name: "co/edu/uniandes/gaa/ModuleController$_updateSuggested_closure16$$DRkpxNes"
	at java.lang.ClassLoader.defineClass(ClassLoader.java:760)
	at java.lang.ClassLoader.defineClass(ClassLoader.java:642)
	at java.lang.Thread.run(Thread.java:745)
16-12-2019 12:10:18,722 ERROR agent.Watcher - FileWatcher caught serious error, see cause
java.lang.LinkageError: loader (instance of  org/springsource/loaded/ChildClassLoader): attempted  duplicate class definition for name: "co/edu/uniandes/gaa/ModuleController$_updateTrans_closure17$$DRkpxNes"
	at java.lang.ClassLoader.defineClass(ClassLoader.java:760)
	at java.lang.ClassLoader.defineClass(ClassLoader.java:642)
	at java.lang.Thread.run(Thread.java:745)
16-12-2019 12:10:18,724 ERROR agent.Watcher - FileWatcher caught serious error, see cause
java.lang.LinkageError: loader (instance of  org/springsource/loaded/ChildClassLoader): attempted  duplicate class definition for name: "co/edu/uniandes/gaa/ModuleController$_updateTrans_closure18$$DRkpxNet"
	at java.lang.ClassLoader.defineClass(ClassLoader.java:760)
	at java.lang.ClassLoader.defineClass(ClassLoader.java:642)
	at java.lang.Thread.run(Thread.java:745)
16-12-2019 12:10:18,728 ERROR agent.Watcher - FileWatcher caught serious error, see cause
java.lang.LinkageError: loader (instance of  org/springsource/loaded/ChildClassLoader): attempted  duplicate class definition for name: "co/edu/uniandes/gaa/ModuleController$_updateTrans_closure19$$DRkpxNeu"
	at java.lang.ClassLoader.defineClass(ClassLoader.java:760)
	at java.lang.ClassLoader.defineClass(ClassLoader.java:642)
	at java.lang.Thread.run(Thread.java:745)
16-12-2019 12:10:18,733 ERROR agent.Watcher - FileWatcher caught serious error, see cause
java.lang.LinkageError: loader (instance of  org/springsource/loaded/ChildClassLoader): attempted  duplicate class definition for name: "co/edu/uniandes/gaa/ModuleController$_updateTrans_closure20$$DRkpxNeu"
	at java.lang.ClassLoader.defineClass(ClassLoader.java:760)
	at java.lang.ClassLoader.defineClass(ClassLoader.java:642)
	at java.lang.Thread.run(Thread.java:745)
16-12-2019 12:10:18,734 ERROR agent.Watcher - FileWatcher caught serious error, see cause
java.lang.LinkageError: loader (instance of  org/springsource/loaded/ChildClassLoader): attempted  duplicate class definition for name: "co/edu/uniandes/gaa/ModuleController$_updateTrans_closure21$$DRkpxNev"
	at java.lang.ClassLoader.defineClass(ClassLoader.java:760)
	at java.lang.ClassLoader.defineClass(ClassLoader.java:642)
	at java.lang.Thread.run(Thread.java:745)
16-12-2019 12:10:18,741 ERROR agent.Watcher - FileWatcher caught serious error, see cause
java.lang.LinkageError: loader (instance of  org/springsource/loaded/ChildClassLoader): attempted  duplicate class definition for name: "co/edu/uniandes/gaa/ModuleController$$DRkpxNeg"
	at java.lang.ClassLoader.defineClass(ClassLoader.java:760)
	at java.lang.ClassLoader.defineClass(ClassLoader.java:642)
	at java.lang.Thread.run(Thread.java:745)
16-12-2019 12:11:27,779  INFO compiler.GrailsProjectWatcher - File [C:\Users\awake\workspace\IP18GAA\grails-app\controllers\co\edu\uniandes\gaa\ModuleController.groovy] changed. Applying changes to application.
16-12-2019 12:11:27,781  INFO compiler.GrailsProjectWatcher - File [C:\Users\awake\workspace\IP18GAA\grails-app\controllers\co\edu\uniandes\gaa\ModuleController.groovy] changed. Applying changes to application.
16-12-2019 12:11:28,406  INFO compiler.GrailsProjectWatcher - File [C:\Users\awake\workspace\IP18GAA\grails-app\controllers\co\edu\uniandes\gaa\ModuleController.groovy] changed. Applying changes to application.
16-12-2019 12:11:29,366  INFO compiler.GrailsProjectWatcher - File [C:\Users\awake\workspace\IP18GAA\grails-app\controllers\co\edu\uniandes\gaa\ModuleController.groovy] changed. Applying changes to application.
16-12-2019 12:11:29,553  INFO ScaffoldingGrailsPlugin - Generating controller logic for scaffolding domain: co.edu.uniandes.gaa.Module
16-12-2019 12:11:31,216 ERROR agent.Watcher - FileWatcher caught serious error, see cause
java.lang.LinkageError: loader (instance of  org/springsource/loaded/ChildClassLoader): attempted  duplicate class definition for name: "co/edu/uniandes/gaa/ModuleController$_saveTrans_closure5$$DRkpxgbu"
	at java.lang.ClassLoader.defineClass(ClassLoader.java:760)
	at java.lang.ClassLoader.defineClass(ClassLoader.java:642)
	at java.lang.Thread.run(Thread.java:745)
16-12-2019 12:11:31,218 ERROR agent.Watcher - FileWatcher caught serious error, see cause
java.lang.LinkageError: loader (instance of  org/springsource/loaded/ChildClassLoader): attempted  duplicate class definition for name: "co/edu/uniandes/gaa/ModuleController$_updateModules_closure10$$DRkpxgby"
	at java.lang.ClassLoader.defineClass(ClassLoader.java:760)
	at java.lang.ClassLoader.defineClass(ClassLoader.java:642)
	at java.lang.Thread.run(Thread.java:745)
16-12-2019 12:11:31,219 ERROR agent.Watcher - FileWatcher caught serious error, see cause
java.lang.LinkageError: loader (instance of  org/springsource/loaded/ChildClassLoader): attempted  duplicate class definition for name: "co/edu/uniandes/gaa/ModuleController$_updateModules_closure10_closure22$$DRkpxgby"
	at java.lang.ClassLoader.defineClass(ClassLoader.java:760)
	at java.lang.ClassLoader.defineClass(ClassLoader.java:642)
	at java.lang.Thread.run(Thread.java:745)
16-12-2019 12:11:31,222 ERROR agent.Watcher - FileWatcher caught serious error, see cause
java.lang.LinkageError: loader (instance of  org/springsource/loaded/ChildClassLoader): attempted  duplicate class definition for name: "co/edu/uniandes/gaa/ModuleController$_updateModules_closure11$$DRkpxgbz"
	at java.lang.ClassLoader.defineClass(ClassLoader.java:760)
	at java.lang.ClassLoader.defineClass(ClassLoader.java:642)
	at java.lang.Thread.run(Thread.java:745)
16-12-2019 12:11:31,223 ERROR agent.Watcher - FileWatcher caught serious error, see cause
java.lang.LinkageError: loader (instance of  org/springsource/loaded/ChildClassLoader): attempted  duplicate class definition for name: "co/edu/uniandes/gaa/ModuleController$_updateModules_closure9$$DRkpxgbx"
	at java.lang.ClassLoader.defineClass(ClassLoader.java:760)
	at java.lang.ClassLoader.defineClass(ClassLoader.java:642)
	at java.lang.Thread.run(Thread.java:745)
16-12-2019 12:11:31,226 ERROR agent.Watcher - FileWatcher caught serious error, see cause
java.lang.LinkageError: loader (instance of  org/springsource/loaded/ChildClassLoader): attempted  duplicate class definition for name: "co/edu/uniandes/gaa/ModuleController$_updateSuggested_closure12$$DRkpxgc0"
	at java.lang.ClassLoader.defineClass(ClassLoader.java:760)
	at java.lang.ClassLoader.defineClass(ClassLoader.java:642)
	at java.lang.Thread.run(Thread.java:745)
16-12-2019 12:11:31,227 ERROR agent.Watcher - FileWatcher caught serious error, see cause
java.lang.LinkageError: loader (instance of  org/springsource/loaded/ChildClassLoader): attempted  duplicate class definition for name: "co/edu/uniandes/gaa/ModuleController$_updateSuggested_closure13$$DRkpxgc0"
	at java.lang.ClassLoader.defineClass(ClassLoader.java:760)
	at java.lang.ClassLoader.defineClass(ClassLoader.java:642)
	at java.lang.Thread.run(Thread.java:745)
16-12-2019 12:11:31,229 ERROR agent.Watcher - FileWatcher caught serious error, see cause
java.lang.LinkageError: loader (instance of  org/springsource/loaded/ChildClassLoader): attempted  duplicate class definition for name: "co/edu/uniandes/gaa/ModuleController$_updateSuggested_closure14$$DRkpxgc1"
	at java.lang.ClassLoader.defineClass(ClassLoader.java:760)
	at java.lang.ClassLoader.defineClass(ClassLoader.java:642)
	at java.lang.Thread.run(Thread.java:745)
16-12-2019 12:11:31,231 ERROR agent.Watcher - FileWatcher caught serious error, see cause
java.lang.LinkageError: loader (instance of  org/springsource/loaded/ChildClassLoader): attempted  duplicate class definition for name: "co/edu/uniandes/gaa/ModuleController$_updateSuggested_closure15$$DRkpxgc2"
	at java.lang.ClassLoader.defineClass(ClassLoader.java:760)
	at java.lang.ClassLoader.defineClass(ClassLoader.java:642)
	at java.lang.Thread.run(Thread.java:745)
16-12-2019 12:11:31,238 ERROR agent.Watcher - FileWatcher caught serious error, see cause
java.lang.LinkageError: loader (instance of  org/springsource/loaded/ChildClassLoader): attempted  duplicate class definition for name: "co/edu/uniandes/gaa/ModuleController$_updateSuggested_closure16$$DRkpxgc3"
	at java.lang.ClassLoader.defineClass(ClassLoader.java:760)
	at java.lang.ClassLoader.defineClass(ClassLoader.java:642)
	at java.lang.Thread.run(Thread.java:745)
16-12-2019 12:11:31,239 ERROR agent.Watcher - FileWatcher caught serious error, see cause
java.lang.LinkageError: loader (instance of  org/springsource/loaded/ChildClassLoader): attempted  duplicate class definition for name: "co/edu/uniandes/gaa/ModuleController$_updateTrans_closure17$$DRkpxgc4"
	at java.lang.ClassLoader.defineClass(ClassLoader.java:760)
	at java.lang.ClassLoader.defineClass(ClassLoader.java:642)
	at java.lang.Thread.run(Thread.java:745)
16-12-2019 12:11:31,241 ERROR agent.Watcher - FileWatcher caught serious error, see cause
java.lang.LinkageError: loader (instance of  org/springsource/loaded/ChildClassLoader): attempted  duplicate class definition for name: "co/edu/uniandes/gaa/ModuleController$_updateTrans_closure18$$DRkpxgc5"
	at java.lang.ClassLoader.defineClass(ClassLoader.java:760)
	at java.lang.ClassLoader.defineClass(ClassLoader.java:642)
	at java.lang.Thread.run(Thread.java:745)
16-12-2019 12:11:31,242 ERROR agent.Watcher - FileWatcher caught serious error, see cause
java.lang.LinkageError: loader (instance of  org/springsource/loaded/ChildClassLoader): attempted  duplicate class definition for name: "co/edu/uniandes/gaa/ModuleController$_updateTrans_closure19$$DRkpxgc6"
	at java.lang.ClassLoader.defineClass(ClassLoader.java:760)
	at java.lang.ClassLoader.defineClass(ClassLoader.java:642)
	at java.lang.Thread.run(Thread.java:745)
16-12-2019 12:11:31,244 ERROR agent.Watcher - FileWatcher caught serious error, see cause
java.lang.LinkageError: loader (instance of  org/springsource/loaded/ChildClassLoader): attempted  duplicate class definition for name: "co/edu/uniandes/gaa/ModuleController$_updateTrans_closure20$$DRkpxgc7"
	at java.lang.ClassLoader.defineClass(ClassLoader.java:760)
	at java.lang.ClassLoader.defineClass(ClassLoader.java:642)
	at java.lang.Thread.run(Thread.java:745)
16-12-2019 12:11:31,245 ERROR agent.Watcher - FileWatcher caught serious error, see cause
java.lang.LinkageError: loader (instance of  org/springsource/loaded/ChildClassLoader): attempted  duplicate class definition for name: "co/edu/uniandes/gaa/ModuleController$_updateTrans_closure21$$DRkpxgc8"
	at java.lang.ClassLoader.defineClass(ClassLoader.java:760)
	at java.lang.ClassLoader.defineClass(ClassLoader.java:642)
	at java.lang.Thread.run(Thread.java:745)
16-12-2019 12:11:31,252 ERROR agent.Watcher - FileWatcher caught serious error, see cause
java.lang.LinkageError: loader (instance of  org/springsource/loaded/ChildClassLoader): attempted  duplicate class definition for name: "co/edu/uniandes/gaa/ModuleController$$DRkpxgbr"
	at java.lang.ClassLoader.defineClass(ClassLoader.java:760)
	at java.lang.ClassLoader.defineClass(ClassLoader.java:642)
	at java.lang.Thread.run(Thread.java:745)
16-12-2019 12:12:02,097  INFO compiler.GrailsProjectWatcher - File [C:\Users\awake\workspace\IP18GAA\grails-app\controllers\co\edu\uniandes\gaa\ModuleController.groovy] changed. Applying changes to application.
16-12-2019 12:12:02,097  INFO compiler.GrailsProjectWatcher - File [C:\Users\awake\workspace\IP18GAA\grails-app\controllers\co\edu\uniandes\gaa\ModuleController.groovy] changed. Applying changes to application.
16-12-2019 12:12:02,987  INFO compiler.GrailsProjectWatcher - File [C:\Users\awake\workspace\IP18GAA\grails-app\controllers\co\edu\uniandes\gaa\ModuleController.groovy] changed. Applying changes to application.
16-12-2019 12:12:04,359  INFO compiler.GrailsProjectWatcher - File [C:\Users\awake\workspace\IP18GAA\grails-app\controllers\co\edu\uniandes\gaa\ModuleController.groovy] changed. Applying changes to application.
16-12-2019 12:12:04,638  INFO ScaffoldingGrailsPlugin - Generating controller logic for scaffolding domain: co.edu.uniandes.gaa.Module
16-12-2019 12:12:06,324 ERROR agent.Watcher - FileWatcher caught serious error, see cause
java.lang.LinkageError: loader (instance of  org/springsource/loaded/ChildClassLoader): attempted  duplicate class definition for name: "co/edu/uniandes/gaa/ModuleController$_updateSuggested_closure12$$DRkpxpib"
	at java.lang.ClassLoader.defineClass(ClassLoader.java:760)
	at java.lang.ClassLoader.defineClass(ClassLoader.java:642)
	at java.lang.Thread.run(Thread.java:745)
16-12-2019 12:12:06,330 ERROR agent.Watcher - FileWatcher caught serious error, see cause
java.lang.LinkageError: loader (instance of  org/springsource/loaded/ChildClassLoader): attempted  duplicate class definition for name: "co/edu/uniandes/gaa/ModuleController$_updateSuggested_closure13$$DRkpxpib"
	at java.lang.ClassLoader.defineClass(ClassLoader.java:760)
	at java.lang.ClassLoader.defineClass(ClassLoader.java:642)
	at java.lang.Thread.run(Thread.java:745)
16-12-2019 12:12:06,334 ERROR agent.Watcher - FileWatcher caught serious error, see cause
java.lang.LinkageError: loader (instance of  org/springsource/loaded/ChildClassLoader): attempted  duplicate class definition for name: "co/edu/uniandes/gaa/ModuleController$_updateSuggested_closure14$$DRkpxpib"
	at java.lang.ClassLoader.defineClass(ClassLoader.java:760)
	at java.lang.ClassLoader.defineClass(ClassLoader.java:642)
	at java.lang.Thread.run(Thread.java:745)
16-12-2019 12:12:06,334 ERROR agent.Watcher - FileWatcher caught serious error, see cause
java.lang.LinkageError: loader (instance of  org/springsource/loaded/ChildClassLoader): attempted  duplicate class definition for name: "co/edu/uniandes/gaa/ModuleController$_updateSuggested_closure15$$DRkpxpic"
	at java.lang.ClassLoader.defineClass(ClassLoader.java:760)
	at java.lang.ClassLoader.defineClass(ClassLoader.java:642)
	at java.lang.Thread.run(Thread.java:745)
16-12-2019 12:12:06,334 ERROR agent.Watcher - FileWatcher caught serious error, see cause
java.lang.LinkageError: loader (instance of  org/springsource/loaded/ChildClassLoader): attempted  duplicate class definition for name: "co/edu/uniandes/gaa/ModuleController$_updateSuggested_closure16$$DRkpxpic"
	at java.lang.ClassLoader.defineClass(ClassLoader.java:760)
	at java.lang.ClassLoader.defineClass(ClassLoader.java:642)
	at java.lang.Thread.run(Thread.java:745)
16-12-2019 12:12:06,334 ERROR agent.Watcher - FileWatcher caught serious error, see cause
java.lang.LinkageError: loader (instance of  org/springsource/loaded/ChildClassLoader): attempted  duplicate class definition for name: "co/edu/uniandes/gaa/ModuleController$_updateTrans_closure17$$DRkpxpic"
	at java.lang.ClassLoader.defineClass(ClassLoader.java:760)
	at java.lang.ClassLoader.defineClass(ClassLoader.java:642)
	at java.lang.Thread.run(Thread.java:745)
16-12-2019 12:12:06,334 ERROR agent.Watcher - FileWatcher caught serious error, see cause
java.lang.LinkageError: loader (instance of  org/springsource/loaded/ChildClassLoader): attempted  duplicate class definition for name: "co/edu/uniandes/gaa/ModuleController$_updateTrans_closure18$$DRkpxpid"
	at java.lang.ClassLoader.defineClass(ClassLoader.java:760)
	at java.lang.ClassLoader.defineClass(ClassLoader.java:642)
	at java.lang.Thread.run(Thread.java:745)
16-12-2019 12:12:06,334 ERROR agent.Watcher - FileWatcher caught serious error, see cause
java.lang.LinkageError: loader (instance of  org/springsource/loaded/ChildClassLoader): attempted  duplicate class definition for name: "co/edu/uniandes/gaa/ModuleController$_updateTrans_closure19$$DRkpxpid"
	at java.lang.ClassLoader.defineClass(ClassLoader.java:760)
	at java.lang.ClassLoader.defineClass(ClassLoader.java:642)
	at java.lang.Thread.run(Thread.java:745)
16-12-2019 12:12:06,334 ERROR agent.Watcher - FileWatcher caught serious error, see cause
java.lang.LinkageError: loader (instance of  org/springsource/loaded/ChildClassLoader): attempted  duplicate class definition for name: "co/edu/uniandes/gaa/ModuleController$_updateTrans_closure20$$DRkpxpid"
	at java.lang.ClassLoader.defineClass(ClassLoader.java:760)
	at java.lang.ClassLoader.defineClass(ClassLoader.java:642)
	at java.lang.Thread.run(Thread.java:745)
16-12-2019 12:12:06,334 ERROR agent.Watcher - FileWatcher caught serious error, see cause
java.lang.LinkageError: loader (instance of  org/springsource/loaded/ChildClassLoader): attempted  duplicate class definition for name: "co/edu/uniandes/gaa/ModuleController$_updateTrans_closure21$$DRkpxpie"
	at java.lang.ClassLoader.defineClass(ClassLoader.java:760)
	at java.lang.ClassLoader.defineClass(ClassLoader.java:642)
	at java.lang.Thread.run(Thread.java:745)
16-12-2019 12:12:06,351 ERROR agent.Watcher - FileWatcher caught serious error, see cause
java.lang.LinkageError: loader (instance of  org/springsource/loaded/ChildClassLoader): attempted  duplicate class definition for name: "co/edu/uniandes/gaa/ModuleController$$DRkpxpiW"
	at java.lang.ClassLoader.defineClass(ClassLoader.java:760)
	at java.lang.ClassLoader.defineClass(ClassLoader.java:642)
	at java.lang.Thread.run(Thread.java:745)
16-12-2019 12:12:42,968  INFO compiler.GrailsProjectWatcher - File [C:\Users\awake\workspace\IP18GAA\grails-app\controllers\co\edu\uniandes\gaa\ModuleController.groovy] changed. Applying changes to application.
16-12-2019 12:12:42,969  INFO compiler.GrailsProjectWatcher - File [C:\Users\awake\workspace\IP18GAA\grails-app\controllers\co\edu\uniandes\gaa\ModuleController.groovy] changed. Applying changes to application.
16-12-2019 12:12:43,640  INFO compiler.GrailsProjectWatcher - File [C:\Users\awake\workspace\IP18GAA\grails-app\controllers\co\edu\uniandes\gaa\ModuleController.groovy] changed. Applying changes to application.
16-12-2019 12:12:44,099  INFO compiler.GrailsProjectWatcher - File [C:\Users\awake\workspace\IP18GAA\grails-app\controllers\co\edu\uniandes\gaa\ModuleController.groovy] changed. Applying changes to application.
16-12-2019 12:12:44,530  INFO ScaffoldingGrailsPlugin - Generating controller logic for scaffolding domain: co.edu.uniandes.gaa.Module
16-12-2019 12:13:01,160  INFO compiler.GrailsProjectWatcher - File [C:\Users\awake\workspace\IP18GAA\grails-app\controllers\co\edu\uniandes\gaa\ModuleController.groovy] changed. Applying changes to application.
16-12-2019 12:13:01,160  INFO compiler.GrailsProjectWatcher - File [C:\Users\awake\workspace\IP18GAA\grails-app\controllers\co\edu\uniandes\gaa\ModuleController.groovy] changed. Applying changes to application.
16-12-2019 12:13:02,123  INFO compiler.GrailsProjectWatcher - File [C:\Users\awake\workspace\IP18GAA\grails-app\controllers\co\edu\uniandes\gaa\ModuleController.groovy] changed. Applying changes to application.
16-12-2019 12:13:02,165  INFO compiler.GrailsProjectWatcher - File [C:\Users\awake\workspace\IP18GAA\grails-app\controllers\co\edu\uniandes\gaa\ModuleController.groovy] changed. Applying changes to application.
16-12-2019 12:13:02,458  INFO ScaffoldingGrailsPlugin - Generating controller logic for scaffolding domain: co.edu.uniandes.gaa.Module
16-12-2019 12:13:04,165 ERROR agent.Watcher - FileWatcher caught serious error, see cause
java.lang.LinkageError: loader (instance of  org/springsource/loaded/ChildClassLoader): attempted  duplicate class definition for name: "co/edu/uniandes/gaa/ModuleController$_updateSuggested_closure13$$DRkpy4kU"
	at java.lang.ClassLoader.defineClass(ClassLoader.java:760)
	at java.lang.ClassLoader.defineClass(ClassLoader.java:642)
	at java.lang.Thread.run(Thread.java:745)
16-12-2019 12:13:04,166 ERROR agent.Watcher - FileWatcher caught serious error, see cause
java.lang.LinkageError: loader (instance of  org/springsource/loaded/ChildClassLoader): attempted  duplicate class definition for name: "co/edu/uniandes/gaa/ModuleController$_updateSuggested_closure14$$DRkpy4kV"
	at java.lang.ClassLoader.defineClass(ClassLoader.java:760)
	at java.lang.ClassLoader.defineClass(ClassLoader.java:642)
	at java.lang.Thread.run(Thread.java:745)
16-12-2019 12:13:04,183 ERROR agent.Watcher - FileWatcher caught serious error, see cause
java.lang.LinkageError: loader (instance of  org/springsource/loaded/ChildClassLoader): attempted  duplicate class definition for name: "co/edu/uniandes/gaa/ModuleController$_updateSuggested_closure15$$DRkpy4kW"
	at java.lang.ClassLoader.defineClass(ClassLoader.java:760)
	at java.lang.ClassLoader.defineClass(ClassLoader.java:642)
	at java.lang.Thread.run(Thread.java:745)
16-12-2019 12:13:04,185 ERROR agent.Watcher - FileWatcher caught serious error, see cause
java.lang.LinkageError: loader (instance of  org/springsource/loaded/ChildClassLoader): attempted  duplicate class definition for name: "co/edu/uniandes/gaa/ModuleController$_updateSuggested_closure16$$DRkpy4kX"
	at java.lang.ClassLoader.defineClass(ClassLoader.java:760)
	at java.lang.ClassLoader.defineClass(ClassLoader.java:642)
	at java.lang.Thread.run(Thread.java:745)
16-12-2019 12:13:04,187 ERROR agent.Watcher - FileWatcher caught serious error, see cause
java.lang.LinkageError: loader (instance of  org/springsource/loaded/ChildClassLoader): attempted  duplicate class definition for name: "co/edu/uniandes/gaa/ModuleController$_updateTrans_closure17$$DRkpy4kX"
	at java.lang.ClassLoader.defineClass(ClassLoader.java:760)
	at java.lang.ClassLoader.defineClass(ClassLoader.java:642)
	at java.lang.Thread.run(Thread.java:745)
16-12-2019 12:13:04,188 ERROR agent.Watcher - FileWatcher caught serious error, see cause
java.lang.LinkageError: loader (instance of  org/springsource/loaded/ChildClassLoader): attempted  duplicate class definition for name: "co/edu/uniandes/gaa/ModuleController$_updateTrans_closure18$$DRkpy4kY"
	at java.lang.ClassLoader.defineClass(ClassLoader.java:760)
	at java.lang.ClassLoader.defineClass(ClassLoader.java:642)
	at java.lang.Thread.run(Thread.java:745)
16-12-2019 12:13:04,192 ERROR agent.Watcher - FileWatcher caught serious error, see cause
java.lang.LinkageError: loader (instance of  org/springsource/loaded/ChildClassLoader): attempted  duplicate class definition for name: "co/edu/uniandes/gaa/ModuleController$_updateTrans_closure19$$DRkpy4kZ"
	at java.lang.ClassLoader.defineClass(ClassLoader.java:760)
	at java.lang.ClassLoader.defineClass(ClassLoader.java:642)
	at java.lang.Thread.run(Thread.java:745)
16-12-2019 12:13:04,200 ERROR agent.Watcher - FileWatcher caught serious error, see cause
java.lang.LinkageError: loader (instance of  org/springsource/loaded/ChildClassLoader): attempted  duplicate class definition for name: "co/edu/uniandes/gaa/ModuleController$_updateTrans_closure20$$DRkpy4ka"
	at java.lang.ClassLoader.defineClass(ClassLoader.java:760)
	at java.lang.ClassLoader.defineClass(ClassLoader.java:642)
	at java.lang.Thread.run(Thread.java:745)
16-12-2019 12:13:04,202 ERROR agent.Watcher - FileWatcher caught serious error, see cause
java.lang.LinkageError: loader (instance of  org/springsource/loaded/ChildClassLoader): attempted  duplicate class definition for name: "co/edu/uniandes/gaa/ModuleController$_updateTrans_closure21$$DRkpy4kb"
	at java.lang.ClassLoader.defineClass(ClassLoader.java:760)
	at java.lang.ClassLoader.defineClass(ClassLoader.java:642)
	at java.lang.Thread.run(Thread.java:745)
16-12-2019 12:13:22,207  INFO compiler.GrailsProjectWatcher - File [C:\Users\awake\workspace\IP18GAA\grails-app\controllers\co\edu\uniandes\gaa\ModuleController.groovy] changed. Applying changes to application.
16-12-2019 12:13:22,207  INFO compiler.GrailsProjectWatcher - File [C:\Users\awake\workspace\IP18GAA\grails-app\controllers\co\edu\uniandes\gaa\ModuleController.groovy] changed. Applying changes to application.
16-12-2019 12:13:23,551  INFO compiler.GrailsProjectWatcher - File [C:\Users\awake\workspace\IP18GAA\grails-app\controllers\co\edu\uniandes\gaa\ModuleController.groovy] changed. Applying changes to application.
16-12-2019 12:13:23,596  INFO compiler.GrailsProjectWatcher - File [C:\Users\awake\workspace\IP18GAA\grails-app\controllers\co\edu\uniandes\gaa\ModuleController.groovy] changed. Applying changes to application.
16-12-2019 12:13:23,820  INFO ScaffoldingGrailsPlugin - Generating controller logic for scaffolding domain: co.edu.uniandes.gaa.Module
16-12-2019 12:24:14,656  INFO webxml.WebxmlGrailsPlugin - Loading default config file: class DefaultWebXmlConfig
16-12-2019 12:24:14,676  WARN webxml.WebxmlGrailsPlugin - Did not find application config file: WebXmlConfig
16-12-2019 12:24:15,308  INFO webxml.WebxmlGrailsPlugin - Loading default config file: class DefaultWebXmlConfig
16-12-2019 12:24:15,313  WARN webxml.WebxmlGrailsPlugin - Did not find application config file: WebXmlConfig
16-12-2019 12:24:27,576  INFO hibernate4.HibernatePluginSupport - Set db generation strategy to 'create-drop' for datasource DEFAULT
16-12-2019 12:24:28,881  INFO cache.CacheBeanPostProcessor - postProcessBeanDefinitionRegistry start
16-12-2019 12:24:28,884  INFO cache.CacheBeanPostProcessor - postProcessBeanFactory
16-12-2019 12:24:30,548  WARN config.ConfigurationFactory - No configuration found. Configuring ehcache from ehcache-failsafe.xml  found in the classpath: jar:file:/C:/Users/awake/.m2/repository/net/sf/ehcache/ehcache-core/2.4.8/ehcache-core-2.4.8.jar!/ehcache-failsafe.xml
16-12-2019 12:24:36,388  INFO scaffolding.AbstractGrailsTemplateGenerator - Scaffolding template generator set to use resource loader [org.codehaus.groovy.grails.commons.spring.GrailsWebApplicationContext@35d5ac51: startup date [Mon Dec 16 12:24:28 COT 2019]; parent: org.codehaus.groovy.grails.commons.spring.GrailsWebApplicationContext@7e8e8651]
16-12-2019 12:24:40,978  INFO databasemigration.MigrationRunner - updateOnStart disabled for dataSource; not running migrations
16-12-2019 12:24:41,013  INFO ScaffoldingGrailsPlugin - configuring scaffolding...
16-12-2019 12:24:41,039  INFO ScaffoldingGrailsPlugin - Generating controller logic for scaffolding domain: co.edu.uniandes.gaa.Activity
16-12-2019 12:24:42,075  INFO ScaffoldingGrailsPlugin - Generating controller logic for scaffolding domain: co.edu.uniandes.gaa.ActivityOutcome
16-12-2019 12:24:42,483  INFO ScaffoldingGrailsPlugin - Generating controller logic for scaffolding domain: co.edu.uniandes.gaa.AvailablePlatform
16-12-2019 12:24:42,969  INFO ScaffoldingGrailsPlugin - Generating controller logic for scaffolding domain: co.edu.uniandes.gaa.Category
16-12-2019 12:24:43,415  INFO ScaffoldingGrailsPlugin - Generating controller logic for scaffolding domain: co.edu.uniandes.gaa.Course
16-12-2019 12:24:43,923  INFO ScaffoldingGrailsPlugin - Generating controller logic for scaffolding domain: co.edu.uniandes.gaa.GAA
16-12-2019 12:24:44,315  INFO ScaffoldingGrailsPlugin - Generating controller logic for scaffolding domain: co.edu.uniandes.gaa.Module
16-12-2019 12:24:44,720  INFO ScaffoldingGrailsPlugin - Generating controller logic for scaffolding domain: co.edu.uniandes.gaa.ModuleOutcome
16-12-2019 12:24:45,092  INFO ScaffoldingGrailsPlugin - Generating controller logic for scaffolding domain: co.edu.uniandes.gaa.Outcome
16-12-2019 12:24:45,453  INFO ScaffoldingGrailsPlugin - Generating controller logic for scaffolding domain: co.edu.uniandes.gaa.VerifiableActivity
16-12-2019 12:24:45,804  INFO ScaffoldingGrailsPlugin - Generating controller logic for scaffolding domain: co.edu.uniandes.login.Role
16-12-2019 12:24:46,121  INFO ScaffoldingGrailsPlugin - Generating controller logic for scaffolding domain: co.edu.uniandes.login.User
16-12-2019 12:24:47,706  INFO ScaffoldingGrailsPlugin - Generating controller logic for scaffolding domain: co.edu.uniandes.login.UserRole
16-12-2019 12:24:48,070  INFO ScaffoldingGrailsPlugin - Generating controller logic for scaffolding domain: co.edu.uniandes.platform.BlackboardPlatform
16-12-2019 12:24:48,418  INFO ScaffoldingGrailsPlugin - Generating controller logic for scaffolding domain: co.edu.uniandes.platform.PlatformCreator
16-12-2019 12:24:48,768  INFO ScaffoldingGrailsPlugin - Generating controller logic for scaffolding domain: co.edu.uniandes.rubric.Rubric
16-12-2019 12:24:49,135  INFO ScaffoldingGrailsPlugin - Generating controller logic for scaffolding domain: co.edu.uniandes.rubric.RubricCriterionLevelAnswer
16-12-2019 12:24:49,480  INFO ScaffoldingGrailsPlugin - Generating controller logic for scaffolding domain: co.edu.uniandes.rubric.RubricCriterionLevel
16-12-2019 12:24:49,929  INFO ScaffoldingGrailsPlugin - Generating controller logic for scaffolding domain: co.edu.uniandes.rubric.RubricLevelFeedback
16-12-2019 12:24:50,279  INFO ScaffoldingGrailsPlugin - Generating controller logic for scaffolding domain: co.edu.uniandes.rubric.RubricOutcome
16-12-2019 12:24:50,571  INFO ScaffoldingGrailsPlugin - Generating controller logic for scaffolding domain: co.edu.uniandes.rubric.RubricOutcomeCriterion
16-12-2019 12:24:50,937  INFO ScaffoldingGrailsPlugin - Generating controller logic for scaffolding domain: co.edu.uniandes.rubric.RubricPlatformActivity
16-12-2019 12:24:51,287  INFO ScaffoldingGrailsPlugin - Generating controller logic for scaffolding domain: co.edu.uniandes.rubric.StudentRubricAnswer
16-12-2019 12:24:51,594  INFO ScaffoldingGrailsPlugin - done configuring scaffolding.
16-12-2019 12:24:51,706  WARN util.prefs - Could not open/create prefs root node Software\JavaSoft\Prefs at root 0x80000002. Windows RegCreateKeyEx(...) returned error code 5.
16-12-2019 12:43:58,586 ERROR errors.GrailsExceptionResolver - NullPointerException occurred when processing request: [GET] /IP18GAA/
Cannot get property 'name' on null object. Stacktrace follows:
java.lang.NullPointerException: Cannot get property 'name' on null object
	at co.edu.uniandes.gaa.CourseController.showList(CourseController.groovy:173)
	at grails.plugin.cache.web.filter.PageFragmentCachingFilter.doFilter(PageFragmentCachingFilter.java:198)
	at grails.plugin.cache.web.filter.AbstractFilter.doFilter(AbstractFilter.java:63)
	at grails.plugin.springsecurity.web.filter.GrailsAnonymousAuthenticationFilter.doFilter(GrailsAnonymousAuthenticationFilter.java:53)
	at grails.plugin.springsecurity.web.authentication.RequestHolderAuthenticationFilter.doFilter(RequestHolderAuthenticationFilter.java:49)
	at grails.plugin.springsecurity.web.authentication.logout.MutableLogoutFilter.doFilter(MutableLogoutFilter.java:82)
	at java.util.concurrent.ThreadPoolExecutor.runWorker(ThreadPoolExecutor.java:1142)
	at java.util.concurrent.ThreadPoolExecutor$Worker.run(ThreadPoolExecutor.java:617)
	at java.lang.Thread.run(Thread.java:745)
16-12-2019 12:44:00,898 ERROR errors.GrailsExceptionResolver - NullPointerException occurred when processing request: [GET] /IP18GAA/
Cannot get property 'name' on null object. Stacktrace follows:
java.lang.NullPointerException: Cannot get property 'name' on null object
	at co.edu.uniandes.gaa.CourseController.showList(CourseController.groovy:173)
	at grails.plugin.cache.web.filter.PageFragmentCachingFilter.doFilter(PageFragmentCachingFilter.java:198)
	at grails.plugin.cache.web.filter.AbstractFilter.doFilter(AbstractFilter.java:63)
	at grails.plugin.springsecurity.web.filter.GrailsAnonymousAuthenticationFilter.doFilter(GrailsAnonymousAuthenticationFilter.java:53)
	at grails.plugin.springsecurity.web.authentication.RequestHolderAuthenticationFilter.doFilter(RequestHolderAuthenticationFilter.java:49)
	at grails.plugin.springsecurity.web.authentication.logout.MutableLogoutFilter.doFilter(MutableLogoutFilter.java:82)
	at java.util.concurrent.ThreadPoolExecutor.runWorker(ThreadPoolExecutor.java:1142)
	at java.util.concurrent.ThreadPoolExecutor$Worker.run(ThreadPoolExecutor.java:617)
	at java.lang.Thread.run(Thread.java:745)
16-12-2019 12:44:33,997  INFO webxml.WebxmlGrailsPlugin - Loading default config file: class DefaultWebXmlConfig
16-12-2019 12:44:34,028  WARN webxml.WebxmlGrailsPlugin - Did not find application config file: WebXmlConfig
16-12-2019 12:44:35,292  INFO webxml.WebxmlGrailsPlugin - Loading default config file: class DefaultWebXmlConfig
16-12-2019 12:44:35,301  WARN webxml.WebxmlGrailsPlugin - Did not find application config file: WebXmlConfig
16-12-2019 12:44:41,244  INFO [localhost].[/IP18GAA] - Initializing Spring root WebApplicationContext
16-12-2019 12:44:46,479  INFO hibernate4.HibernatePluginSupport - Set db generation strategy to 'create-drop' for datasource DEFAULT
16-12-2019 12:44:48,049  INFO cache.CacheBeanPostProcessor - postProcessBeanDefinitionRegistry start
16-12-2019 12:44:48,051  INFO cache.CacheBeanPostProcessor - postProcessBeanFactory
16-12-2019 12:44:50,077  WARN config.ConfigurationFactory - No configuration found. Configuring ehcache from ehcache-failsafe.xml  found in the classpath: jar:file:/C:/Users/awake/.m2/repository/net/sf/ehcache/ehcache-core/2.4.8/ehcache-core-2.4.8.jar!/ehcache-failsafe.xml
16-12-2019 12:44:56,776  INFO scaffolding.AbstractGrailsTemplateGenerator - Scaffolding template generator set to use resource loader [org.codehaus.groovy.grails.commons.spring.GrailsWebApplicationContext@74cd8ff3: startup date [Mon Dec 16 12:44:47 COT 2019]; parent: Root WebApplicationContext]
16-12-2019 12:45:01,042  INFO databasemigration.MigrationRunner - updateOnStart disabled for dataSource; not running migrations
16-12-2019 12:45:01,077  INFO ScaffoldingGrailsPlugin - configuring scaffolding...
16-12-2019 12:45:01,102  INFO ScaffoldingGrailsPlugin - Generating controller logic for scaffolding domain: co.edu.uniandes.gaa.Activity
16-12-2019 12:45:05,204  INFO ScaffoldingGrailsPlugin - Generating controller logic for scaffolding domain: co.edu.uniandes.gaa.ActivityOutcome
16-12-2019 12:45:05,667  INFO ScaffoldingGrailsPlugin - Generating controller logic for scaffolding domain: co.edu.uniandes.gaa.AvailablePlatform
16-12-2019 12:45:07,036  INFO ScaffoldingGrailsPlugin - Generating controller logic for scaffolding domain: co.edu.uniandes.gaa.Category
16-12-2019 12:45:07,537  INFO ScaffoldingGrailsPlugin - Generating controller logic for scaffolding domain: co.edu.uniandes.gaa.Course
16-12-2019 12:45:08,079  INFO ScaffoldingGrailsPlugin - Generating controller logic for scaffolding domain: co.edu.uniandes.gaa.GAA
16-12-2019 12:45:08,471  INFO ScaffoldingGrailsPlugin - Generating controller logic for scaffolding domain: co.edu.uniandes.gaa.Module
16-12-2019 12:45:08,880  INFO ScaffoldingGrailsPlugin - Generating controller logic for scaffolding domain: co.edu.uniandes.gaa.ModuleOutcome
16-12-2019 12:45:09,353  INFO ScaffoldingGrailsPlugin - Generating controller logic for scaffolding domain: co.edu.uniandes.gaa.Outcome
16-12-2019 12:45:09,823  INFO ScaffoldingGrailsPlugin - Generating controller logic for scaffolding domain: co.edu.uniandes.gaa.VerifiableActivity
16-12-2019 12:45:10,182  INFO ScaffoldingGrailsPlugin - Generating controller logic for scaffolding domain: co.edu.uniandes.login.Role
16-12-2019 12:45:10,551  INFO ScaffoldingGrailsPlugin - Generating controller logic for scaffolding domain: co.edu.uniandes.login.User
16-12-2019 12:45:10,909  INFO ScaffoldingGrailsPlugin - Generating controller logic for scaffolding domain: co.edu.uniandes.login.UserRole
16-12-2019 12:45:11,291  INFO ScaffoldingGrailsPlugin - Generating controller logic for scaffolding domain: co.edu.uniandes.platform.BlackboardPlatform
16-12-2019 12:45:11,655  INFO ScaffoldingGrailsPlugin - Generating controller logic for scaffolding domain: co.edu.uniandes.platform.PlatformCreator
16-12-2019 12:45:12,024  INFO ScaffoldingGrailsPlugin - Generating controller logic for scaffolding domain: co.edu.uniandes.rubric.Rubric
16-12-2019 12:45:12,398  INFO ScaffoldingGrailsPlugin - Generating controller logic for scaffolding domain: co.edu.uniandes.rubric.RubricCriterionLevelAnswer
16-12-2019 12:45:12,794  INFO ScaffoldingGrailsPlugin - Generating controller logic for scaffolding domain: co.edu.uniandes.rubric.RubricCriterionLevel
16-12-2019 12:45:13,184  INFO ScaffoldingGrailsPlugin - Generating controller logic for scaffolding domain: co.edu.uniandes.rubric.RubricLevelFeedback
16-12-2019 12:45:13,552  INFO ScaffoldingGrailsPlugin - Generating controller logic for scaffolding domain: co.edu.uniandes.rubric.RubricOutcome
16-12-2019 12:45:13,918  INFO ScaffoldingGrailsPlugin - Generating controller logic for scaffolding domain: co.edu.uniandes.rubric.RubricOutcomeCriterion
16-12-2019 12:45:14,275  INFO ScaffoldingGrailsPlugin - Generating controller logic for scaffolding domain: co.edu.uniandes.rubric.RubricPlatformActivity
16-12-2019 12:45:14,627  INFO ScaffoldingGrailsPlugin - Generating controller logic for scaffolding domain: co.edu.uniandes.rubric.StudentRubricAnswer
16-12-2019 12:45:15,021  INFO ScaffoldingGrailsPlugin - done configuring scaffolding.
16-12-2019 12:45:15,119  INFO context.GrailsConfigUtils - [GrailsContextLoader] Grails application loaded.
16-12-2019 12:45:15,551  INFO conf.BootStrap - Creado el rol: ROLE_ADMIN
16-12-2019 12:45:15,560  INFO conf.BootStrap - Creado el rol: ROLE_STUDENT
16-12-2019 12:45:15,578  INFO conf.BootStrap - Creado el rol: ROLE_PROFESSOR
16-12-2019 12:45:15,911  INFO conf.BootStrap - Creado el usuario: cr.calle
16-12-2019 12:45:16,037  INFO conf.BootStrap - Creado el usuario: se-busto
16-12-2019 12:45:16,162  INFO conf.BootStrap - Creado el usuario: danielsantamariarod
16-12-2019 12:45:16,286  INFO conf.BootStrap - Creado el usuario: gcortes
16-12-2019 12:45:16,397  INFO conf.BootStrap - Creado el usuario: wa.rodriguezm
16-12-2019 12:45:16,493  INFO conf.BootStrap - Creado el usuario: js.preciado
16-12-2019 12:45:16,592  INFO conf.BootStrap - Creado el usuario: mf.higuera
16-12-2019 12:45:16,699  INFO conf.BootStrap - Creado el usuario: ana-vela
16-12-2019 12:45:16,864  INFO [localhost].[/IP18GAA] - Initializing Spring FrameworkServlet 'grails'
16-12-2019 12:45:17,021  INFO http11.Http11Protocol - Starting ProtocolHandler ["http-bio-8080"]
16-12-2019 12:45:26,393  INFO [localhost].[/IP18GAA] - Initializing Spring FrameworkServlet 'gsp'
16-12-2019 12:45:26,393  INFO [localhost].[/IP18GAA] - GSP servlet initialized
16-12-2019 12:45:39,943  INFO [localhost].[/IP18GAA] - GroovyPagesServlet:  "/WEB-INF/grails-app/views/course/select.gsp" not found
16-12-2019 12:48:21,590 ERROR errors.GrailsExceptionResolver - NullPointerException occurred when processing request: [GET] /IP18GAA/course/showDashboard
Cannot get property 'value' on null object. Stacktrace follows:
java.lang.NullPointerException: Cannot get property 'value' on null object
	at co.edu.uniandes.gaa.CourseController.buildData(CourseController.groovy:504)
	at co.edu.uniandes.gaa.CourseController.showDashboard(CourseController.groovy:228)
	at grails.plugin.cache.web.filter.PageFragmentCachingFilter.doFilter(PageFragmentCachingFilter.java:198)
	at grails.plugin.cache.web.filter.AbstractFilter.doFilter(AbstractFilter.java:63)
	at grails.plugin.springsecurity.web.filter.GrailsAnonymousAuthenticationFilter.doFilter(GrailsAnonymousAuthenticationFilter.java:53)
	at grails.plugin.springsecurity.web.authentication.RequestHolderAuthenticationFilter.doFilter(RequestHolderAuthenticationFilter.java:49)
	at grails.plugin.springsecurity.web.authentication.logout.MutableLogoutFilter.doFilter(MutableLogoutFilter.java:82)
	at java.util.concurrent.ThreadPoolExecutor.runWorker(ThreadPoolExecutor.java:1142)
	at java.util.concurrent.ThreadPoolExecutor$Worker.run(ThreadPoolExecutor.java:617)
	at java.lang.Thread.run(Thread.java:745)
16-12-2019 12:50:15,937 ERROR errors.GrailsExceptionResolver - NullPointerException occurred when processing request: [GET] /IP18GAA/course/showDashboard
Cannot get property 'value' on null object. Stacktrace follows:
java.lang.NullPointerException: Cannot get property 'value' on null object
	at co.edu.uniandes.gaa.CourseController.buildData(CourseController.groovy:504)
	at co.edu.uniandes.gaa.CourseController.showDashboard(CourseController.groovy:228)
	at grails.plugin.cache.web.filter.PageFragmentCachingFilter.doFilter(PageFragmentCachingFilter.java:198)
	at grails.plugin.cache.web.filter.AbstractFilter.doFilter(AbstractFilter.java:63)
	at grails.plugin.springsecurity.web.filter.GrailsAnonymousAuthenticationFilter.doFilter(GrailsAnonymousAuthenticationFilter.java:53)
	at grails.plugin.springsecurity.web.authentication.RequestHolderAuthenticationFilter.doFilter(RequestHolderAuthenticationFilter.java:49)
	at grails.plugin.springsecurity.web.authentication.logout.MutableLogoutFilter.doFilter(MutableLogoutFilter.java:82)
	at java.util.concurrent.ThreadPoolExecutor.runWorker(ThreadPoolExecutor.java:1142)
	at java.util.concurrent.ThreadPoolExecutor$Worker.run(ThreadPoolExecutor.java:617)
	at java.lang.Thread.run(Thread.java:745)
16-12-2019 12:51:30,909 ERROR errors.GrailsExceptionResolver - NullPointerException occurred when processing request: [GET] /IP18GAA/course/showDashboard
Cannot get property 'value' on null object. Stacktrace follows:
java.lang.NullPointerException: Cannot get property 'value' on null object
	at co.edu.uniandes.gaa.CourseController.buildData(CourseController.groovy:504)
	at co.edu.uniandes.gaa.CourseController.showDashboard(CourseController.groovy:228)
	at grails.plugin.cache.web.filter.PageFragmentCachingFilter.doFilter(PageFragmentCachingFilter.java:198)
	at grails.plugin.cache.web.filter.AbstractFilter.doFilter(AbstractFilter.java:63)
	at grails.plugin.springsecurity.web.filter.GrailsAnonymousAuthenticationFilter.doFilter(GrailsAnonymousAuthenticationFilter.java:53)
	at grails.plugin.springsecurity.web.authentication.RequestHolderAuthenticationFilter.doFilter(RequestHolderAuthenticationFilter.java:49)
	at grails.plugin.springsecurity.web.authentication.logout.MutableLogoutFilter.doFilter(MutableLogoutFilter.java:82)
	at java.util.concurrent.ThreadPoolExecutor.runWorker(ThreadPoolExecutor.java:1142)
	at java.util.concurrent.ThreadPoolExecutor$Worker.run(ThreadPoolExecutor.java:617)
	at java.lang.Thread.run(Thread.java:745)
16-12-2019 12:52:08,079 ERROR errors.GrailsExceptionResolver - NullPointerException occurred when processing request: [GET] /IP18GAA/course/showDashboard
Cannot get property 'value' on null object. Stacktrace follows:
java.lang.NullPointerException: Cannot get property 'value' on null object
	at co.edu.uniandes.gaa.CourseController.buildData(CourseController.groovy:504)
	at co.edu.uniandes.gaa.CourseController.showDashboard(CourseController.groovy:228)
	at grails.plugin.cache.web.filter.PageFragmentCachingFilter.doFilter(PageFragmentCachingFilter.java:198)
	at grails.plugin.cache.web.filter.AbstractFilter.doFilter(AbstractFilter.java:63)
	at grails.plugin.springsecurity.web.filter.GrailsAnonymousAuthenticationFilter.doFilter(GrailsAnonymousAuthenticationFilter.java:53)
	at grails.plugin.springsecurity.web.authentication.RequestHolderAuthenticationFilter.doFilter(RequestHolderAuthenticationFilter.java:49)
	at grails.plugin.springsecurity.web.authentication.logout.MutableLogoutFilter.doFilter(MutableLogoutFilter.java:82)
	at java.util.concurrent.ThreadPoolExecutor.runWorker(ThreadPoolExecutor.java:1142)
	at java.util.concurrent.ThreadPoolExecutor$Worker.run(ThreadPoolExecutor.java:617)
	at java.lang.Thread.run(Thread.java:745)
16-12-2019 12:52:22,985 ERROR errors.GrailsExceptionResolver - NullPointerException occurred when processing request: [GET] /IP18GAA/course/showDashboard
Cannot get property 'value' on null object. Stacktrace follows:
java.lang.NullPointerException: Cannot get property 'value' on null object
	at co.edu.uniandes.gaa.CourseController.buildData(CourseController.groovy:504)
	at co.edu.uniandes.gaa.CourseController.showDashboard(CourseController.groovy:228)
	at grails.plugin.cache.web.filter.PageFragmentCachingFilter.doFilter(PageFragmentCachingFilter.java:198)
	at grails.plugin.cache.web.filter.AbstractFilter.doFilter(AbstractFilter.java:63)
	at grails.plugin.springsecurity.web.filter.GrailsAnonymousAuthenticationFilter.doFilter(GrailsAnonymousAuthenticationFilter.java:53)
	at grails.plugin.springsecurity.web.authentication.RequestHolderAuthenticationFilter.doFilter(RequestHolderAuthenticationFilter.java:49)
	at grails.plugin.springsecurity.web.authentication.logout.MutableLogoutFilter.doFilter(MutableLogoutFilter.java:82)
	at java.util.concurrent.ThreadPoolExecutor.runWorker(ThreadPoolExecutor.java:1142)
	at java.util.concurrent.ThreadPoolExecutor$Worker.run(ThreadPoolExecutor.java:617)
	at java.lang.Thread.run(Thread.java:745)
16-12-2019 13:14:40,743  INFO compiler.GrailsProjectWatcher - File [C:\Users\awake\workspace\IP18GAA\grails-app\controllers\co\edu\uniandes\rubric\RubricController.groovy] changed. Applying changes to application.
16-12-2019 13:14:40,763  INFO compiler.GrailsProjectWatcher - File [C:\Users\awake\workspace\IP18GAA\grails-app\controllers\co\edu\uniandes\rubric\RubricController.groovy] changed. Applying changes to application.
16-12-2019 13:14:40,832  INFO compiler.GrailsProjectWatcher - File [C:\Users\awake\workspace\IP18GAA\grails-app\controllers\co\edu\uniandes\rubric\RubricController.groovy] changed. Applying changes to application.
16-12-2019 13:14:42,972  INFO compiler.GrailsProjectWatcher - File [C:\Users\awake\workspace\IP18GAA\grails-app\controllers\co\edu\uniandes\rubric\RubricController.groovy] changed. Applying changes to application.
16-12-2019 13:14:44,110  INFO compiler.GrailsProjectWatcher - File [C:\Users\awake\workspace\IP18GAA\grails-app\controllers\co\edu\uniandes\rubric\RubricController.groovy] changed. Applying changes to application.
16-12-2019 13:14:46,442  INFO ScaffoldingGrailsPlugin - Generating controller logic for scaffolding domain: co.edu.uniandes.rubric.Rubric
16-12-2019 13:14:48,023  INFO ScaffoldingGrailsPlugin - Generating controller logic for scaffolding domain: co.edu.uniandes.rubric.Rubric
16-12-2019 13:14:51,292  INFO compiler.GrailsProjectWatcher - File [C:\Users\awake\workspace\IP18GAA\grails-app\controllers\co\edu\uniandes\rubric\RubricController.groovy] changed. Applying changes to application.
16-12-2019 13:14:52,367  INFO ScaffoldingGrailsPlugin - Generating controller logic for scaffolding domain: co.edu.uniandes.rubric.Rubric
16-12-2019 13:14:52,549  INFO ScaffoldingGrailsPlugin - Generating controller logic for scaffolding domain: co.edu.uniandes.rubric.Rubric
16-12-2019 13:15:47,784  INFO compiler.GrailsProjectWatcher - File [C:\Users\awake\workspace\IP18GAA\grails-app\controllers\co\edu\uniandes\rubric\RubricController.groovy] changed. Applying changes to application.
16-12-2019 13:15:47,785  INFO compiler.GrailsProjectWatcher - File [C:\Users\awake\workspace\IP18GAA\grails-app\controllers\co\edu\uniandes\rubric\RubricController.groovy] changed. Applying changes to application.
16-12-2019 13:15:47,786  INFO compiler.GrailsProjectWatcher - File [C:\Users\awake\workspace\IP18GAA\grails-app\controllers\co\edu\uniandes\rubric\RubricController.groovy] changed. Applying changes to application.
16-12-2019 13:15:48,974  INFO compiler.GrailsProjectWatcher - File [C:\Users\awake\workspace\IP18GAA\grails-app\controllers\co\edu\uniandes\rubric\RubricController.groovy] changed. Applying changes to application.
16-12-2019 13:15:49,246  INFO compiler.GrailsProjectWatcher - File [C:\Users\awake\workspace\IP18GAA\grails-app\controllers\co\edu\uniandes\rubric\RubricController.groovy] changed. Applying changes to application.
16-12-2019 13:15:49,437  INFO compiler.GrailsProjectWatcher - File [C:\Users\awake\workspace\IP18GAA\grails-app\controllers\co\edu\uniandes\rubric\RubricController.groovy] changed. Applying changes to application.
16-12-2019 13:15:50,072  INFO ScaffoldingGrailsPlugin - Generating controller logic for scaffolding domain: co.edu.uniandes.rubric.Rubric
16-12-2019 13:15:50,359  INFO ScaffoldingGrailsPlugin - Generating controller logic for scaffolding domain: co.edu.uniandes.rubric.Rubric
16-12-2019 13:15:50,790 ERROR errors.GrailsExceptionResolver - NullPointerException occurred when processing request: [GET] /IP18GAA/rubric/defineRubric/2
Cannot get property 'rubricOutcomes' on null object. Stacktrace follows:
org.codehaus.groovy.grails.web.pages.exceptions.GroovyPagesException: Error processing GroovyPageView: Cannot get property 'rubricOutcomes' on null object
	at grails.plugin.cache.web.filter.PageFragmentCachingFilter.doFilter(PageFragmentCachingFilter.java:198)
	at grails.plugin.cache.web.filter.AbstractFilter.doFilter(AbstractFilter.java:63)
	at grails.plugin.springsecurity.web.filter.GrailsAnonymousAuthenticationFilter.doFilter(GrailsAnonymousAuthenticationFilter.java:53)
	at grails.plugin.springsecurity.web.authentication.RequestHolderAuthenticationFilter.doFilter(RequestHolderAuthenticationFilter.java:49)
	at grails.plugin.springsecurity.web.authentication.logout.MutableLogoutFilter.doFilter(MutableLogoutFilter.java:82)
	at java.util.concurrent.ThreadPoolExecutor.runWorker(ThreadPoolExecutor.java:1142)
	at java.util.concurrent.ThreadPoolExecutor$Worker.run(ThreadPoolExecutor.java:617)
	at java.lang.Thread.run(Thread.java:745)
Caused by: java.lang.NullPointerException: Cannot get property 'rubricOutcomes' on null object
	at C__Users_awake_workspace_IP18GAA_grails_app_views_rubric_defineRubric_gsp$_run_closure2.doCall(C__Users_awake_workspace_IP18GAA_grails_app_views_rubric_defineRubric_gsp:35)
	at C__Users_awake_workspace_IP18GAA_grails_app_views_rubric_defineRubric_gsp.run(C__Users_awake_workspace_IP18GAA_grails_app_views_rubric_defineRubric_gsp:64)
	... 8 more
16-12-2019 13:15:52,518  INFO [localhost].[/IP18GAA] - Initializing Spring FrameworkServlet 'grails-errorhandler'
16-12-2019 13:15:53,085 ERROR errors.GrailsExceptionResolver - NullPointerException occurred when processing request: [GET] /IP18GAA/rubric/defineRubric/favicon.ico
Cannot get property 'rubricOutcomes' on null object. Stacktrace follows:
org.codehaus.groovy.grails.web.pages.exceptions.GroovyPagesException: Error processing GroovyPageView: Cannot get property 'rubricOutcomes' on null object
	at grails.plugin.cache.web.filter.PageFragmentCachingFilter.doFilter(PageFragmentCachingFilter.java:198)
	at grails.plugin.cache.web.filter.AbstractFilter.doFilter(AbstractFilter.java:63)
	at grails.plugin.springsecurity.web.filter.GrailsAnonymousAuthenticationFilter.doFilter(GrailsAnonymousAuthenticationFilter.java:53)
	at grails.plugin.springsecurity.web.authentication.RequestHolderAuthenticationFilter.doFilter(RequestHolderAuthenticationFilter.java:49)
	at grails.plugin.springsecurity.web.authentication.logout.MutableLogoutFilter.doFilter(MutableLogoutFilter.java:82)
	at java.util.concurrent.ThreadPoolExecutor.runWorker(ThreadPoolExecutor.java:1142)
	at java.util.concurrent.ThreadPoolExecutor$Worker.run(ThreadPoolExecutor.java:617)
	at java.lang.Thread.run(Thread.java:745)
Caused by: java.lang.NullPointerException: Cannot get property 'rubricOutcomes' on null object
	at C__Users_awake_workspace_IP18GAA_grails_app_views_rubric_defineRubric_gsp$_run_closure2.doCall(C__Users_awake_workspace_IP18GAA_grails_app_views_rubric_defineRubric_gsp:35)
	at C__Users_awake_workspace_IP18GAA_grails_app_views_rubric_defineRubric_gsp.run(C__Users_awake_workspace_IP18GAA_grails_app_views_rubric_defineRubric_gsp:64)
	... 8 more
16-12-2019 13:16:08,123  INFO compiler.GrailsProjectWatcher - File [C:\Users\awake\workspace\IP18GAA\grails-app\controllers\co\edu\uniandes\rubric\RubricController.groovy] changed. Applying changes to application.
16-12-2019 13:16:08,124  INFO compiler.GrailsProjectWatcher - File [C:\Users\awake\workspace\IP18GAA\grails-app\controllers\co\edu\uniandes\rubric\RubricController.groovy] changed. Applying changes to application.
16-12-2019 13:16:08,126  INFO compiler.GrailsProjectWatcher - File [C:\Users\awake\workspace\IP18GAA\grails-app\controllers\co\edu\uniandes\rubric\RubricController.groovy] changed. Applying changes to application.
16-12-2019 13:16:09,199  INFO compiler.GrailsProjectWatcher - File [C:\Users\awake\workspace\IP18GAA\grails-app\controllers\co\edu\uniandes\rubric\RubricController.groovy] changed. Applying changes to application.
16-12-2019 13:16:09,286  INFO compiler.GrailsProjectWatcher - File [C:\Users\awake\workspace\IP18GAA\grails-app\controllers\co\edu\uniandes\rubric\RubricController.groovy] changed. Applying changes to application.
16-12-2019 13:16:09,581 ERROR errors.GrailsExceptionResolver - NullPointerException occurred when processing request: [GET] /IP18GAA/rubric/defineRubric/2
Cannot get property 'rubricOutcomes' on null object. Stacktrace follows:
org.codehaus.groovy.grails.web.pages.exceptions.GroovyPagesException: Error processing GroovyPageView: Cannot get property 'rubricOutcomes' on null object
	at grails.plugin.cache.web.filter.PageFragmentCachingFilter.doFilter(PageFragmentCachingFilter.java:198)
	at grails.plugin.cache.web.filter.AbstractFilter.doFilter(AbstractFilter.java:63)
	at grails.plugin.springsecurity.web.filter.GrailsAnonymousAuthenticationFilter.doFilter(GrailsAnonymousAuthenticationFilter.java:53)
	at grails.plugin.springsecurity.web.authentication.RequestHolderAuthenticationFilter.doFilter(RequestHolderAuthenticationFilter.java:49)
	at grails.plugin.springsecurity.web.authentication.logout.MutableLogoutFilter.doFilter(MutableLogoutFilter.java:82)
	at java.util.concurrent.ThreadPoolExecutor.runWorker(ThreadPoolExecutor.java:1142)
	at java.util.concurrent.ThreadPoolExecutor$Worker.run(ThreadPoolExecutor.java:617)
	at java.lang.Thread.run(Thread.java:745)
Caused by: java.lang.NullPointerException: Cannot get property 'rubricOutcomes' on null object
	at C__Users_awake_workspace_IP18GAA_grails_app_views_rubric_defineRubric_gsp$_run_closure2.doCall(C__Users_awake_workspace_IP18GAA_grails_app_views_rubric_defineRubric_gsp:35)
	at C__Users_awake_workspace_IP18GAA_grails_app_views_rubric_defineRubric_gsp.run(C__Users_awake_workspace_IP18GAA_grails_app_views_rubric_defineRubric_gsp:64)
	... 8 more
16-12-2019 13:16:09,677  INFO ScaffoldingGrailsPlugin - Generating controller logic for scaffolding domain: co.edu.uniandes.rubric.Rubric
16-12-2019 13:16:10,275  INFO ScaffoldingGrailsPlugin - Generating controller logic for scaffolding domain: co.edu.uniandes.rubric.Rubric
16-12-2019 13:16:11,129  INFO compiler.GrailsProjectWatcher - File [C:\Users\awake\workspace\IP18GAA\grails-app\controllers\co\edu\uniandes\rubric\RubricController.groovy] changed. Applying changes to application.
16-12-2019 13:16:12,249  INFO ScaffoldingGrailsPlugin - Generating controller logic for scaffolding domain: co.edu.uniandes.rubric.Rubric
16-12-2019 13:16:12,546  INFO ScaffoldingGrailsPlugin - Generating controller logic for scaffolding domain: co.edu.uniandes.rubric.Rubric
16-12-2019 13:17:14,760 ERROR errors.GrailsExceptionResolver - NullPointerException occurred when processing request: [GET] /IP18GAA/rubric/defineRubric/3
Cannot get property 'rubricOutcomes' on null object. Stacktrace follows:
org.codehaus.groovy.grails.web.pages.exceptions.GroovyPagesException: Error processing GroovyPageView: Cannot get property 'rubricOutcomes' on null object
	at grails.plugin.cache.web.filter.PageFragmentCachingFilter.doFilter(PageFragmentCachingFilter.java:198)
	at grails.plugin.cache.web.filter.AbstractFilter.doFilter(AbstractFilter.java:63)
	at grails.plugin.springsecurity.web.filter.GrailsAnonymousAuthenticationFilter.doFilter(GrailsAnonymousAuthenticationFilter.java:53)
	at grails.plugin.springsecurity.web.authentication.RequestHolderAuthenticationFilter.doFilter(RequestHolderAuthenticationFilter.java:49)
	at grails.plugin.springsecurity.web.authentication.logout.MutableLogoutFilter.doFilter(MutableLogoutFilter.java:82)
	at java.util.concurrent.ThreadPoolExecutor.runWorker(ThreadPoolExecutor.java:1142)
	at java.util.concurrent.ThreadPoolExecutor$Worker.run(ThreadPoolExecutor.java:617)
	at java.lang.Thread.run(Thread.java:745)
Caused by: java.lang.NullPointerException: Cannot get property 'rubricOutcomes' on null object
	at C__Users_awake_workspace_IP18GAA_grails_app_views_rubric_defineRubric_gsp$_run_closure2.doCall(C__Users_awake_workspace_IP18GAA_grails_app_views_rubric_defineRubric_gsp:35)
	at C__Users_awake_workspace_IP18GAA_grails_app_views_rubric_defineRubric_gsp.run(C__Users_awake_workspace_IP18GAA_grails_app_views_rubric_defineRubric_gsp:64)
	... 8 more
16-12-2019 13:32:02,914  INFO compiler.GrailsProjectWatcher - File [C:\Users\awake\workspace\IP18GAA\grails-app\controllers\co\edu\uniandes\rubric\RubricOutcomeController.groovy] changed. Applying changes to application.
16-12-2019 13:32:02,934  INFO compiler.GrailsProjectWatcher - File [C:\Users\awake\workspace\IP18GAA\grails-app\controllers\co\edu\uniandes\rubric\RubricOutcomeController.groovy] changed. Applying changes to application.
16-12-2019 13:32:02,914  INFO compiler.GrailsProjectWatcher - File [C:\Users\awake\workspace\IP18GAA\grails-app\controllers\co\edu\uniandes\rubric\RubricOutcomeController.groovy] changed. Applying changes to application.
16-12-2019 13:32:04,422  INFO compiler.GrailsProjectWatcher - File [C:\Users\awake\workspace\IP18GAA\grails-app\controllers\co\edu\uniandes\rubric\RubricOutcomeController.groovy] changed. Applying changes to application.
16-12-2019 13:32:04,494  INFO compiler.GrailsProjectWatcher - File [C:\Users\awake\workspace\IP18GAA\grails-app\controllers\co\edu\uniandes\rubric\RubricOutcomeController.groovy] changed. Applying changes to application.
16-12-2019 13:32:04,686  INFO ScaffoldingGrailsPlugin - Generating controller logic for scaffolding domain: co.edu.uniandes.rubric.RubricOutcome
16-12-2019 13:32:05,377  INFO ScaffoldingGrailsPlugin - Generating controller logic for scaffolding domain: co.edu.uniandes.rubric.RubricOutcome
16-12-2019 13:32:05,539  INFO compiler.GrailsProjectWatcher - File [C:\Users\awake\workspace\IP18GAA\grails-app\controllers\co\edu\uniandes\rubric\RubricOutcomeController.groovy] changed. Applying changes to application.
16-12-2019 13:32:07,150  INFO ScaffoldingGrailsPlugin - Generating controller logic for scaffolding domain: co.edu.uniandes.rubric.RubricOutcome
16-12-2019 14:11:54,948  INFO compiler.GrailsProjectWatcher - File [C:\Users\awake\workspace\IP18GAA\grails-app\controllers\co\edu\uniandes\rubric\RubricController.groovy] changed. Applying changes to application.
16-12-2019 14:11:54,949  INFO compiler.GrailsProjectWatcher - File [C:\Users\awake\workspace\IP18GAA\grails-app\controllers\co\edu\uniandes\rubric\RubricController.groovy] changed. Applying changes to application.
16-12-2019 14:11:54,951  INFO compiler.GrailsProjectWatcher - File [C:\Users\awake\workspace\IP18GAA\grails-app\controllers\co\edu\uniandes\rubric\RubricController.groovy] changed. Applying changes to application.
16-12-2019 14:11:55,932  INFO compiler.GrailsProjectWatcher - File [C:\Users\awake\workspace\IP18GAA\grails-app\controllers\co\edu\uniandes\rubric\RubricController.groovy] changed. Applying changes to application.
16-12-2019 14:11:56,002  INFO compiler.GrailsProjectWatcher - File [C:\Users\awake\workspace\IP18GAA\grails-app\controllers\co\edu\uniandes\rubric\RubricController.groovy] changed. Applying changes to application.
16-12-2019 14:11:56,352  INFO compiler.GrailsProjectWatcher - File [C:\Users\awake\workspace\IP18GAA\grails-app\controllers\co\edu\uniandes\rubric\RubricController.groovy] changed. Applying changes to application.
16-12-2019 14:11:56,889  INFO ScaffoldingGrailsPlugin - Generating controller logic for scaffolding domain: co.edu.uniandes.rubric.Rubric
16-12-2019 14:11:57,059  INFO ScaffoldingGrailsPlugin - Generating controller logic for scaffolding domain: co.edu.uniandes.rubric.Rubric
16-12-2019 14:12:16,194  INFO compiler.GrailsProjectWatcher - File [C:\Users\awake\workspace\IP18GAA\grails-app\controllers\co\edu\uniandes\rubric\RubricController.groovy] changed. Applying changes to application.
16-12-2019 14:12:16,195  INFO compiler.GrailsProjectWatcher - File [C:\Users\awake\workspace\IP18GAA\grails-app\controllers\co\edu\uniandes\rubric\RubricController.groovy] changed. Applying changes to application.
16-12-2019 14:12:16,195  INFO compiler.GrailsProjectWatcher - File [C:\Users\awake\workspace\IP18GAA\grails-app\controllers\co\edu\uniandes\rubric\RubricController.groovy] changed. Applying changes to application.
16-12-2019 14:12:17,285  INFO compiler.GrailsProjectWatcher - File [C:\Users\awake\workspace\IP18GAA\grails-app\controllers\co\edu\uniandes\rubric\RubricController.groovy] changed. Applying changes to application.
16-12-2019 14:12:17,531  INFO compiler.GrailsProjectWatcher - File [C:\Users\awake\workspace\IP18GAA\grails-app\controllers\co\edu\uniandes\rubric\RubricController.groovy] changed. Applying changes to application.
16-12-2019 14:12:17,678  INFO ScaffoldingGrailsPlugin - Generating controller logic for scaffolding domain: co.edu.uniandes.rubric.Rubric
16-12-2019 14:12:18,048  INFO compiler.GrailsProjectWatcher - File [C:\Users\awake\workspace\IP18GAA\grails-app\controllers\co\edu\uniandes\rubric\RubricController.groovy] changed. Applying changes to application.
16-12-2019 14:12:18,083  INFO ScaffoldingGrailsPlugin - Generating controller logic for scaffolding domain: co.edu.uniandes.rubric.Rubric
16-12-2019 14:12:19,807  INFO ScaffoldingGrailsPlugin - Generating controller logic for scaffolding domain: co.edu.uniandes.rubric.Rubric
16-12-2019 14:33:41,050  INFO compiler.GrailsProjectWatcher - File [C:\Users\awake\workspace\IP18GAA\grails-app\controllers\co\edu\uniandes\rubric\RubricOutcomeController.groovy] changed. Applying changes to application.
16-12-2019 14:33:41,050  INFO compiler.GrailsProjectWatcher - File [C:\Users\awake\workspace\IP18GAA\grails-app\controllers\co\edu\uniandes\rubric\RubricOutcomeController.groovy] changed. Applying changes to application.
16-12-2019 14:33:41,050  INFO compiler.GrailsProjectWatcher - File [C:\Users\awake\workspace\IP18GAA\grails-app\controllers\co\edu\uniandes\rubric\RubricOutcomeController.groovy] changed. Applying changes to application.
16-12-2019 14:33:42,323 ERROR compiler.GrailsProjectWatcher - Compilation Error: startup failed:
C:\Users\awake\workspace\IP18GAA\grails-app\controllers\co\edu\uniandes\rubric\RubricOutcomeController.groovy: 22: expecting '}', found 'outcomeInstance' @ line 22, column 50.
   "La rbrica " + RubricOutcome outcomeIns
                                 ^

1 error

16-12-2019 14:33:42,324  INFO compiler.GrailsProjectWatcher - File [C:\Users\awake\workspace\IP18GAA\grails-app\controllers\co\edu\uniandes\rubric\RubricOutcomeController.groovy] changed. Applying changes to application.
16-12-2019 14:33:42,356 ERROR compiler.GrailsProjectWatcher - Compilation Error: startup failed:
C:\Users\awake\workspace\IP18GAA\grails-app\controllers\co\edu\uniandes\rubric\RubricOutcomeController.groovy: 22: expecting '}', found 'outcomeInstance' @ line 22, column 50.
   "La rbrica " + RubricOutcome outcomeIns
                                 ^

1 error

16-12-2019 14:33:42,356  INFO compiler.GrailsProjectWatcher - File [C:\Users\awake\workspace\IP18GAA\grails-app\controllers\co\edu\uniandes\rubric\RubricOutcomeController.groovy] changed. Applying changes to application.
16-12-2019 14:33:43,062 ERROR compiler.GrailsProjectWatcher - Compilation Error: startup failed:
C:\Users\awake\workspace\IP18GAA\grails-app\controllers\co\edu\uniandes\rubric\RubricOutcomeController.groovy: 22: expecting '}', found 'outcomeInstance' @ line 22, column 50.
   "La rbrica " + RubricOutcome outcomeIns
                                 ^

1 error

16-12-2019 14:33:43,064 ERROR compiler.GrailsProjectWatcher - Compilation Error: startup failed:
C:\Users\awake\workspace\IP18GAA\grails-app\controllers\co\edu\uniandes\rubric\RubricOutcomeController.groovy: 22: expecting '}', found 'outcomeInstance' @ line 22, column 50.
   "La rbrica " + RubricOutcome outcomeIns
                                 ^

1 error

16-12-2019 14:33:43,069  INFO compiler.GrailsProjectWatcher - File [C:\Users\awake\workspace\IP18GAA\grails-app\controllers\co\edu\uniandes\rubric\RubricOutcomeController.groovy] changed. Applying changes to application.
16-12-2019 14:33:43,124 ERROR compiler.GrailsProjectWatcher - Compilation Error: startup failed:
C:\Users\awake\workspace\IP18GAA\grails-app\controllers\co\edu\uniandes\rubric\RubricOutcomeController.groovy: 22: expecting '}', found 'outcomeInstance' @ line 22, column 50.
   "La rbrica " + RubricOutcome outcomeIns
                                 ^

1 error

16-12-2019 14:33:43,718 ERROR compiler.GrailsProjectWatcher - Compilation Error: startup failed:
C:\Users\awake\workspace\IP18GAA\grails-app\controllers\co\edu\uniandes\rubric\RubricOutcomeController.groovy: 22: expecting '}', found 'outcomeInstance' @ line 22, column 50.
   "La rbrica " + RubricOutcome outcomeIns
                                 ^

1 error

16-12-2019 14:34:28,371 ERROR [/IP18GAA].[default] - Servlet.service() for servlet [default] in context with path [/IP18GAA] threw exception
org.codehaus.groovy.control.MultipleCompilationErrorsException: startup failed:
C:\Users\awake\workspace\IP18GAA\grails-app\controllers\co\edu\uniandes\rubric\RubricOutcomeController.groovy: 22: expecting '}', found 'outcomeInstance' @ line 22, column 50.
   "La rbrica " + RubricOutcome outcomeIns
                                 ^

1 error

	at org.codehaus.groovy.control.ErrorCollector.failIfErrors(ErrorCollector.java:309)
	at org.codehaus.groovy.control.ErrorCollector.addFatalError(ErrorCollector.java:149)
	at org.codehaus.groovy.control.ErrorCollector.addError(ErrorCollector.java:119)
	at org.codehaus.groovy.control.ErrorCollector.addError(ErrorCollector.java:131)
	at org.codehaus.groovy.control.SourceUnit.addError(SourceUnit.java:359)
	at org.codehaus.groovy.antlr.AntlrParserPlugin.transformCSTIntoAST(AntlrParserPlugin.java:142)
	at org.codehaus.groovy.antlr.AntlrParserPlugin.parseCST(AntlrParserPlugin.java:108)
	at org.codehaus.groovy.control.SourceUnit.parse(SourceUnit.java:236)
	at org.codehaus.groovy.control.CompilationUnit$1.call(CompilationUnit.java:164)
	at org.codehaus.groovy.control.CompilationUnit.applyToSourceUnits(CompilationUnit.java:923)
	at org.codehaus.groovy.control.CompilationUnit.doPhaseOperation(CompilationUnit.java:585)
	at org.codehaus.groovy.control.CompilationUnit.processPhaseOperations(CompilationUnit.java:561)
	at org.codehaus.groovy.control.CompilationUnit.compile(CompilationUnit.java:538)
	at org.codehaus.groovy.control.CompilationUnit.compile(CompilationUnit.java:517)
	at org.codehaus.groovy.tools.FileSystemCompiler.compile(FileSystemCompiler.java:59)
	at org.codehaus.groovy.tools.FileSystemCompiler.doCompilation(FileSystemCompiler.java:215)
	at org.codehaus.groovy.ant.Groovyc.runCompiler(Groovyc.java:1161)
	at org.codehaus.groovy.ant.Groovyc.compile(Groovyc.java:1212)
	at org.codehaus.groovy.grails.compiler.Grailsc.compile(Grailsc.java:78)
	at org.codehaus.groovy.ant.Groovyc.execute(Groovyc.java:827)
	at org.apache.tools.ant.UnknownElement.execute(UnknownElement.java:291)
	at sun.reflect.GeneratedMethodAccessor797.invoke(Unknown Source)
	at sun.reflect.DelegatingMethodAccessorImpl.invoke(DelegatingMethodAccessorImpl.java:43)
	at java.lang.reflect.Method.invoke(Method.java:483)
	at org.springsource.loaded.ri.ReflectiveInterceptor.jlrMethodInvoke(ReflectiveInterceptor.java:1276)
	at org.apache.tools.ant.dispatch.DispatchUtils.execute(DispatchUtils.java:106)
	at groovy.util.AntBuilder.performTask(AntBuilder.java:319)
	at groovy.util.AntBuilder.nodeCompleted(AntBuilder.java:264)
	at groovy.util.BuilderSupport.doInvokeMethod(BuilderSupport.java:147)
	at groovy.util.AntBuilder.doInvokeMethod(AntBuilder.java:203)
	at groovy.util.BuilderSupport.invokeMethod(BuilderSupport.java:64)
	at org.codehaus.groovy.runtime.callsite.PogoMetaClassSite.call(PogoMetaClassSite.java:45)
	at org.codehaus.groovy.runtime.callsite.AbstractCallSite.call(AbstractCallSite.java:120)
	at org.codehaus.groovy.grails.project.compiler.GrailsProjectCompiler.compile(GrailsProjectCompiler.groovy:298)
	at org.codehaus.groovy.grails.project.compiler.GrailsProjectCompiler$compile$3.callCurrent(Unknown Source)
	at org.codehaus.groovy.grails.project.compiler.GrailsProjectCompiler.compile(GrailsProjectCompiler.groovy:265)
	at org.codehaus.groovy.grails.project.compiler.GrailsProjectCompiler.compileAll(GrailsProjectCompiler.groovy:256)
	at org.codehaus.groovy.grails.project.compiler.GrailsProjectWatcher.compileIfSource(GrailsProjectWatcher.java:262)
	at org.codehaus.groovy.grails.project.compiler.GrailsProjectWatcher.access$300(GrailsProjectWatcher.java:48)
	at org.codehaus.groovy.grails.project.compiler.GrailsProjectWatcher$1.onChange(GrailsProjectWatcher.java:136)
	at org.codehaus.groovy.grails.compiler.AbstractDirectoryWatcher.fireOnChange(AbstractDirectoryWatcher.java:70)
	at org.codehaus.groovy.grails.compiler.WatchServiceDirectoryWatcher.run(WatchServiceDirectoryWatcher.java:97)
	at org.codehaus.groovy.grails.compiler.DirectoryWatcher.run(DirectoryWatcher.java:154)
	at org.codehaus.groovy.grails.project.compiler.GrailsProjectWatcher.run(GrailsProjectWatcher.java:161)
	at java_lang_Runnable$run.call(Unknown Source)
	at org.codehaus.groovy.runtime.callsite.CallSiteArray.defaultCall(CallSiteArray.java:45)
	at org.codehaus.groovy.runtime.callsite.AbstractCallSite.call(AbstractCallSite.java:108)
	at org.codehaus.groovy.runtime.callsite.AbstractCallSite.call(AbstractCallSite.java:112)
	at org.codehaus.groovy.grails.cli.fork.ForkedGrailsProcess.startProjectWatcher(ForkedGrailsProcess.groovy:748)
	at sun.reflect.NativeMethodAccessorImpl.invoke0(Native Method)
	at sun.reflect.NativeMethodAccessorImpl.invoke(NativeMethodAccessorImpl.java:62)
	at sun.reflect.DelegatingMethodAccessorImpl.invoke(DelegatingMethodAccessorImpl.java:43)
	at java.lang.reflect.Method.invoke(Method.java:483)
	at org.springsource.loaded.ri.ReflectiveInterceptor.jlrMethodInvoke(ReflectiveInterceptor.java:1270)
	at org.codehaus.groovy.reflection.CachedMethod.invoke(CachedMethod.java:90)
	at groovy.lang.MetaMethod.doMethodInvoke(MetaMethod.java:324)
	at groovy.lang.MetaClassImpl.invokeMethod(MetaClassImpl.java:1207)
	at groovy.lang.MetaClassImpl.invokeMethod(MetaClassImpl.java:1016)
	at groovy.lang.MetaClassImpl.invokeMethod(MetaClassImpl.java:1152)
	at groovy.lang.ExpandoMetaClass.invokeMethod(ExpandoMetaClass.java:1110)
	at groovy.lang.MetaClassImpl.invokeMethod(MetaClassImpl.java:1016)
	at org.codehaus.groovy.runtime.callsite.PogoMetaClassSite.callCurrent(PogoMetaClassSite.java:66)
	at org.codehaus.groovy.runtime.callsite.CallSiteArray.defaultCallCurrent(CallSiteArray.java:49)
	at org.codehaus.groovy.runtime.callsite.AbstractCallSite.callCurrent(AbstractCallSite.java:133)
	at org.codehaus.groovy.runtime.callsite.AbstractCallSite.callCurrent(AbstractCallSite.java:145)
	at org.codehaus.groovy.grails.cli.fork.ForkedGrailsProcess$_setupReloading_closure17.doCall(ForkedGrailsProcess.groovy:737)
	at org.codehaus.groovy.grails.cli.fork.ForkedGrailsProcess$_setupReloading_closure17.doCall(ForkedGrailsProcess.groovy)
	at sun.reflect.NativeMethodAccessorImpl.invoke0(Native Method)
	at sun.reflect.NativeMethodAccessorImpl.invoke(NativeMethodAccessorImpl.java:62)
	at sun.reflect.DelegatingMethodAccessorImpl.invoke(DelegatingMethodAccessorImpl.java:43)
	at java.lang.reflect.Method.invoke(Method.java:483)
	at org.springsource.loaded.ri.ReflectiveInterceptor.jlrMethodInvoke(ReflectiveInterceptor.java:1270)
	at org.codehaus.groovy.reflection.CachedMethod.invoke(CachedMethod.java:90)
	at groovy.lang.MetaMethod.doMethodInvoke(MetaMethod.java:324)
	at groovy.lang.MetaClassImpl.invokeMethod(MetaClassImpl.java:1207)
	at groovy.lang.ExpandoMetaClass.invokeMethod(ExpandoMetaClass.java:1110)
	at groovy.lang.MetaClassImpl.invokeMethod(MetaClassImpl.java:1016)
	at groovy.lang.Closure.call(Closure.java:423)
	at groovy.lang.Closure.call(Closure.java:417)
	at groovy.lang.Closure.run(Closure.java:504)
	at java.lang.Thread.run(Thread.java:745)
16-12-2019 14:34:28,596 ERROR [/IP18GAA].[default] - Servlet.service() for servlet [default] in context with path [/IP18GAA] threw exception
org.codehaus.groovy.control.MultipleCompilationErrorsException: startup failed:
C:\Users\awake\workspace\IP18GAA\grails-app\controllers\co\edu\uniandes\rubric\RubricOutcomeController.groovy: 22: expecting '}', found 'outcomeInstance' @ line 22, column 50.
   "La rbrica " + RubricOutcome outcomeIns
                                 ^

1 error

	at org.codehaus.groovy.control.ErrorCollector.failIfErrors(ErrorCollector.java:309)
	at org.codehaus.groovy.control.ErrorCollector.addFatalError(ErrorCollector.java:149)
	at org.codehaus.groovy.control.ErrorCollector.addError(ErrorCollector.java:119)
	at org.codehaus.groovy.control.ErrorCollector.addError(ErrorCollector.java:131)
	at org.codehaus.groovy.control.SourceUnit.addError(SourceUnit.java:359)
	at org.codehaus.groovy.antlr.AntlrParserPlugin.transformCSTIntoAST(AntlrParserPlugin.java:142)
	at org.codehaus.groovy.antlr.AntlrParserPlugin.parseCST(AntlrParserPlugin.java:108)
	at org.codehaus.groovy.control.SourceUnit.parse(SourceUnit.java:236)
	at org.codehaus.groovy.control.CompilationUnit$1.call(CompilationUnit.java:164)
	at org.codehaus.groovy.control.CompilationUnit.applyToSourceUnits(CompilationUnit.java:923)
	at org.codehaus.groovy.control.CompilationUnit.doPhaseOperation(CompilationUnit.java:585)
	at org.codehaus.groovy.control.CompilationUnit.processPhaseOperations(CompilationUnit.java:561)
	at org.codehaus.groovy.control.CompilationUnit.compile(CompilationUnit.java:538)
	at org.codehaus.groovy.control.CompilationUnit.compile(CompilationUnit.java:517)
	at org.codehaus.groovy.tools.FileSystemCompiler.compile(FileSystemCompiler.java:59)
	at org.codehaus.groovy.tools.FileSystemCompiler.doCompilation(FileSystemCompiler.java:215)
	at org.codehaus.groovy.ant.Groovyc.runCompiler(Groovyc.java:1161)
	at org.codehaus.groovy.ant.Groovyc.compile(Groovyc.java:1212)
	at org.codehaus.groovy.ant.Groovyc.execute(Groovyc.java:827)
	at org.apache.tools.ant.UnknownElement.execute(UnknownElement.java:291)
	at org.apache.tools.ant.dispatch.DispatchUtils.execute(DispatchUtils.java:106)
	at java.lang.Thread.run(Thread.java:745)
16-12-2019 14:34:28,696 ERROR [/IP18GAA].[default] - Servlet.service() for servlet [default] in context with path [/IP18GAA] threw exception
org.codehaus.groovy.control.MultipleCompilationErrorsException: startup failed:
C:\Users\awake\workspace\IP18GAA\grails-app\controllers\co\edu\uniandes\rubric\RubricOutcomeController.groovy: 22: expecting '}', found 'outcomeInstance' @ line 22, column 50.
   "La rbrica " + RubricOutcome outcomeIns
                                 ^

1 error

	at org.codehaus.groovy.control.ErrorCollector.failIfErrors(ErrorCollector.java:309)
	at org.codehaus.groovy.control.ErrorCollector.addFatalError(ErrorCollector.java:149)
	at org.codehaus.groovy.control.ErrorCollector.addError(ErrorCollector.java:119)
	at org.codehaus.groovy.control.ErrorCollector.addError(ErrorCollector.java:131)
	at org.codehaus.groovy.control.SourceUnit.addError(SourceUnit.java:359)
	at org.codehaus.groovy.antlr.AntlrParserPlugin.transformCSTIntoAST(AntlrParserPlugin.java:142)
	at org.codehaus.groovy.antlr.AntlrParserPlugin.parseCST(AntlrParserPlugin.java:108)
	at org.codehaus.groovy.control.SourceUnit.parse(SourceUnit.java:236)
	at org.codehaus.groovy.control.CompilationUnit$1.call(CompilationUnit.java:164)
	at org.codehaus.groovy.control.CompilationUnit.applyToSourceUnits(CompilationUnit.java:923)
	at org.codehaus.groovy.control.CompilationUnit.doPhaseOperation(CompilationUnit.java:585)
	at org.codehaus.groovy.control.CompilationUnit.processPhaseOperations(CompilationUnit.java:561)
	at org.codehaus.groovy.control.CompilationUnit.compile(CompilationUnit.java:538)
	at org.codehaus.groovy.control.CompilationUnit.compile(CompilationUnit.java:517)
	at org.codehaus.groovy.tools.FileSystemCompiler.compile(FileSystemCompiler.java:59)
	at org.codehaus.groovy.tools.FileSystemCompiler.doCompilation(FileSystemCompiler.java:215)
	at org.codehaus.groovy.ant.Groovyc.runCompiler(Groovyc.java:1161)
	at org.codehaus.groovy.ant.Groovyc.compile(Groovyc.java:1212)
	at org.codehaus.groovy.ant.Groovyc.execute(Groovyc.java:827)
	at org.apache.tools.ant.UnknownElement.execute(UnknownElement.java:291)
	at org.apache.tools.ant.dispatch.DispatchUtils.execute(DispatchUtils.java:106)
	at java.lang.Thread.run(Thread.java:745)
16-12-2019 14:34:28,673 ERROR [/IP18GAA].[default] - Servlet.service() for servlet [default] in context with path [/IP18GAA] threw exception
org.codehaus.groovy.control.MultipleCompilationErrorsException: startup failed:
C:\Users\awake\workspace\IP18GAA\grails-app\controllers\co\edu\uniandes\rubric\RubricOutcomeController.groovy: 22: expecting '}', found 'outcomeInstance' @ line 22, column 50.
   "La rbrica " + RubricOutcome outcomeIns
                                 ^

1 error

	at org.codehaus.groovy.control.ErrorCollector.failIfErrors(ErrorCollector.java:309)
	at org.codehaus.groovy.control.ErrorCollector.addFatalError(ErrorCollector.java:149)
	at org.codehaus.groovy.control.ErrorCollector.addError(ErrorCollector.java:119)
	at org.codehaus.groovy.control.ErrorCollector.addError(ErrorCollector.java:131)
	at org.codehaus.groovy.control.SourceUnit.addError(SourceUnit.java:359)
	at org.codehaus.groovy.antlr.AntlrParserPlugin.transformCSTIntoAST(AntlrParserPlugin.java:142)
	at org.codehaus.groovy.antlr.AntlrParserPlugin.parseCST(AntlrParserPlugin.java:108)
	at org.codehaus.groovy.control.SourceUnit.parse(SourceUnit.java:236)
	at org.codehaus.groovy.control.CompilationUnit$1.call(CompilationUnit.java:164)
	at org.codehaus.groovy.control.CompilationUnit.applyToSourceUnits(CompilationUnit.java:923)
	at org.codehaus.groovy.control.CompilationUnit.doPhaseOperation(CompilationUnit.java:585)
	at org.codehaus.groovy.control.CompilationUnit.processPhaseOperations(CompilationUnit.java:561)
	at org.codehaus.groovy.control.CompilationUnit.compile(CompilationUnit.java:538)
	at org.codehaus.groovy.control.CompilationUnit.compile(CompilationUnit.java:517)
	at org.codehaus.groovy.tools.FileSystemCompiler.compile(FileSystemCompiler.java:59)
	at org.codehaus.groovy.tools.FileSystemCompiler.doCompilation(FileSystemCompiler.java:215)
	at org.codehaus.groovy.ant.Groovyc.runCompiler(Groovyc.java:1161)
	at org.codehaus.groovy.ant.Groovyc.compile(Groovyc.java:1212)
	at org.codehaus.groovy.ant.Groovyc.execute(Groovyc.java:827)
	at org.apache.tools.ant.UnknownElement.execute(UnknownElement.java:291)
	at org.apache.tools.ant.dispatch.DispatchUtils.execute(DispatchUtils.java:106)
	at java.lang.Thread.run(Thread.java:745)
16-12-2019 14:34:28,666 ERROR [/IP18GAA].[default] - Servlet.service() for servlet [default] in context with path [/IP18GAA] threw exception
org.codehaus.groovy.control.MultipleCompilationErrorsException: startup failed:
C:\Users\awake\workspace\IP18GAA\grails-app\controllers\co\edu\uniandes\rubric\RubricOutcomeController.groovy: 22: expecting '}', found 'outcomeInstance' @ line 22, column 50.
   "La rbrica " + RubricOutcome outcomeIns
                                 ^

1 error

	at org.codehaus.groovy.control.ErrorCollector.failIfErrors(ErrorCollector.java:309)
	at org.codehaus.groovy.control.ErrorCollector.addFatalError(ErrorCollector.java:149)
	at org.codehaus.groovy.control.ErrorCollector.addError(ErrorCollector.java:119)
	at org.codehaus.groovy.control.ErrorCollector.addError(ErrorCollector.java:131)
	at org.codehaus.groovy.control.SourceUnit.addError(SourceUnit.java:359)
	at org.codehaus.groovy.antlr.AntlrParserPlugin.transformCSTIntoAST(AntlrParserPlugin.java:142)
	at org.codehaus.groovy.antlr.AntlrParserPlugin.parseCST(AntlrParserPlugin.java:108)
	at org.codehaus.groovy.control.SourceUnit.parse(SourceUnit.java:236)
	at org.codehaus.groovy.control.CompilationUnit$1.call(CompilationUnit.java:164)
	at org.codehaus.groovy.control.CompilationUnit.applyToSourceUnits(CompilationUnit.java:923)
	at org.codehaus.groovy.control.CompilationUnit.doPhaseOperation(CompilationUnit.java:585)
	at org.codehaus.groovy.control.CompilationUnit.processPhaseOperations(CompilationUnit.java:561)
	at org.codehaus.groovy.control.CompilationUnit.compile(CompilationUnit.java:538)
	at org.codehaus.groovy.control.CompilationUnit.compile(CompilationUnit.java:517)
	at org.codehaus.groovy.tools.FileSystemCompiler.compile(FileSystemCompiler.java:59)
	at org.codehaus.groovy.tools.FileSystemCompiler.doCompilation(FileSystemCompiler.java:215)
	at org.codehaus.groovy.ant.Groovyc.runCompiler(Groovyc.java:1161)
	at org.codehaus.groovy.ant.Groovyc.compile(Groovyc.java:1212)
	at org.codehaus.groovy.ant.Groovyc.execute(Groovyc.java:827)
	at org.apache.tools.ant.UnknownElement.execute(UnknownElement.java:291)
	at org.apache.tools.ant.dispatch.DispatchUtils.execute(DispatchUtils.java:106)
	at java.lang.Thread.run(Thread.java:745)
16-12-2019 14:34:28,660 ERROR [/IP18GAA].[default] - Servlet.service() for servlet [default] in context with path [/IP18GAA] threw exception
org.codehaus.groovy.control.MultipleCompilationErrorsException: startup failed:
C:\Users\awake\workspace\IP18GAA\grails-app\controllers\co\edu\uniandes\rubric\RubricOutcomeController.groovy: 22: expecting '}', found 'outcomeInstance' @ line 22, column 50.
   "La rbrica " + RubricOutcome outcomeIns
                                 ^

1 error

	at org.codehaus.groovy.control.ErrorCollector.failIfErrors(ErrorCollector.java:309)
	at org.codehaus.groovy.control.ErrorCollector.addFatalError(ErrorCollector.java:149)
	at org.codehaus.groovy.control.ErrorCollector.addError(ErrorCollector.java:119)
	at org.codehaus.groovy.control.ErrorCollector.addError(ErrorCollector.java:131)
	at org.codehaus.groovy.control.SourceUnit.addError(SourceUnit.java:359)
	at org.codehaus.groovy.antlr.AntlrParserPlugin.transformCSTIntoAST(AntlrParserPlugin.java:142)
	at org.codehaus.groovy.antlr.AntlrParserPlugin.parseCST(AntlrParserPlugin.java:108)
	at org.codehaus.groovy.control.SourceUnit.parse(SourceUnit.java:236)
	at org.codehaus.groovy.control.CompilationUnit$1.call(CompilationUnit.java:164)
	at org.codehaus.groovy.control.CompilationUnit.applyToSourceUnits(CompilationUnit.java:923)
	at org.codehaus.groovy.control.CompilationUnit.doPhaseOperation(CompilationUnit.java:585)
	at org.codehaus.groovy.control.CompilationUnit.processPhaseOperations(CompilationUnit.java:561)
	at org.codehaus.groovy.control.CompilationUnit.compile(CompilationUnit.java:538)
	at org.codehaus.groovy.control.CompilationUnit.compile(CompilationUnit.java:517)
	at org.codehaus.groovy.tools.FileSystemCompiler.compile(FileSystemCompiler.java:59)
	at org.codehaus.groovy.tools.FileSystemCompiler.doCompilation(FileSystemCompiler.java:215)
	at org.codehaus.groovy.ant.Groovyc.runCompiler(Groovyc.java:1161)
	at org.codehaus.groovy.ant.Groovyc.compile(Groovyc.java:1212)
	at org.codehaus.groovy.ant.Groovyc.execute(Groovyc.java:827)
	at org.apache.tools.ant.UnknownElement.execute(UnknownElement.java:291)
	at org.apache.tools.ant.dispatch.DispatchUtils.execute(DispatchUtils.java:106)
	at java.lang.Thread.run(Thread.java:745)
16-12-2019 14:34:28,597 ERROR [/IP18GAA].[default] - Servlet.service() for servlet [default] in context with path [/IP18GAA] threw exception
org.codehaus.groovy.control.MultipleCompilationErrorsException: startup failed:
C:\Users\awake\workspace\IP18GAA\grails-app\controllers\co\edu\uniandes\rubric\RubricOutcomeController.groovy: 22: expecting '}', found 'outcomeInstance' @ line 22, column 50.
   "La rbrica " + RubricOutcome outcomeIns
                                 ^

1 error

	at org.codehaus.groovy.control.ErrorCollector.failIfErrors(ErrorCollector.java:309)
	at org.codehaus.groovy.control.ErrorCollector.addFatalError(ErrorCollector.java:149)
	at org.codehaus.groovy.control.ErrorCollector.addError(ErrorCollector.java:119)
	at org.codehaus.groovy.control.ErrorCollector.addError(ErrorCollector.java:131)
	at org.codehaus.groovy.control.SourceUnit.addError(SourceUnit.java:359)
	at org.codehaus.groovy.antlr.AntlrParserPlugin.transformCSTIntoAST(AntlrParserPlugin.java:142)
	at org.codehaus.groovy.antlr.AntlrParserPlugin.parseCST(AntlrParserPlugin.java:108)
	at org.codehaus.groovy.control.SourceUnit.parse(SourceUnit.java:236)
	at org.codehaus.groovy.control.CompilationUnit$1.call(CompilationUnit.java:164)
	at org.codehaus.groovy.control.CompilationUnit.applyToSourceUnits(CompilationUnit.java:923)
	at org.codehaus.groovy.control.CompilationUnit.doPhaseOperation(CompilationUnit.java:585)
	at org.codehaus.groovy.control.CompilationUnit.processPhaseOperations(CompilationUnit.java:561)
	at org.codehaus.groovy.control.CompilationUnit.compile(CompilationUnit.java:538)
	at org.codehaus.groovy.control.CompilationUnit.compile(CompilationUnit.java:517)
	at org.codehaus.groovy.tools.FileSystemCompiler.compile(FileSystemCompiler.java:59)
	at org.codehaus.groovy.tools.FileSystemCompiler.doCompilation(FileSystemCompiler.java:215)
	at org.codehaus.groovy.ant.Groovyc.runCompiler(Groovyc.java:1161)
	at org.codehaus.groovy.ant.Groovyc.compile(Groovyc.java:1212)
	at org.codehaus.groovy.ant.Groovyc.execute(Groovyc.java:827)
	at org.apache.tools.ant.UnknownElement.execute(UnknownElement.java:291)
	at org.apache.tools.ant.dispatch.DispatchUtils.execute(DispatchUtils.java:106)
	at java.lang.Thread.run(Thread.java:745)
16-12-2019 14:34:29,480 ERROR [/IP18GAA].[default] - Servlet.service() for servlet [default] in context with path [/IP18GAA] threw exception
org.codehaus.groovy.control.MultipleCompilationErrorsException: startup failed:
C:\Users\awake\workspace\IP18GAA\grails-app\controllers\co\edu\uniandes\rubric\RubricOutcomeController.groovy: 22: expecting '}', found 'outcomeInstance' @ line 22, column 50.
   "La rbrica " + RubricOutcome outcomeIns
                                 ^

1 error

	at org.codehaus.groovy.control.ErrorCollector.failIfErrors(ErrorCollector.java:309)
	at org.codehaus.groovy.control.ErrorCollector.addFatalError(ErrorCollector.java:149)
	at org.codehaus.groovy.control.ErrorCollector.addError(ErrorCollector.java:119)
	at org.codehaus.groovy.control.ErrorCollector.addError(ErrorCollector.java:131)
	at org.codehaus.groovy.control.SourceUnit.addError(SourceUnit.java:359)
	at org.codehaus.groovy.antlr.AntlrParserPlugin.transformCSTIntoAST(AntlrParserPlugin.java:142)
	at org.codehaus.groovy.antlr.AntlrParserPlugin.parseCST(AntlrParserPlugin.java:108)
	at org.codehaus.groovy.control.SourceUnit.parse(SourceUnit.java:236)
	at org.codehaus.groovy.control.CompilationUnit$1.call(CompilationUnit.java:164)
	at org.codehaus.groovy.control.CompilationUnit.applyToSourceUnits(CompilationUnit.java:923)
	at org.codehaus.groovy.control.CompilationUnit.doPhaseOperation(CompilationUnit.java:585)
	at org.codehaus.groovy.control.CompilationUnit.processPhaseOperations(CompilationUnit.java:561)
	at org.codehaus.groovy.control.CompilationUnit.compile(CompilationUnit.java:538)
	at org.codehaus.groovy.control.CompilationUnit.compile(CompilationUnit.java:517)
	at org.codehaus.groovy.tools.FileSystemCompiler.compile(FileSystemCompiler.java:59)
	at org.codehaus.groovy.tools.FileSystemCompiler.doCompilation(FileSystemCompiler.java:215)
	at org.codehaus.groovy.ant.Groovyc.runCompiler(Groovyc.java:1161)
	at org.codehaus.groovy.ant.Groovyc.compile(Groovyc.java:1212)
	at org.codehaus.groovy.ant.Groovyc.execute(Groovyc.java:827)
	at org.apache.tools.ant.UnknownElement.execute(UnknownElement.java:291)
	at org.apache.tools.ant.dispatch.DispatchUtils.execute(DispatchUtils.java:106)
	at java.lang.Thread.run(Thread.java:745)
16-12-2019 14:34:29,604 ERROR [/IP18GAA].[default] - Servlet.service() for servlet [default] in context with path [/IP18GAA] threw exception
org.codehaus.groovy.control.MultipleCompilationErrorsException: startup failed:
C:\Users\awake\workspace\IP18GAA\grails-app\controllers\co\edu\uniandes\rubric\RubricOutcomeController.groovy: 22: expecting '}', found 'outcomeInstance' @ line 22, column 50.
   "La rbrica " + RubricOutcome outcomeIns
                                 ^

1 error

	at org.codehaus.groovy.control.ErrorCollector.failIfErrors(ErrorCollector.java:309)
	at org.codehaus.groovy.control.ErrorCollector.addFatalError(ErrorCollector.java:149)
	at org.codehaus.groovy.control.ErrorCollector.addError(ErrorCollector.java:119)
	at org.codehaus.groovy.control.ErrorCollector.addError(ErrorCollector.java:131)
	at org.codehaus.groovy.control.SourceUnit.addError(SourceUnit.java:359)
	at org.codehaus.groovy.antlr.AntlrParserPlugin.transformCSTIntoAST(AntlrParserPlugin.java:142)
	at org.codehaus.groovy.antlr.AntlrParserPlugin.parseCST(AntlrParserPlugin.java:108)
	at org.codehaus.groovy.control.SourceUnit.parse(SourceUnit.java:236)
	at org.codehaus.groovy.control.CompilationUnit$1.call(CompilationUnit.java:164)
	at org.codehaus.groovy.control.CompilationUnit.applyToSourceUnits(CompilationUnit.java:923)
	at org.codehaus.groovy.control.CompilationUnit.doPhaseOperation(CompilationUnit.java:585)
	at org.codehaus.groovy.control.CompilationUnit.processPhaseOperations(CompilationUnit.java:561)
	at org.codehaus.groovy.control.CompilationUnit.compile(CompilationUnit.java:538)
	at org.codehaus.groovy.control.CompilationUnit.compile(CompilationUnit.java:517)
	at org.codehaus.groovy.tools.FileSystemCompiler.compile(FileSystemCompiler.java:59)
	at org.codehaus.groovy.tools.FileSystemCompiler.doCompilation(FileSystemCompiler.java:215)
	at org.codehaus.groovy.ant.Groovyc.runCompiler(Groovyc.java:1161)
	at org.codehaus.groovy.ant.Groovyc.compile(Groovyc.java:1212)
	at org.codehaus.groovy.ant.Groovyc.execute(Groovyc.java:827)
	at org.apache.tools.ant.UnknownElement.execute(UnknownElement.java:291)
	at org.apache.tools.ant.dispatch.DispatchUtils.execute(DispatchUtils.java:106)
	at java.lang.Thread.run(Thread.java:745)
16-12-2019 14:36:13,365  INFO compiler.GrailsProjectWatcher - File [C:\Users\awake\workspace\IP18GAA\grails-app\controllers\co\edu\uniandes\rubric\RubricOutcomeController.groovy] changed. Applying changes to application.
16-12-2019 14:36:13,365  INFO compiler.GrailsProjectWatcher - File [C:\Users\awake\workspace\IP18GAA\grails-app\controllers\co\edu\uniandes\rubric\RubricOutcomeController.groovy] changed. Applying changes to application.
16-12-2019 14:36:13,431  INFO compiler.GrailsProjectWatcher - File [C:\Users\awake\workspace\IP18GAA\grails-app\controllers\co\edu\uniandes\rubric\RubricOutcomeController.groovy] changed. Applying changes to application.
16-12-2019 14:36:14,511 ERROR compiler.GrailsProjectWatcher - Compilation Error: startup failed:
C:\Users\awake\workspace\IP18GAA\grails-app\controllers\co\edu\uniandes\rubric\RubricOutcomeController.groovy: 22: expecting '}', found 'outcomeInstance' @ line 22, column 50.
   "La rbrica " + RubricOutcome outcomeIns
                                 ^

1 error

16-12-2019 14:36:14,512  INFO compiler.GrailsProjectWatcher - File [C:\Users\awake\workspace\IP18GAA\grails-app\controllers\co\edu\uniandes\rubric\RubricOutcomeController.groovy] changed. Applying changes to application.
16-12-2019 14:36:14,663 ERROR compiler.GrailsProjectWatcher - Compilation Error: startup failed:
C:\Users\awake\workspace\IP18GAA\grails-app\controllers\co\edu\uniandes\rubric\RubricOutcomeController.groovy: 22: expecting '}', found 'outcomeInstance' @ line 22, column 50.
   "La rbrica " + RubricOutcome outcomeIns
                                 ^

1 error

16-12-2019 14:36:14,664  INFO compiler.GrailsProjectWatcher - File [C:\Users\awake\workspace\IP18GAA\grails-app\controllers\co\edu\uniandes\rubric\RubricOutcomeController.groovy] changed. Applying changes to application.
16-12-2019 14:36:14,814 ERROR compiler.GrailsProjectWatcher - Compilation Error: startup failed:
C:\Users\awake\workspace\IP18GAA\grails-app\controllers\co\edu\uniandes\rubric\RubricOutcomeController.groovy: 22: expecting '}', found 'outcomeInstance' @ line 22, column 50.
   "La rbrica " + RubricOutcome outcomeIns
                                 ^

1 error

16-12-2019 14:36:14,825  INFO compiler.GrailsProjectWatcher - File [C:\Users\awake\workspace\IP18GAA\grails-app\controllers\co\edu\uniandes\rubric\RubricOutcomeController.groovy] changed. Applying changes to application.
16-12-2019 14:36:15,501 ERROR compiler.GrailsProjectWatcher - Compilation Error: startup failed:
C:\Users\awake\workspace\IP18GAA\grails-app\controllers\co\edu\uniandes\rubric\RubricOutcomeController.groovy: 22: expecting '}', found 'outcomeInstance' @ line 22, column 50.
   "La rbrica " + RubricOutcome outcomeIns
                                 ^

1 error

16-12-2019 14:36:15,515 ERROR compiler.GrailsProjectWatcher - Compilation Error: startup failed:
C:\Users\awake\workspace\IP18GAA\grails-app\controllers\co\edu\uniandes\rubric\RubricOutcomeController.groovy: 22: expecting '}', found 'outcomeInstance' @ line 22, column 50.
   "La rbrica " + RubricOutcome outcomeIns
                                 ^

1 error

16-12-2019 14:36:15,808 ERROR compiler.GrailsProjectWatcher - Compilation Error: startup failed:
C:\Users\awake\workspace\IP18GAA\grails-app\controllers\co\edu\uniandes\rubric\RubricOutcomeController.groovy: 22: expecting '}', found 'outcomeInstance' @ line 22, column 50.
   "La rbrica " + RubricOutcome outcomeIns
                                 ^

1 error

16-12-2019 14:37:04,713  INFO compiler.GrailsProjectWatcher - File [C:\Users\awake\workspace\IP18GAA\grails-app\controllers\co\edu\uniandes\rubric\RubricOutcomeController.groovy] changed. Applying changes to application.
16-12-2019 14:37:04,713  INFO compiler.GrailsProjectWatcher - File [C:\Users\awake\workspace\IP18GAA\grails-app\controllers\co\edu\uniandes\rubric\RubricOutcomeController.groovy] changed. Applying changes to application.
16-12-2019 14:37:04,719  INFO compiler.GrailsProjectWatcher - File [C:\Users\awake\workspace\IP18GAA\grails-app\controllers\co\edu\uniandes\rubric\RubricOutcomeController.groovy] changed. Applying changes to application.
16-12-2019 14:37:05,716  INFO compiler.GrailsProjectWatcher - File [C:\Users\awake\workspace\IP18GAA\grails-app\controllers\co\edu\uniandes\rubric\RubricOutcomeController.groovy] changed. Applying changes to application.
16-12-2019 14:37:05,819  INFO compiler.GrailsProjectWatcher - File [C:\Users\awake\workspace\IP18GAA\grails-app\controllers\co\edu\uniandes\rubric\RubricOutcomeController.groovy] changed. Applying changes to application.
16-12-2019 14:37:06,526  INFO ScaffoldingGrailsPlugin - Generating controller logic for scaffolding domain: co.edu.uniandes.rubric.RubricOutcome
16-12-2019 14:37:06,583  INFO ScaffoldingGrailsPlugin - Generating controller logic for scaffolding domain: co.edu.uniandes.rubric.RubricOutcome
16-12-2019 14:37:06,686  INFO compiler.GrailsProjectWatcher - File [C:\Users\awake\workspace\IP18GAA\grails-app\controllers\co\edu\uniandes\rubric\RubricOutcomeController.groovy] changed. Applying changes to application.
16-12-2019 14:46:53,767  INFO compiler.GrailsProjectWatcher - File [C:\Users\awake\workspace\IP18GAA\grails-app\services\co\edu\uniandes\rubric\RubricService.groovy] changed. Applying changes to application.
16-12-2019 14:46:53,767  INFO compiler.GrailsProjectWatcher - File [C:\Users\awake\workspace\IP18GAA\grails-app\services\co\edu\uniandes\rubric\RubricService.groovy] changed. Applying changes to application.
16-12-2019 14:46:53,769  INFO compiler.GrailsProjectWatcher - File [C:\Users\awake\workspace\IP18GAA\grails-app\services\co\edu\uniandes\rubric\RubricService.groovy] changed. Applying changes to application.
16-12-2019 14:46:54,953 ERROR compiler.GrailsProjectWatcher - Compilation Error: startup failed:
C:\Users\awake\workspace\IP18GAA\grails-app\services\co\edu\uniandes\rubric\RubricService.groovy: 58: unable to resolve class Outcome 
 @ line 58, column 15.
   				outcome = new Outcome()
                 ^

1 error

16-12-2019 14:46:54,953  INFO compiler.GrailsProjectWatcher - File [C:\Users\awake\workspace\IP18GAA\grails-app\services\co\edu\uniandes\rubric\RubricService.groovy] changed. Applying changes to application.
16-12-2019 14:46:54,970 ERROR compiler.GrailsProjectWatcher - Compilation Error: startup failed:
C:\Users\awake\workspace\IP18GAA\grails-app\services\co\edu\uniandes\rubric\RubricService.groovy: 58: unable to resolve class Outcome 
 @ line 58, column 15.
   				outcome = new Outcome()
                 ^

1 error

16-12-2019 14:46:54,971  INFO compiler.GrailsProjectWatcher - File [C:\Users\awake\workspace\IP18GAA\grails-app\services\co\edu\uniandes\rubric\RubricService.groovy] changed. Applying changes to application.
16-12-2019 14:46:55,622 ERROR compiler.GrailsProjectWatcher - Compilation Error: startup failed:
C:\Users\awake\workspace\IP18GAA\grails-app\services\co\edu\uniandes\rubric\RubricService.groovy: 58: unable to resolve class Outcome 
 @ line 58, column 15.
   				outcome = new Outcome()
                 ^

1 error

16-12-2019 14:46:55,838  INFO compiler.GrailsProjectWatcher - File [C:\Users\awake\workspace\IP18GAA\grails-app\services\co\edu\uniandes\rubric\RubricService.groovy] changed. Applying changes to application.
16-12-2019 14:46:55,861 ERROR compiler.GrailsProjectWatcher - Compilation Error: startup failed:
C:\Users\awake\workspace\IP18GAA\grails-app\services\co\edu\uniandes\rubric\RubricService.groovy: 58: unable to resolve class Outcome 
 @ line 58, column 15.
   				outcome = new Outcome()
                 ^

1 error

16-12-2019 14:46:55,864 ERROR compiler.GrailsProjectWatcher - Compilation Error: startup failed:
C:\Users\awake\workspace\IP18GAA\grails-app\services\co\edu\uniandes\rubric\RubricService.groovy: 58: unable to resolve class Outcome 
 @ line 58, column 15.
   				outcome = new Outcome()
                 ^

1 error

16-12-2019 14:46:56,453 ERROR compiler.GrailsProjectWatcher - Compilation Error: startup failed:
C:\Users\awake\workspace\IP18GAA\grails-app\services\co\edu\uniandes\rubric\RubricService.groovy: 58: unable to resolve class Outcome 
 @ line 58, column 15.
   				outcome = new Outcome()
                 ^

1 error

16-12-2019 14:47:18,933  INFO compiler.GrailsProjectWatcher - File [C:\Users\awake\workspace\IP18GAA\grails-app\services\co\edu\uniandes\rubric\RubricService.groovy] changed. Applying changes to application.
16-12-2019 14:47:18,957  INFO compiler.GrailsProjectWatcher - File [C:\Users\awake\workspace\IP18GAA\grails-app\services\co\edu\uniandes\rubric\RubricService.groovy] changed. Applying changes to application.
16-12-2019 14:47:18,959  INFO compiler.GrailsProjectWatcher - File [C:\Users\awake\workspace\IP18GAA\grails-app\services\co\edu\uniandes\rubric\RubricService.groovy] changed. Applying changes to application.
16-12-2019 14:47:19,798  INFO compiler.GrailsProjectWatcher - File [C:\Users\awake\workspace\IP18GAA\grails-app\services\co\edu\uniandes\rubric\RubricService.groovy] changed. Applying changes to application.
16-12-2019 14:47:19,820  INFO compiler.GrailsProjectWatcher - File [C:\Users\awake\workspace\IP18GAA\grails-app\services\co\edu\uniandes\rubric\RubricService.groovy] changed. Applying changes to application.
16-12-2019 14:47:20,086  INFO compiler.GrailsProjectWatcher - File [C:\Users\awake\workspace\IP18GAA\grails-app\services\co\edu\uniandes\rubric\RubricService.groovy] changed. Applying changes to application.
16-12-2019 14:49:54,065  INFO compiler.GrailsProjectWatcher - File [C:\Users\awake\workspace\IP18GAA\grails-app\services\co\edu\uniandes\rubric\RubricService.groovy] changed. Applying changes to application.
16-12-2019 14:49:54,065  INFO compiler.GrailsProjectWatcher - File [C:\Users\awake\workspace\IP18GAA\grails-app\services\co\edu\uniandes\rubric\RubricService.groovy] changed. Applying changes to application.
16-12-2019 14:49:54,066  INFO compiler.GrailsProjectWatcher - File [C:\Users\awake\workspace\IP18GAA\grails-app\services\co\edu\uniandes\rubric\RubricService.groovy] changed. Applying changes to application.
16-12-2019 14:49:55,252  INFO compiler.GrailsProjectWatcher - File [C:\Users\awake\workspace\IP18GAA\grails-app\services\co\edu\uniandes\rubric\RubricService.groovy] changed. Applying changes to application.
16-12-2019 14:49:55,374  INFO compiler.GrailsProjectWatcher - File [C:\Users\awake\workspace\IP18GAA\grails-app\services\co\edu\uniandes\rubric\RubricService.groovy] changed. Applying changes to application.
16-12-2019 14:49:55,997  INFO compiler.GrailsProjectWatcher - File [C:\Users\awake\workspace\IP18GAA\grails-app\services\co\edu\uniandes\rubric\RubricService.groovy] changed. Applying changes to application.
16-12-2019 14:49:57,094 ERROR agent.Watcher - FileWatcher caught serious error, see cause
java.lang.LinkageError: loader (instance of  org/springsource/loaded/ChildClassLoader): attempted  duplicate class definition for name: "co/edu/uniandes/rubric/RubricService$_saveRubric_closure1$$DRkqbZeV"
	at java.lang.ClassLoader.defineClass(ClassLoader.java:760)
	at java.lang.ClassLoader.defineClass(ClassLoader.java:642)
	at java.lang.Thread.run(Thread.java:745)
16-12-2019 14:49:57,094 ERROR agent.Watcher - FileWatcher caught serious error, see cause
java.lang.LinkageError: loader (instance of  org/springsource/loaded/ChildClassLoader): attempted  duplicate class definition for name: "co/edu/uniandes/rubric/RubricService$$DRkqbZeU"
	at java.lang.ClassLoader.defineClass(ClassLoader.java:760)
	at java.lang.ClassLoader.defineClass(ClassLoader.java:642)
	at java.lang.Thread.run(Thread.java:745)
16-12-2019 14:51:33,722  INFO compiler.GrailsProjectWatcher - File [C:\Users\awake\workspace\IP18GAA\grails-app\controllers\co\edu\uniandes\rubric\RubricOutcomeController.groovy] changed. Applying changes to application.
16-12-2019 14:51:33,721  INFO compiler.GrailsProjectWatcher - File [C:\Users\awake\workspace\IP18GAA\grails-app\controllers\co\edu\uniandes\rubric\RubricOutcomeController.groovy] changed. Applying changes to application.
16-12-2019 14:51:33,727  INFO compiler.GrailsProjectWatcher - File [C:\Users\awake\workspace\IP18GAA\grails-app\controllers\co\edu\uniandes\rubric\RubricOutcomeController.groovy] changed. Applying changes to application.
16-12-2019 14:51:34,795  INFO compiler.GrailsProjectWatcher - File [C:\Users\awake\workspace\IP18GAA\grails-app\controllers\co\edu\uniandes\rubric\RubricOutcomeController.groovy] changed. Applying changes to application.
16-12-2019 14:51:34,931  INFO compiler.GrailsProjectWatcher - File [C:\Users\awake\workspace\IP18GAA\grails-app\controllers\co\edu\uniandes\rubric\RubricOutcomeController.groovy] changed. Applying changes to application.
16-12-2019 14:51:35,101  INFO compiler.GrailsProjectWatcher - File [C:\Users\awake\workspace\IP18GAA\grails-app\controllers\co\edu\uniandes\rubric\RubricOutcomeController.groovy] changed. Applying changes to application.
16-12-2019 14:51:35,419  INFO ScaffoldingGrailsPlugin - Generating controller logic for scaffolding domain: co.edu.uniandes.rubric.RubricOutcome
16-12-2019 14:51:35,774  INFO ScaffoldingGrailsPlugin - Generating controller logic for scaffolding domain: co.edu.uniandes.rubric.RubricOutcome
16-12-2019 14:51:54,507 ERROR spring.OptimizedAutowireCapableBeanFactory - Bean couldn't be autowired using grails optimization: null
16-12-2019 14:51:54,507 ERROR spring.OptimizedAutowireCapableBeanFactory - Retrying using spring autowire
16-12-2019 14:51:54,508  WARN simple.MemoryPageFragmentCachingFilter - Throwable thrown during doFilter on request with URI: /IP18GAA/grails/rubric/listRubrics.dispatch and Query: null : Error creating bean with name 'co.edu.uniandes.rubric.RubricController': Instantiation of bean failed; nested exception is org.springframework.beans.BeanInstantiationException: Could not instantiate bean class [co.edu.uniandes.rubric.RubricController]: Constructor threw exception; nested exception is java.lang.NullPointerException
org.springframework.beans.factory.BeanCreationException: Error creating bean with name 'co.edu.uniandes.rubric.RubricController': Instantiation of bean failed; nested exception is org.springframework.beans.BeanInstantiationException: Could not instantiate bean class [co.edu.uniandes.rubric.RubricController]: Constructor threw exception; nested exception is java.lang.NullPointerException
	at grails.plugin.cache.web.filter.AbstractFilter.getBean(AbstractFilter.java:196)
	at grails.plugin.cache.web.filter.PageFragmentCachingFilter.lookupController(PageFragmentCachingFilter.java:842)
	at grails.plugin.cache.web.filter.PageFragmentCachingFilter.doFilter(PageFragmentCachingFilter.java:173)
	at grails.plugin.cache.web.filter.AbstractFilter.doFilter(AbstractFilter.java:63)
	at grails.plugin.springsecurity.web.filter.GrailsAnonymousAuthenticationFilter.doFilter(GrailsAnonymousAuthenticationFilter.java:53)
	at grails.plugin.springsecurity.web.authentication.RequestHolderAuthenticationFilter.doFilter(RequestHolderAuthenticationFilter.java:49)
	at grails.plugin.springsecurity.web.authentication.logout.MutableLogoutFilter.doFilter(MutableLogoutFilter.java:82)
	at java.util.concurrent.ThreadPoolExecutor.runWorker(ThreadPoolExecutor.java:1142)
	at java.util.concurrent.ThreadPoolExecutor$Worker.run(ThreadPoolExecutor.java:617)
	at java.lang.Thread.run(Thread.java:745)
Caused by: org.springframework.beans.BeanInstantiationException: Could not instantiate bean class [co.edu.uniandes.rubric.RubricController]: Constructor threw exception; nested exception is java.lang.NullPointerException
	... 10 more
Caused by: java.lang.NullPointerException
	at java.beans.MethodRef.get(MethodRef.java:72)
	at java.beans.MethodDescriptor.getMethod(MethodDescriptor.java:84)
	... 10 more
16-12-2019 14:51:54,508 ERROR [/IP18GAA].[grails] - Servlet.service() for servlet grails threw exception
java.lang.NullPointerException
	at java.beans.MethodRef.get(MethodRef.java:72)
	at java.beans.MethodDescriptor.getMethod(MethodDescriptor.java:84)
	at grails.plugin.cache.web.filter.AbstractFilter.getBean(AbstractFilter.java:196)
	at grails.plugin.cache.web.filter.PageFragmentCachingFilter.lookupController(PageFragmentCachingFilter.java:842)
	at grails.plugin.cache.web.filter.PageFragmentCachingFilter.doFilter(PageFragmentCachingFilter.java:173)
	at grails.plugin.cache.web.filter.AbstractFilter.doFilter(AbstractFilter.java:63)
	at grails.plugin.springsecurity.web.filter.GrailsAnonymousAuthenticationFilter.doFilter(GrailsAnonymousAuthenticationFilter.java:53)
	at grails.plugin.springsecurity.web.authentication.RequestHolderAuthenticationFilter.doFilter(RequestHolderAuthenticationFilter.java:49)
	at grails.plugin.springsecurity.web.authentication.logout.MutableLogoutFilter.doFilter(MutableLogoutFilter.java:82)
	at java.util.concurrent.ThreadPoolExecutor.runWorker(ThreadPoolExecutor.java:1142)
	at java.util.concurrent.ThreadPoolExecutor$Worker.run(ThreadPoolExecutor.java:617)
	at java.lang.Thread.run(Thread.java:745)
16-12-2019 14:51:54,508 ERROR [/IP18GAA].[default] - Servlet.service() for servlet [default] in context with path [/IP18GAA] threw exception [org.springframework.beans.factory.BeanCreationException: Error creating bean with name 'co.edu.uniandes.rubric.RubricController': Instantiation of bean failed; nested exception is org.springframework.beans.BeanInstantiationException: Could not instantiate bean class [co.edu.uniandes.rubric.RubricController]: Constructor threw exception; nested exception is java.lang.NullPointerException] with root cause
java.lang.NullPointerException
	at java.beans.MethodRef.get(MethodRef.java:72)
	at java.beans.MethodDescriptor.getMethod(MethodDescriptor.java:84)
	at grails.plugin.cache.web.filter.AbstractFilter.getBean(AbstractFilter.java:196)
	at grails.plugin.cache.web.filter.PageFragmentCachingFilter.lookupController(PageFragmentCachingFilter.java:842)
	at grails.plugin.cache.web.filter.PageFragmentCachingFilter.doFilter(PageFragmentCachingFilter.java:173)
	at grails.plugin.cache.web.filter.AbstractFilter.doFilter(AbstractFilter.java:63)
	at grails.plugin.springsecurity.web.filter.GrailsAnonymousAuthenticationFilter.doFilter(GrailsAnonymousAuthenticationFilter.java:53)
	at grails.plugin.springsecurity.web.authentication.RequestHolderAuthenticationFilter.doFilter(RequestHolderAuthenticationFilter.java:49)
	at grails.plugin.springsecurity.web.authentication.logout.MutableLogoutFilter.doFilter(MutableLogoutFilter.java:82)
	at java.util.concurrent.ThreadPoolExecutor.runWorker(ThreadPoolExecutor.java:1142)
	at java.util.concurrent.ThreadPoolExecutor$Worker.run(ThreadPoolExecutor.java:617)
	at java.lang.Thread.run(Thread.java:745)
16-12-2019 14:52:16,949 ERROR errors.GrailsExceptionResolver - MissingPropertyException occurred when processing request: [POST] /IP18GAA/rubricOutcome/saveOutcome - parameters:
guardar: guardar
name: pruebaComp
description: asasas
id: 
idRubric: 
No such property: rubricService for class: co.edu.uniandes.rubric.RubricOutcomeController. Stacktrace follows:
groovy.lang.MissingPropertyException: No such property: rubricService for class: co.edu.uniandes.rubric.RubricOutcomeController
	at co.edu.uniandes.rubric.RubricOutcomeController$$ERkqbzSy.saveOutcome(RubricOutcomeController.groovy:20)
	at grails.plugin.cache.web.filter.PageFragmentCachingFilter.doFilter(PageFragmentCachingFilter.java:198)
	at grails.plugin.cache.web.filter.AbstractFilter.doFilter(AbstractFilter.java:63)
	at grails.plugin.springsecurity.web.filter.GrailsAnonymousAuthenticationFilter.doFilter(GrailsAnonymousAuthenticationFilter.java:53)
	at grails.plugin.springsecurity.web.authentication.RequestHolderAuthenticationFilter.doFilter(RequestHolderAuthenticationFilter.java:49)
	at grails.plugin.springsecurity.web.authentication.logout.MutableLogoutFilter.doFilter(MutableLogoutFilter.java:82)
	at java.util.concurrent.ThreadPoolExecutor.runWorker(ThreadPoolExecutor.java:1142)
	at java.util.concurrent.ThreadPoolExecutor$Worker.run(ThreadPoolExecutor.java:617)
	at java.lang.Thread.run(Thread.java:745)
16-12-2019 14:52:35,062  INFO compiler.GrailsProjectWatcher - File [C:\Users\awake\workspace\IP18GAA\grails-app\controllers\co\edu\uniandes\rubric\RubricOutcomeController.groovy] changed. Applying changes to application.
16-12-2019 14:52:35,062  INFO compiler.GrailsProjectWatcher - File [C:\Users\awake\workspace\IP18GAA\grails-app\controllers\co\edu\uniandes\rubric\RubricOutcomeController.groovy] changed. Applying changes to application.
16-12-2019 14:52:35,062  INFO compiler.GrailsProjectWatcher - File [C:\Users\awake\workspace\IP18GAA\grails-app\controllers\co\edu\uniandes\rubric\RubricOutcomeController.groovy] changed. Applying changes to application.
16-12-2019 14:52:36,159  INFO compiler.GrailsProjectWatcher - File [C:\Users\awake\workspace\IP18GAA\grails-app\controllers\co\edu\uniandes\rubric\RubricOutcomeController.groovy] changed. Applying changes to application.
16-12-2019 14:52:36,280  INFO compiler.GrailsProjectWatcher - File [C:\Users\awake\workspace\IP18GAA\grails-app\controllers\co\edu\uniandes\rubric\RubricOutcomeController.groovy] changed. Applying changes to application.
16-12-2019 14:52:36,627  INFO ScaffoldingGrailsPlugin - Generating controller logic for scaffolding domain: co.edu.uniandes.rubric.RubricOutcome
16-12-2019 14:52:36,652  INFO ScaffoldingGrailsPlugin - Generating controller logic for scaffolding domain: co.edu.uniandes.rubric.RubricOutcome
16-12-2019 14:52:36,980  INFO compiler.GrailsProjectWatcher - File [C:\Users\awake\workspace\IP18GAA\grails-app\controllers\co\edu\uniandes\rubric\RubricOutcomeController.groovy] changed. Applying changes to application.
16-12-2019 14:52:42,336 ERROR errors.GrailsExceptionResolver - MissingPropertyException occurred when processing request: [POST] /IP18GAA/rubricOutcome/saveOutcome - parameters:
guardar: guardar
name: pruebaComp
description: asasas
id: 
idRubric: 
No such property: Course for class: co.edu.uniandes.rubric.RubricOutcomeController. Stacktrace follows:
groovy.lang.MissingPropertyException: No such property: Course for class: co.edu.uniandes.rubric.RubricOutcomeController
	at co.edu.uniandes.rubric.RubricOutcomeController$$ERkqcFQU.saveOutcome(RubricOutcomeController.groovy:28)
	at grails.plugin.cache.web.filter.PageFragmentCachingFilter.doFilter(PageFragmentCachingFilter.java:198)
	at grails.plugin.cache.web.filter.AbstractFilter.doFilter(AbstractFilter.java:63)
	at grails.plugin.springsecurity.web.filter.GrailsAnonymousAuthenticationFilter.doFilter(GrailsAnonymousAuthenticationFilter.java:53)
	at grails.plugin.springsecurity.web.authentication.RequestHolderAuthenticationFilter.doFilter(RequestHolderAuthenticationFilter.java:49)
	at grails.plugin.springsecurity.web.authentication.logout.MutableLogoutFilter.doFilter(MutableLogoutFilter.java:82)
	at java.util.concurrent.ThreadPoolExecutor.runWorker(ThreadPoolExecutor.java:1142)
	at java.util.concurrent.ThreadPoolExecutor$Worker.run(ThreadPoolExecutor.java:617)
	at java.lang.Thread.run(Thread.java:745)
16-12-2019 15:02:53,806  INFO compiler.GrailsProjectWatcher - File [C:\Users\awake\workspace\IP18GAA\grails-app\controllers\co\edu\uniandes\rubric\RubricOutcomeController.groovy] changed. Applying changes to application.
16-12-2019 15:02:53,806  INFO compiler.GrailsProjectWatcher - File [C:\Users\awake\workspace\IP18GAA\grails-app\controllers\co\edu\uniandes\rubric\RubricOutcomeController.groovy] changed. Applying changes to application.
16-12-2019 15:02:53,807  INFO compiler.GrailsProjectWatcher - File [C:\Users\awake\workspace\IP18GAA\grails-app\controllers\co\edu\uniandes\rubric\RubricOutcomeController.groovy] changed. Applying changes to application.
16-12-2019 15:02:54,778  INFO compiler.GrailsProjectWatcher - File [C:\Users\awake\workspace\IP18GAA\grails-app\controllers\co\edu\uniandes\rubric\RubricOutcomeController.groovy] changed. Applying changes to application.
16-12-2019 15:02:54,818  INFO compiler.GrailsProjectWatcher - File [C:\Users\awake\workspace\IP18GAA\grails-app\controllers\co\edu\uniandes\rubric\RubricOutcomeController.groovy] changed. Applying changes to application.
16-12-2019 15:02:55,024  INFO ScaffoldingGrailsPlugin - Generating controller logic for scaffolding domain: co.edu.uniandes.rubric.RubricOutcome
16-12-2019 15:02:55,033  INFO ScaffoldingGrailsPlugin - Generating controller logic for scaffolding domain: co.edu.uniandes.rubric.RubricOutcome
16-12-2019 15:02:55,540  INFO compiler.GrailsProjectWatcher - File [C:\Users\awake\workspace\IP18GAA\grails-app\controllers\co\edu\uniandes\rubric\RubricOutcomeController.groovy] changed. Applying changes to application.
16-12-2019 15:02:57,425  INFO ScaffoldingGrailsPlugin - Generating controller logic for scaffolding domain: co.edu.uniandes.rubric.RubricOutcome
16-12-2019 15:02:57,516  INFO ScaffoldingGrailsPlugin - Generating controller logic for scaffolding domain: co.edu.uniandes.rubric.RubricOutcome
16-12-2019 15:03:02,394 ERROR errors.GrailsExceptionResolver - NullPointerException occurred when processing request: [GET] /IP18GAA/rubric/defineRubric
Cannot get property 'id' on null object. Stacktrace follows:
org.codehaus.groovy.grails.web.pages.exceptions.GroovyPagesException: Error evaluating expression [rubric.id] on line [12]: Cannot get property 'id' on null object
	at C__Users_awake_workspace_IP18GAA_grails_app_views_rubric_defineRubric_gsp$_run_closure2.doCall(C__Users_awake_workspace_IP18GAA_grails_app_views_rubric_defineRubric_gsp:33)
	at C__Users_awake_workspace_IP18GAA_grails_app_views_rubric_defineRubric_gsp.run(C__Users_awake_workspace_IP18GAA_grails_app_views_rubric_defineRubric_gsp:64)
	at grails.plugin.cache.web.filter.PageFragmentCachingFilter.doFilter(PageFragmentCachingFilter.java:198)
	at grails.plugin.cache.web.filter.AbstractFilter.doFilter(AbstractFilter.java:63)
	at grails.plugin.springsecurity.web.filter.GrailsAnonymousAuthenticationFilter.doFilter(GrailsAnonymousAuthenticationFilter.java:53)
	at grails.plugin.springsecurity.web.authentication.RequestHolderAuthenticationFilter.doFilter(RequestHolderAuthenticationFilter.java:49)
	at grails.plugin.springsecurity.web.authentication.logout.MutableLogoutFilter.doFilter(MutableLogoutFilter.java:82)
	at java.util.concurrent.ThreadPoolExecutor.runWorker(ThreadPoolExecutor.java:1142)
	at java.util.concurrent.ThreadPoolExecutor$Worker.run(ThreadPoolExecutor.java:617)
	at java.lang.Thread.run(Thread.java:745)
Caused by: java.lang.NullPointerException: Cannot get property 'id' on null object
	at C__Users_awake_workspace_IP18GAA_grails_app_views_rubric_defineRubric_gsp$_run_closure2_closure12.doCall(C__Users_awake_workspace_IP18GAA_grails_app_views_rubric_defineRubric_gsp:33)
	... 10 more
16-12-2019 15:03:17,258 ERROR errors.GrailsExceptionResolver - NullPointerException occurred when processing request: [GET] /IP18GAA/rubric/defineRubric
Cannot get property 'id' on null object. Stacktrace follows:
org.codehaus.groovy.grails.web.pages.exceptions.GroovyPagesException: Error evaluating expression [rubric.id] on line [12]: Cannot get property 'id' on null object
	at C__Users_awake_workspace_IP18GAA_grails_app_views_rubric_defineRubric_gsp$_run_closure2.doCall(C__Users_awake_workspace_IP18GAA_grails_app_views_rubric_defineRubric_gsp:33)
	at C__Users_awake_workspace_IP18GAA_grails_app_views_rubric_defineRubric_gsp.run(C__Users_awake_workspace_IP18GAA_grails_app_views_rubric_defineRubric_gsp:64)
	at grails.plugin.cache.web.filter.PageFragmentCachingFilter.doFilter(PageFragmentCachingFilter.java:198)
	at grails.plugin.cache.web.filter.AbstractFilter.doFilter(AbstractFilter.java:63)
	at grails.plugin.springsecurity.web.filter.GrailsAnonymousAuthenticationFilter.doFilter(GrailsAnonymousAuthenticationFilter.java:53)
	at grails.plugin.springsecurity.web.authentication.RequestHolderAuthenticationFilter.doFilter(RequestHolderAuthenticationFilter.java:49)
	at grails.plugin.springsecurity.web.authentication.logout.MutableLogoutFilter.doFilter(MutableLogoutFilter.java:82)
	at java.util.concurrent.ThreadPoolExecutor.runWorker(ThreadPoolExecutor.java:1142)
	at java.util.concurrent.ThreadPoolExecutor$Worker.run(ThreadPoolExecutor.java:617)
	at java.lang.Thread.run(Thread.java:745)
Caused by: java.lang.NullPointerException: Cannot get property 'id' on null object
	at C__Users_awake_workspace_IP18GAA_grails_app_views_rubric_defineRubric_gsp$_run_closure2_closure12.doCall(C__Users_awake_workspace_IP18GAA_grails_app_views_rubric_defineRubric_gsp:33)
	... 10 more
16-12-2019 15:06:37,341  INFO compiler.GrailsProjectWatcher - File [C:\Users\awake\workspace\IP18GAA\grails-app\controllers\co\edu\uniandes\rubric\RubricOutcomeController.groovy] changed. Applying changes to application.
16-12-2019 15:06:37,341  INFO compiler.GrailsProjectWatcher - File [C:\Users\awake\workspace\IP18GAA\grails-app\controllers\co\edu\uniandes\rubric\RubricOutcomeController.groovy] changed. Applying changes to application.
16-12-2019 15:06:37,341  INFO compiler.GrailsProjectWatcher - File [C:\Users\awake\workspace\IP18GAA\grails-app\controllers\co\edu\uniandes\rubric\RubricOutcomeController.groovy] changed. Applying changes to application.
16-12-2019 15:06:38,314  INFO compiler.GrailsProjectWatcher - File [C:\Users\awake\workspace\IP18GAA\grails-app\controllers\co\edu\uniandes\rubric\RubricOutcomeController.groovy] changed. Applying changes to application.
16-12-2019 15:06:38,586  INFO compiler.GrailsProjectWatcher - File [C:\Users\awake\workspace\IP18GAA\grails-app\controllers\co\edu\uniandes\rubric\RubricOutcomeController.groovy] changed. Applying changes to application.
16-12-2019 15:06:38,911  INFO ScaffoldingGrailsPlugin - Generating controller logic for scaffolding domain: co.edu.uniandes.rubric.RubricOutcome
16-12-2019 15:06:38,931  INFO compiler.GrailsProjectWatcher - File [C:\Users\awake\workspace\IP18GAA\grails-app\controllers\co\edu\uniandes\rubric\RubricOutcomeController.groovy] changed. Applying changes to application.
16-12-2019 15:06:38,951  INFO ScaffoldingGrailsPlugin - Generating controller logic for scaffolding domain: co.edu.uniandes.rubric.RubricOutcome
16-12-2019 15:20:26,285 ERROR errors.GrailsExceptionResolver - NullPointerException occurred when processing request: [GET] /IP18GAA/rubric/defineRubric
Cannot get property 'id' on null object. Stacktrace follows:
org.codehaus.groovy.grails.web.pages.exceptions.GroovyPagesException: Error evaluating expression [rubric.id] on line [12]: Cannot get property 'id' on null object
	at C__Users_awake_workspace_IP18GAA_grails_app_views_rubric_defineRubric_gsp$_run_closure2.doCall(C__Users_awake_workspace_IP18GAA_grails_app_views_rubric_defineRubric_gsp:33)
	at C__Users_awake_workspace_IP18GAA_grails_app_views_rubric_defineRubric_gsp.run(C__Users_awake_workspace_IP18GAA_grails_app_views_rubric_defineRubric_gsp:68)
	at grails.plugin.cache.web.filter.PageFragmentCachingFilter.doFilter(PageFragmentCachingFilter.java:198)
	at grails.plugin.cache.web.filter.AbstractFilter.doFilter(AbstractFilter.java:63)
	at grails.plugin.springsecurity.web.filter.GrailsAnonymousAuthenticationFilter.doFilter(GrailsAnonymousAuthenticationFilter.java:53)
	at grails.plugin.springsecurity.web.authentication.RequestHolderAuthenticationFilter.doFilter(RequestHolderAuthenticationFilter.java:49)
	at grails.plugin.springsecurity.web.authentication.logout.MutableLogoutFilter.doFilter(MutableLogoutFilter.java:82)
	at java.util.concurrent.ThreadPoolExecutor.runWorker(ThreadPoolExecutor.java:1142)
	at java.util.concurrent.ThreadPoolExecutor$Worker.run(ThreadPoolExecutor.java:617)
	at java.lang.Thread.run(Thread.java:745)
Caused by: java.lang.NullPointerException: Cannot get property 'id' on null object
	at C__Users_awake_workspace_IP18GAA_grails_app_views_rubric_defineRubric_gsp$_run_closure2_closure12.doCall(C__Users_awake_workspace_IP18GAA_grails_app_views_rubric_defineRubric_gsp:33)
	... 10 more
16-12-2019 15:24:20,823 ERROR errors.GrailsExceptionResolver - GrailsTagException occurred when processing request: [GET] /IP18GAA/rubric/defineRubric/3
Attribute value quote wasn't closed (controller="RubricOutcome" action="editOutcome" params="[idRubric: ${rubric.id}]").. Stacktrace follows:
java.lang.RuntimeException: Error initializing GroovyPageView
	at grails.plugin.cache.web.filter.PageFragmentCachingFilter.doFilter(PageFragmentCachingFilter.java:198)
	at grails.plugin.cache.web.filter.AbstractFilter.doFilter(AbstractFilter.java:63)
	at grails.plugin.springsecurity.web.filter.GrailsAnonymousAuthenticationFilter.doFilter(GrailsAnonymousAuthenticationFilter.java:53)
	at grails.plugin.springsecurity.web.authentication.RequestHolderAuthenticationFilter.doFilter(RequestHolderAuthenticationFilter.java:49)
	at grails.plugin.springsecurity.web.authentication.logout.MutableLogoutFilter.doFilter(MutableLogoutFilter.java:82)
	at java.util.concurrent.ThreadPoolExecutor.runWorker(ThreadPoolExecutor.java:1142)
	at java.util.concurrent.ThreadPoolExecutor$Worker.run(ThreadPoolExecutor.java:617)
	at java.lang.Thread.run(Thread.java:745)
Caused by: org.codehaus.groovy.grails.web.taglib.exceptions.GrailsTagException: Attribute value quote wasn't closed (controller="RubricOutcome" action="editOutcome" params="[idRubric: ${rubric.id}]").
	at grails.util.CacheEntry.getValue(CacheEntry.java:144)
	at grails.util.CacheEntry.getValue(CacheEntry.java:84)
	... 8 more
16-12-2019 15:25:32,045 ERROR errors.GrailsExceptionResolver - NullPointerException occurred when processing request: [GET] /IP18GAA/rubric/defineRubric
Cannot get property 'id' on null object. Stacktrace follows:
org.codehaus.groovy.grails.web.pages.exceptions.GroovyPagesException: Error evaluating expression [[idRubric: rubric.id]] on line [12]: Cannot get property 'id' on null object
	at C__Users_awake_workspace_IP18GAA_grails_app_views_rubric_defineRubric_gsp$_run_closure2.doCall(C__Users_awake_workspace_IP18GAA_grails_app_views_rubric_defineRubric_gsp:33)
	at C__Users_awake_workspace_IP18GAA_grails_app_views_rubric_defineRubric_gsp.run(C__Users_awake_workspace_IP18GAA_grails_app_views_rubric_defineRubric_gsp:68)
	at grails.plugin.cache.web.filter.PageFragmentCachingFilter.doFilter(PageFragmentCachingFilter.java:198)
	at grails.plugin.cache.web.filter.AbstractFilter.doFilter(AbstractFilter.java:63)
	at grails.plugin.springsecurity.web.filter.GrailsAnonymousAuthenticationFilter.doFilter(GrailsAnonymousAuthenticationFilter.java:53)
	at grails.plugin.springsecurity.web.authentication.RequestHolderAuthenticationFilter.doFilter(RequestHolderAuthenticationFilter.java:49)
	at grails.plugin.springsecurity.web.authentication.logout.MutableLogoutFilter.doFilter(MutableLogoutFilter.java:82)
	at java.util.concurrent.ThreadPoolExecutor.runWorker(ThreadPoolExecutor.java:1142)
	at java.util.concurrent.ThreadPoolExecutor$Worker.run(ThreadPoolExecutor.java:617)
	at java.lang.Thread.run(Thread.java:745)
Caused by: java.lang.NullPointerException: Cannot get property 'id' on null object
	at C__Users_awake_workspace_IP18GAA_grails_app_views_rubric_defineRubric_gsp$_run_closure2_closure12.doCall(C__Users_awake_workspace_IP18GAA_grails_app_views_rubric_defineRubric_gsp:33)
	... 10 more
16-12-2019 15:27:22,321  INFO compiler.GrailsProjectWatcher - File [C:\Users\awake\workspace\IP18GAA\grails-app\controllers\co\edu\uniandes\rubric\RubricOutcomeController.groovy] changed. Applying changes to application.
16-12-2019 15:27:22,328  INFO compiler.GrailsProjectWatcher - File [C:\Users\awake\workspace\IP18GAA\grails-app\controllers\co\edu\uniandes\rubric\RubricOutcomeController.groovy] changed. Applying changes to application.
16-12-2019 15:27:22,356  INFO compiler.GrailsProjectWatcher - File [C:\Users\awake\workspace\IP18GAA\grails-app\controllers\co\edu\uniandes\rubric\RubricOutcomeController.groovy] changed. Applying changes to application.
16-12-2019 15:27:23,360  INFO compiler.GrailsProjectWatcher - File [C:\Users\awake\workspace\IP18GAA\grails-app\controllers\co\edu\uniandes\rubric\RubricOutcomeController.groovy] changed. Applying changes to application.
16-12-2019 15:27:23,527  INFO compiler.GrailsProjectWatcher - File [C:\Users\awake\workspace\IP18GAA\grails-app\controllers\co\edu\uniandes\rubric\RubricOutcomeController.groovy] changed. Applying changes to application.
16-12-2019 15:27:23,772  INFO compiler.GrailsProjectWatcher - File [C:\Users\awake\workspace\IP18GAA\grails-app\controllers\co\edu\uniandes\rubric\RubricOutcomeController.groovy] changed. Applying changes to application.
16-12-2019 15:27:24,542  INFO ScaffoldingGrailsPlugin - Generating controller logic for scaffolding domain: co.edu.uniandes.rubric.RubricOutcome
16-12-2019 15:27:24,685  INFO ScaffoldingGrailsPlugin - Generating controller logic for scaffolding domain: co.edu.uniandes.rubric.RubricOutcome
16-12-2019 15:28:22,319 ERROR errors.GrailsExceptionResolver - NullPointerException occurred when processing request: [GET] /IP18GAA/rubric/defineRubric
Cannot get property 'id' on null object. Stacktrace follows:
org.codehaus.groovy.grails.web.pages.exceptions.GroovyPagesException: Error evaluating expression [[idRubric: rubric.id]] on line [12]: Cannot get property 'id' on null object
	at C__Users_awake_workspace_IP18GAA_grails_app_views_rubric_defineRubric_gsp$_run_closure2.doCall(C__Users_awake_workspace_IP18GAA_grails_app_views_rubric_defineRubric_gsp:33)
	at C__Users_awake_workspace_IP18GAA_grails_app_views_rubric_defineRubric_gsp.run(C__Users_awake_workspace_IP18GAA_grails_app_views_rubric_defineRubric_gsp:68)
	at grails.plugin.cache.web.filter.PageFragmentCachingFilter.doFilter(PageFragmentCachingFilter.java:198)
	at grails.plugin.cache.web.filter.AbstractFilter.doFilter(AbstractFilter.java:63)
	at grails.plugin.springsecurity.web.filter.GrailsAnonymousAuthenticationFilter.doFilter(GrailsAnonymousAuthenticationFilter.java:53)
	at grails.plugin.springsecurity.web.authentication.RequestHolderAuthenticationFilter.doFilter(RequestHolderAuthenticationFilter.java:49)
	at grails.plugin.springsecurity.web.authentication.logout.MutableLogoutFilter.doFilter(MutableLogoutFilter.java:82)
	at java.util.concurrent.ThreadPoolExecutor.runWorker(ThreadPoolExecutor.java:1142)
	at java.util.concurrent.ThreadPoolExecutor$Worker.run(ThreadPoolExecutor.java:617)
	at java.lang.Thread.run(Thread.java:745)
Caused by: java.lang.NullPointerException: Cannot get property 'id' on null object
	at C__Users_awake_workspace_IP18GAA_grails_app_views_rubric_defineRubric_gsp$_run_closure2_closure12.doCall(C__Users_awake_workspace_IP18GAA_grails_app_views_rubric_defineRubric_gsp:33)
	... 10 more
16-12-2019 15:29:22,343  INFO compiler.GrailsProjectWatcher - File [C:\Users\awake\workspace\IP18GAA\grails-app\controllers\co\edu\uniandes\rubric\RubricOutcomeController.groovy] changed. Applying changes to application.
16-12-2019 15:29:22,343  INFO compiler.GrailsProjectWatcher - File [C:\Users\awake\workspace\IP18GAA\grails-app\controllers\co\edu\uniandes\rubric\RubricOutcomeController.groovy] changed. Applying changes to application.
16-12-2019 15:29:22,345  INFO compiler.GrailsProjectWatcher - File [C:\Users\awake\workspace\IP18GAA\grails-app\controllers\co\edu\uniandes\rubric\RubricOutcomeController.groovy] changed. Applying changes to application.
16-12-2019 15:29:23,299  INFO compiler.GrailsProjectWatcher - File [C:\Users\awake\workspace\IP18GAA\grails-app\controllers\co\edu\uniandes\rubric\RubricOutcomeController.groovy] changed. Applying changes to application.
16-12-2019 15:29:23,354  INFO compiler.GrailsProjectWatcher - File [C:\Users\awake\workspace\IP18GAA\grails-app\controllers\co\edu\uniandes\rubric\RubricOutcomeController.groovy] changed. Applying changes to application.
16-12-2019 15:29:23,533  INFO ScaffoldingGrailsPlugin - Generating controller logic for scaffolding domain: co.edu.uniandes.rubric.RubricOutcome
16-12-2019 15:29:23,781  INFO ScaffoldingGrailsPlugin - Generating controller logic for scaffolding domain: co.edu.uniandes.rubric.RubricOutcome
16-12-2019 15:29:23,906  INFO compiler.GrailsProjectWatcher - File [C:\Users\awake\workspace\IP18GAA\grails-app\controllers\co\edu\uniandes\rubric\RubricOutcomeController.groovy] changed. Applying changes to application.
16-12-2019 15:29:25,858  INFO ScaffoldingGrailsPlugin - Generating controller logic for scaffolding domain: co.edu.uniandes.rubric.RubricOutcome
16-12-2019 15:29:25,860  INFO ScaffoldingGrailsPlugin - Generating controller logic for scaffolding domain: co.edu.uniandes.rubric.RubricOutcome
16-12-2019 15:30:10,091  INFO compiler.GrailsProjectWatcher - File [C:\Users\awake\workspace\IP18GAA\grails-app\controllers\co\edu\uniandes\rubric\RubricOutcomeController.groovy] changed. Applying changes to application.
16-12-2019 15:30:10,091  INFO compiler.GrailsProjectWatcher - File [C:\Users\awake\workspace\IP18GAA\grails-app\controllers\co\edu\uniandes\rubric\RubricOutcomeController.groovy] changed. Applying changes to application.
16-12-2019 15:30:10,091  INFO compiler.GrailsProjectWatcher - File [C:\Users\awake\workspace\IP18GAA\grails-app\controllers\co\edu\uniandes\rubric\RubricOutcomeController.groovy] changed. Applying changes to application.
16-12-2019 15:30:10,959 ERROR compiler.GrailsProjectWatcher - Compilation Error: startup failed:
C:\Users\awake\workspace\IP18GAA\grails-app\controllers\co\edu\uniandes\rubric\RubricOutcomeController.groovy: 28: expecting '}', found ')' @ line 28, column 79.
   eRubric', id: params.idRubric))
                                 ^

1 error

16-12-2019 15:30:10,960  INFO compiler.GrailsProjectWatcher - File [C:\Users\awake\workspace\IP18GAA\grails-app\controllers\co\edu\uniandes\rubric\RubricOutcomeController.groovy] changed. Applying changes to application.
16-12-2019 15:30:10,990 ERROR compiler.GrailsProjectWatcher - Compilation Error: startup failed:
C:\Users\awake\workspace\IP18GAA\grails-app\controllers\co\edu\uniandes\rubric\RubricOutcomeController.groovy: 28: expecting '}', found ')' @ line 28, column 79.
   eRubric', id: params.idRubric))
                                 ^

1 error

16-12-2019 15:30:10,991  INFO compiler.GrailsProjectWatcher - File [C:\Users\awake\workspace\IP18GAA\grails-app\controllers\co\edu\uniandes\rubric\RubricOutcomeController.groovy] changed. Applying changes to application.
16-12-2019 15:30:11,400 ERROR compiler.GrailsProjectWatcher - Compilation Error: startup failed:
C:\Users\awake\workspace\IP18GAA\grails-app\controllers\co\edu\uniandes\rubric\RubricOutcomeController.groovy: 28: expecting '}', found ')' @ line 28, column 79.
   eRubric', id: params.idRubric))
                                 ^

1 error

16-12-2019 15:30:11,420  INFO compiler.GrailsProjectWatcher - File [C:\Users\awake\workspace\IP18GAA\grails-app\controllers\co\edu\uniandes\rubric\RubricOutcomeController.groovy] changed. Applying changes to application.
16-12-2019 15:30:11,693 ERROR compiler.GrailsProjectWatcher - Compilation Error: startup failed:
C:\Users\awake\workspace\IP18GAA\grails-app\controllers\co\edu\uniandes\rubric\RubricOutcomeController.groovy: 28: expecting '}', found ')' @ line 28, column 79.
   eRubric', id: params.idRubric))
                                 ^

1 error

16-12-2019 15:30:11,720 ERROR compiler.GrailsProjectWatcher - Compilation Error: startup failed:
C:\Users\awake\workspace\IP18GAA\grails-app\controllers\co\edu\uniandes\rubric\RubricOutcomeController.groovy: 28: expecting '}', found ')' @ line 28, column 79.
   eRubric', id: params.idRubric))
                                 ^

1 error

16-12-2019 15:30:12,128 ERROR compiler.GrailsProjectWatcher - Compilation Error: startup failed:
C:\Users\awake\workspace\IP18GAA\grails-app\controllers\co\edu\uniandes\rubric\RubricOutcomeController.groovy: 28: expecting '}', found ')' @ line 28, column 79.
   eRubric', id: params.idRubric))
                                 ^

1 error

16-12-2019 15:30:18,729  INFO compiler.GrailsProjectWatcher - File [C:\Users\awake\workspace\IP18GAA\grails-app\controllers\co\edu\uniandes\rubric\RubricOutcomeController.groovy] changed. Applying changes to application.
16-12-2019 15:30:18,730  INFO compiler.GrailsProjectWatcher - File [C:\Users\awake\workspace\IP18GAA\grails-app\controllers\co\edu\uniandes\rubric\RubricOutcomeController.groovy] changed. Applying changes to application.
16-12-2019 15:30:18,731  INFO compiler.GrailsProjectWatcher - File [C:\Users\awake\workspace\IP18GAA\grails-app\controllers\co\edu\uniandes\rubric\RubricOutcomeController.groovy] changed. Applying changes to application.
16-12-2019 15:30:19,448  INFO compiler.GrailsProjectWatcher - File [C:\Users\awake\workspace\IP18GAA\grails-app\controllers\co\edu\uniandes\rubric\RubricOutcomeController.groovy] changed. Applying changes to application.
16-12-2019 15:30:19,495  INFO compiler.GrailsProjectWatcher - File [C:\Users\awake\workspace\IP18GAA\grails-app\controllers\co\edu\uniandes\rubric\RubricOutcomeController.groovy] changed. Applying changes to application.
16-12-2019 15:30:19,695  INFO compiler.GrailsProjectWatcher - File [C:\Users\awake\workspace\IP18GAA\grails-app\controllers\co\edu\uniandes\rubric\RubricOutcomeController.groovy] changed. Applying changes to application.
16-12-2019 15:30:20,187  INFO ScaffoldingGrailsPlugin - Generating controller logic for scaffolding domain: co.edu.uniandes.rubric.RubricOutcome
16-12-2019 15:30:20,525  INFO ScaffoldingGrailsPlugin - Generating controller logic for scaffolding domain: co.edu.uniandes.rubric.RubricOutcome
16-12-2019 15:46:15,710 ERROR errors.GrailsExceptionResolver - MissingPropertyException occurred when processing request: [POST] /IP18GAA/rubricOutcome/saveOutcome - parameters:
guardar: guardar
name: p
description: sss
id: 5
idRubric: 4
No such property: Outcome for class: co.edu.uniandes.rubric.RubricService. Stacktrace follows:
groovy.lang.MissingPropertyException: No such property: Outcome for class: co.edu.uniandes.rubric.RubricService
	at co.edu.uniandes.rubric.RubricService$$ERkqbZeU.$tt__saveOutcome(RubricService.groovy:61)
	at co.edu.uniandes.rubric.RubricOutcomeController$$ERkqlkBC.saveOutcome(RubricOutcomeController.groovy:21)
	at grails.plugin.cache.web.filter.PageFragmentCachingFilter.doFilter(PageFragmentCachingFilter.java:198)
	at grails.plugin.cache.web.filter.AbstractFilter.doFilter(AbstractFilter.java:63)
	at grails.plugin.springsecurity.web.filter.GrailsAnonymousAuthenticationFilter.doFilter(GrailsAnonymousAuthenticationFilter.java:53)
	at grails.plugin.springsecurity.web.authentication.RequestHolderAuthenticationFilter.doFilter(RequestHolderAuthenticationFilter.java:49)
	at grails.plugin.springsecurity.web.authentication.logout.MutableLogoutFilter.doFilter(MutableLogoutFilter.java:82)
	at java.util.concurrent.ThreadPoolExecutor.runWorker(ThreadPoolExecutor.java:1142)
	at java.util.concurrent.ThreadPoolExecutor$Worker.run(ThreadPoolExecutor.java:617)
	at java.lang.Thread.run(Thread.java:745)
16-12-2019 16:01:59,422 ERROR errors.GrailsExceptionResolver - MissingPropertyException occurred when processing request: [POST] /IP18GAA/rubricOutcome/saveOutcome - parameters:
guardar: guardar
name: p
description: sss
id: 5
idRubric: 4
No such property: Outcome for class: co.edu.uniandes.rubric.RubricService. Stacktrace follows:
groovy.lang.MissingPropertyException: No such property: Outcome for class: co.edu.uniandes.rubric.RubricService
	at co.edu.uniandes.rubric.RubricService$$ERkqbZeU.$tt__saveOutcome(RubricService.groovy:61)
	at co.edu.uniandes.rubric.RubricOutcomeController$$ERkqlkBC.saveOutcome(RubricOutcomeController.groovy:21)
	at grails.plugin.cache.web.filter.PageFragmentCachingFilter.doFilter(PageFragmentCachingFilter.java:198)
	at grails.plugin.cache.web.filter.AbstractFilter.doFilter(AbstractFilter.java:63)
	at grails.plugin.springsecurity.web.filter.GrailsAnonymousAuthenticationFilter.doFilter(GrailsAnonymousAuthenticationFilter.java:53)
	at grails.plugin.springsecurity.web.authentication.RequestHolderAuthenticationFilter.doFilter(RequestHolderAuthenticationFilter.java:49)
	at grails.plugin.springsecurity.web.authentication.logout.MutableLogoutFilter.doFilter(MutableLogoutFilter.java:82)
	at java.util.concurrent.ThreadPoolExecutor.runWorker(ThreadPoolExecutor.java:1142)
	at java.util.concurrent.ThreadPoolExecutor$Worker.run(ThreadPoolExecutor.java:617)
	at java.lang.Thread.run(Thread.java:745)
16-12-2019 16:04:16,058 ERROR errors.GrailsExceptionResolver - MissingPropertyException occurred when processing request: [POST] /IP18GAA/rubricOutcome/saveOutcome - parameters:
guardar: guardar
name: p
description: sss
id: 5
idRubric: 4
No such property: Outcome for class: co.edu.uniandes.rubric.RubricService. Stacktrace follows:
groovy.lang.MissingPropertyException: No such property: Outcome for class: co.edu.uniandes.rubric.RubricService
	at co.edu.uniandes.rubric.RubricService$$ERkqbZeU.$tt__saveOutcome(RubricService.groovy:61)
	at co.edu.uniandes.rubric.RubricOutcomeController$$ERkqlkBC.saveOutcome(RubricOutcomeController.groovy:21)
	at grails.plugin.cache.web.filter.PageFragmentCachingFilter.doFilter(PageFragmentCachingFilter.java:198)
	at grails.plugin.cache.web.filter.AbstractFilter.doFilter(AbstractFilter.java:63)
	at grails.plugin.springsecurity.web.filter.GrailsAnonymousAuthenticationFilter.doFilter(GrailsAnonymousAuthenticationFilter.java:53)
	at grails.plugin.springsecurity.web.authentication.RequestHolderAuthenticationFilter.doFilter(RequestHolderAuthenticationFilter.java:49)
	at grails.plugin.springsecurity.web.authentication.logout.MutableLogoutFilter.doFilter(MutableLogoutFilter.java:82)
	at java.util.concurrent.ThreadPoolExecutor.runWorker(ThreadPoolExecutor.java:1142)
	at java.util.concurrent.ThreadPoolExecutor$Worker.run(ThreadPoolExecutor.java:617)
	at java.lang.Thread.run(Thread.java:745)
16-12-2019 16:04:28,796  INFO compiler.GrailsProjectWatcher - File [C:\Users\awake\workspace\IP18GAA\grails-app\services\co\edu\uniandes\rubric\RubricService.groovy] changed. Applying changes to application.
16-12-2019 16:04:28,797  INFO compiler.GrailsProjectWatcher - File [C:\Users\awake\workspace\IP18GAA\grails-app\services\co\edu\uniandes\rubric\RubricService.groovy] changed. Applying changes to application.
16-12-2019 16:04:28,834  INFO compiler.GrailsProjectWatcher - File [C:\Users\awake\workspace\IP18GAA\grails-app\services\co\edu\uniandes\rubric\RubricService.groovy] changed. Applying changes to application.
16-12-2019 16:04:29,824  INFO compiler.GrailsProjectWatcher - File [C:\Users\awake\workspace\IP18GAA\grails-app\services\co\edu\uniandes\rubric\RubricService.groovy] changed. Applying changes to application.
16-12-2019 16:04:30,038  INFO compiler.GrailsProjectWatcher - File [C:\Users\awake\workspace\IP18GAA\grails-app\services\co\edu\uniandes\rubric\RubricService.groovy] changed. Applying changes to application.
16-12-2019 16:04:30,283  INFO compiler.GrailsProjectWatcher - File [C:\Users\awake\workspace\IP18GAA\grails-app\services\co\edu\uniandes\rubric\RubricService.groovy] changed. Applying changes to application.
16-12-2019 16:04:35,314 ERROR spring.OptimizedAutowireCapableBeanFactory - Bean couldn't be autowired using grails optimization: null
16-12-2019 16:04:35,315 ERROR spring.OptimizedAutowireCapableBeanFactory - Retrying using spring autowire
16-12-2019 16:04:35,319  WARN simple.MemoryPageFragmentCachingFilter - Throwable thrown during doFilter on request with URI: /IP18GAA/grails/rubricOutcome/editOutcome.dispatch and Query: idRubric=4 : Error creating bean with name 'co.edu.uniandes.rubric.RubricOutcomeController': Instantiation of bean failed; nested exception is org.springframework.beans.BeanInstantiationException: Could not instantiate bean class [co.edu.uniandes.rubric.RubricOutcomeController]: Constructor threw exception; nested exception is java.lang.NullPointerException
org.springframework.beans.factory.BeanCreationException: Error creating bean with name 'co.edu.uniandes.rubric.RubricOutcomeController': Instantiation of bean failed; nested exception is org.springframework.beans.BeanInstantiationException: Could not instantiate bean class [co.edu.uniandes.rubric.RubricOutcomeController]: Constructor threw exception; nested exception is java.lang.NullPointerException
	at grails.plugin.cache.web.filter.AbstractFilter.getBean(AbstractFilter.java:196)
	at grails.plugin.cache.web.filter.PageFragmentCachingFilter.lookupController(PageFragmentCachingFilter.java:842)
	at grails.plugin.cache.web.filter.PageFragmentCachingFilter.doFilter(PageFragmentCachingFilter.java:173)
	at grails.plugin.cache.web.filter.AbstractFilter.doFilter(AbstractFilter.java:63)
	at grails.plugin.springsecurity.web.filter.GrailsAnonymousAuthenticationFilter.doFilter(GrailsAnonymousAuthenticationFilter.java:53)
	at grails.plugin.springsecurity.web.authentication.RequestHolderAuthenticationFilter.doFilter(RequestHolderAuthenticationFilter.java:49)
	at grails.plugin.springsecurity.web.authentication.logout.MutableLogoutFilter.doFilter(MutableLogoutFilter.java:82)
	at java.util.concurrent.ThreadPoolExecutor.runWorker(ThreadPoolExecutor.java:1142)
	at java.util.concurrent.ThreadPoolExecutor$Worker.run(ThreadPoolExecutor.java:617)
	at java.lang.Thread.run(Thread.java:745)
Caused by: org.springframework.beans.BeanInstantiationException: Could not instantiate bean class [co.edu.uniandes.rubric.RubricOutcomeController]: Constructor threw exception; nested exception is java.lang.NullPointerException
	... 10 more
Caused by: java.lang.NullPointerException
16-12-2019 16:04:35,319 ERROR [/IP18GAA].[grails] - Servlet.service() for servlet grails threw exception
java.lang.NullPointerException
16-12-2019 16:04:35,320 ERROR [/IP18GAA].[default] - Servlet.service() for servlet [default] in context with path [/IP18GAA] threw exception [org.springframework.beans.factory.BeanCreationException: Error creating bean with name 'co.edu.uniandes.rubric.RubricOutcomeController': Instantiation of bean failed; nested exception is org.springframework.beans.BeanInstantiationException: Could not instantiate bean class [co.edu.uniandes.rubric.RubricOutcomeController]: Constructor threw exception; nested exception is java.lang.NullPointerException] with root cause
java.lang.NullPointerException
16-12-2019 16:04:39,383 ERROR spring.OptimizedAutowireCapableBeanFactory - Bean couldn't be autowired using grails optimization: null
16-12-2019 16:04:39,383 ERROR spring.OptimizedAutowireCapableBeanFactory - Retrying using spring autowire
16-12-2019 16:04:39,401  WARN simple.MemoryPageFragmentCachingFilter - Throwable thrown during doFilter on request with URI: /IP18GAA/grails/rubric/listRubrics.dispatch and Query: null : Error creating bean with name 'co.edu.uniandes.rubric.RubricController': Instantiation of bean failed; nested exception is org.springframework.beans.BeanInstantiationException: Could not instantiate bean class [co.edu.uniandes.rubric.RubricController]: Constructor threw exception; nested exception is java.lang.NullPointerException
org.springframework.beans.factory.BeanCreationException: Error creating bean with name 'co.edu.uniandes.rubric.RubricController': Instantiation of bean failed; nested exception is org.springframework.beans.BeanInstantiationException: Could not instantiate bean class [co.edu.uniandes.rubric.RubricController]: Constructor threw exception; nested exception is java.lang.NullPointerException
	at grails.plugin.cache.web.filter.AbstractFilter.getBean(AbstractFilter.java:196)
	at grails.plugin.cache.web.filter.PageFragmentCachingFilter.lookupController(PageFragmentCachingFilter.java:842)
	at grails.plugin.cache.web.filter.PageFragmentCachingFilter.doFilter(PageFragmentCachingFilter.java:173)
	at grails.plugin.cache.web.filter.AbstractFilter.doFilter(AbstractFilter.java:63)
	at grails.plugin.springsecurity.web.filter.GrailsAnonymousAuthenticationFilter.doFilter(GrailsAnonymousAuthenticationFilter.java:53)
	at grails.plugin.springsecurity.web.authentication.RequestHolderAuthenticationFilter.doFilter(RequestHolderAuthenticationFilter.java:49)
	at grails.plugin.springsecurity.web.authentication.logout.MutableLogoutFilter.doFilter(MutableLogoutFilter.java:82)
	at java.util.concurrent.ThreadPoolExecutor.runWorker(ThreadPoolExecutor.java:1142)
	at java.util.concurrent.ThreadPoolExecutor$Worker.run(ThreadPoolExecutor.java:617)
	at java.lang.Thread.run(Thread.java:745)
Caused by: org.springframework.beans.BeanInstantiationException: Could not instantiate bean class [co.edu.uniandes.rubric.RubricController]: Constructor threw exception; nested exception is java.lang.NullPointerException
	... 10 more
Caused by: java.lang.NullPointerException
16-12-2019 16:04:39,401 ERROR [/IP18GAA].[grails] - Servlet.service() for servlet grails threw exception
java.lang.NullPointerException
16-12-2019 16:04:39,402 ERROR [/IP18GAA].[default] - Servlet.service() for servlet [default] in context with path [/IP18GAA] threw exception [org.springframework.beans.factory.BeanCreationException: Error creating bean with name 'co.edu.uniandes.rubric.RubricController': Instantiation of bean failed; nested exception is org.springframework.beans.BeanInstantiationException: Could not instantiate bean class [co.edu.uniandes.rubric.RubricController]: Constructor threw exception; nested exception is java.lang.NullPointerException] with root cause
java.lang.NullPointerException
16-12-2019 16:04:59,101 ERROR spring.OptimizedAutowireCapableBeanFactory - Bean couldn't be autowired using grails optimization: null
16-12-2019 16:04:59,101 ERROR spring.OptimizedAutowireCapableBeanFactory - Retrying using spring autowire
16-12-2019 16:12:30,666  INFO compiler.GrailsProjectWatcher - File [C:\Users\awake\workspace\IP18GAA\grails-app\services\co\edu\uniandes\rubric\RubricService.groovy] changed. Applying changes to application.
16-12-2019 16:12:30,667  INFO compiler.GrailsProjectWatcher - File [C:\Users\awake\workspace\IP18GAA\grails-app\services\co\edu\uniandes\rubric\RubricService.groovy] changed. Applying changes to application.
16-12-2019 16:12:30,667  INFO compiler.GrailsProjectWatcher - File [C:\Users\awake\workspace\IP18GAA\grails-app\services\co\edu\uniandes\rubric\RubricService.groovy] changed. Applying changes to application.
16-12-2019 16:12:31,627  INFO compiler.GrailsProjectWatcher - File [C:\Users\awake\workspace\IP18GAA\grails-app\services\co\edu\uniandes\rubric\RubricService.groovy] changed. Applying changes to application.
16-12-2019 16:12:31,669  INFO compiler.GrailsProjectWatcher - File [C:\Users\awake\workspace\IP18GAA\grails-app\services\co\edu\uniandes\rubric\RubricService.groovy] changed. Applying changes to application.
16-12-2019 16:12:31,858  INFO compiler.GrailsProjectWatcher - File [C:\Users\awake\workspace\IP18GAA\grails-app\services\co\edu\uniandes\rubric\RubricService.groovy] changed. Applying changes to application.
16-12-2019 16:13:59,794  INFO compiler.GrailsProjectWatcher - File [C:\Users\awake\workspace\IP18GAA\grails-app\controllers\co\edu\uniandes\rubric\RubricOutcomeController.groovy] changed. Applying changes to application.
16-12-2019 16:13:59,803  INFO compiler.GrailsProjectWatcher - File [C:\Users\awake\workspace\IP18GAA\grails-app\controllers\co\edu\uniandes\rubric\RubricOutcomeController.groovy] changed. Applying changes to application.
16-12-2019 16:13:59,811  INFO compiler.GrailsProjectWatcher - File [C:\Users\awake\workspace\IP18GAA\grails-app\controllers\co\edu\uniandes\rubric\RubricOutcomeController.groovy] changed. Applying changes to application.
16-12-2019 16:14:01,083  INFO compiler.GrailsProjectWatcher - File [C:\Users\awake\workspace\IP18GAA\grails-app\controllers\co\edu\uniandes\rubric\RubricOutcomeController.groovy] changed. Applying changes to application.
16-12-2019 16:14:01,131  INFO compiler.GrailsProjectWatcher - File [C:\Users\awake\workspace\IP18GAA\grails-app\controllers\co\edu\uniandes\rubric\RubricOutcomeController.groovy] changed. Applying changes to application.
16-12-2019 16:14:01,398  INFO ScaffoldingGrailsPlugin - Generating controller logic for scaffolding domain: co.edu.uniandes.rubric.RubricOutcome
16-12-2019 16:14:01,524  INFO ScaffoldingGrailsPlugin - Generating controller logic for scaffolding domain: co.edu.uniandes.rubric.RubricOutcome
16-12-2019 16:14:01,809  INFO compiler.GrailsProjectWatcher - File [C:\Users\awake\workspace\IP18GAA\grails-app\controllers\co\edu\uniandes\rubric\RubricOutcomeController.groovy] changed. Applying changes to application.
16-12-2019 16:16:23,494  INFO compiler.GrailsProjectWatcher - File [C:\Users\awake\workspace\IP18GAA\grails-app\conf\DataSource.groovy] changed. Applying changes to application.
16-12-2019 16:16:23,960  INFO compiler.GrailsProjectWatcher - File [C:\Users\awake\workspace\IP18GAA\grails-app\conf\DataSource.groovy] changed. Applying changes to application.
16-12-2019 16:26:05,510  INFO domain.GrailsDomainClassCleaner - Clearing static property staticGormStaticApi in co.edu.uniandes.gaa.Activity
16-12-2019 16:26:05,519  INFO domain.GrailsDomainClassCleaner - Clearing static property instanceGormInstanceApi in co.edu.uniandes.gaa.Activity
16-12-2019 16:26:05,520  INFO domain.GrailsDomainClassCleaner - Clearing static property instanceGormValidationApi in co.edu.uniandes.gaa.Activity
16-12-2019 16:26:05,520  INFO domain.GrailsDomainClassCleaner - Clearing static property staticGormStaticApi in co.edu.uniandes.gaa.ActivityOutcome
16-12-2019 16:26:05,521  INFO domain.GrailsDomainClassCleaner - Clearing static property instanceGormInstanceApi in co.edu.uniandes.gaa.ActivityOutcome
16-12-2019 16:26:05,521  INFO domain.GrailsDomainClassCleaner - Clearing static property instanceGormValidationApi in co.edu.uniandes.gaa.ActivityOutcome
16-12-2019 16:26:05,521  INFO domain.GrailsDomainClassCleaner - Clearing static property staticGormStaticApi in co.edu.uniandes.gaa.AvailablePlatform
16-12-2019 16:26:05,522  INFO domain.GrailsDomainClassCleaner - Clearing static property instanceGormInstanceApi in co.edu.uniandes.gaa.AvailablePlatform
16-12-2019 16:26:05,522  INFO domain.GrailsDomainClassCleaner - Clearing static property instanceGormValidationApi in co.edu.uniandes.gaa.AvailablePlatform
16-12-2019 16:26:05,522  INFO domain.GrailsDomainClassCleaner - Clearing static property staticGormStaticApi in co.edu.uniandes.gaa.Category
16-12-2019 16:26:05,522  INFO domain.GrailsDomainClassCleaner - Clearing static property instanceGormInstanceApi in co.edu.uniandes.gaa.Category
16-12-2019 16:26:05,522  INFO domain.GrailsDomainClassCleaner - Clearing static property instanceGormValidationApi in co.edu.uniandes.gaa.Category
16-12-2019 16:26:05,523  INFO domain.GrailsDomainClassCleaner - Clearing static property instanceGormValidationApi in co.edu.uniandes.gaa.Course
16-12-2019 16:26:05,523  INFO domain.GrailsDomainClassCleaner - Clearing static property staticGormStaticApi in co.edu.uniandes.gaa.Course
16-12-2019 16:26:05,523  INFO domain.GrailsDomainClassCleaner - Clearing static property instanceGormInstanceApi in co.edu.uniandes.gaa.Course
16-12-2019 16:26:05,523  INFO domain.GrailsDomainClassCleaner - Clearing static property staticGormStaticApi in co.edu.uniandes.gaa.GAA
16-12-2019 16:26:05,527  INFO domain.GrailsDomainClassCleaner - Clearing static property instanceGormInstanceApi in co.edu.uniandes.gaa.GAA
16-12-2019 16:26:05,527  INFO domain.GrailsDomainClassCleaner - Clearing static property instanceGormValidationApi in co.edu.uniandes.gaa.GAA
16-12-2019 16:26:05,527  INFO domain.GrailsDomainClassCleaner - Clearing static property staticGormStaticApi in co.edu.uniandes.gaa.MainGoal
16-12-2019 16:26:05,528  INFO domain.GrailsDomainClassCleaner - Clearing static property instanceGormInstanceApi in co.edu.uniandes.gaa.MainGoal
16-12-2019 16:26:05,547  INFO domain.GrailsDomainClassCleaner - Clearing static property instanceGormValidationApi in co.edu.uniandes.gaa.MainGoal
16-12-2019 16:26:05,547  INFO domain.GrailsDomainClassCleaner - Clearing static property staticGormStaticApi in co.edu.uniandes.gaa.Module
16-12-2019 16:26:05,547  INFO domain.GrailsDomainClassCleaner - Clearing static property instanceGormInstanceApi in co.edu.uniandes.gaa.Module
16-12-2019 16:26:05,547  INFO domain.GrailsDomainClassCleaner - Clearing static property instanceGormValidationApi in co.edu.uniandes.gaa.Module
16-12-2019 16:26:05,547  INFO domain.GrailsDomainClassCleaner - Clearing static property staticGormStaticApi in co.edu.uniandes.gaa.ModuleOutcome
16-12-2019 16:26:05,548  INFO domain.GrailsDomainClassCleaner - Clearing static property instanceGormInstanceApi in co.edu.uniandes.gaa.ModuleOutcome
16-12-2019 16:26:05,548  INFO domain.GrailsDomainClassCleaner - Clearing static property instanceGormValidationApi in co.edu.uniandes.gaa.ModuleOutcome
16-12-2019 16:26:05,548  INFO domain.GrailsDomainClassCleaner - Clearing static property staticGormStaticApi in co.edu.uniandes.gaa.Outcome
16-12-2019 16:26:05,552  INFO domain.GrailsDomainClassCleaner - Clearing static property instanceGormInstanceApi in co.edu.uniandes.gaa.Outcome
16-12-2019 16:26:05,553  INFO domain.GrailsDomainClassCleaner - Clearing static property instanceGormValidationApi in co.edu.uniandes.gaa.Outcome
16-12-2019 16:26:05,554  INFO domain.GrailsDomainClassCleaner - Clearing static property staticGormStaticApi in co.edu.uniandes.gaa.PlatformActivity
16-12-2019 16:26:05,554  INFO domain.GrailsDomainClassCleaner - Clearing static property instanceGormInstanceApi in co.edu.uniandes.gaa.PlatformActivity
16-12-2019 16:26:05,554  INFO domain.GrailsDomainClassCleaner - Clearing static property instanceGormValidationApi in co.edu.uniandes.gaa.PlatformActivity
16-12-2019 16:26:05,554  INFO domain.GrailsDomainClassCleaner - Clearing static property staticGormStaticApi in co.edu.uniandes.gaa.StudentVerifiableActivity
16-12-2019 16:26:05,561  INFO domain.GrailsDomainClassCleaner - Clearing static property instanceGormInstanceApi in co.edu.uniandes.gaa.StudentVerifiableActivity
16-12-2019 16:26:05,563  INFO domain.GrailsDomainClassCleaner - Clearing static property instanceGormValidationApi in co.edu.uniandes.gaa.StudentVerifiableActivity
16-12-2019 16:26:05,565  INFO domain.GrailsDomainClassCleaner - Clearing static property staticGormStaticApi in co.edu.uniandes.gaa.SuggestedGoal
16-12-2019 16:26:05,565  INFO domain.GrailsDomainClassCleaner - Clearing static property instanceGormInstanceApi in co.edu.uniandes.gaa.SuggestedGoal
16-12-2019 16:26:05,565  INFO domain.GrailsDomainClassCleaner - Clearing static property instanceGormValidationApi in co.edu.uniandes.gaa.SuggestedGoal
16-12-2019 16:26:05,565  INFO domain.GrailsDomainClassCleaner - Clearing static property instanceGormValidationApi in co.edu.uniandes.gaa.TransversalGoal
16-12-2019 16:26:05,566  INFO domain.GrailsDomainClassCleaner - Clearing static property staticGormStaticApi in co.edu.uniandes.gaa.TransversalGoal
16-12-2019 16:26:05,566  INFO domain.GrailsDomainClassCleaner - Clearing static property instanceGormInstanceApi in co.edu.uniandes.gaa.TransversalGoal
16-12-2019 16:26:05,566  INFO domain.GrailsDomainClassCleaner - Clearing static property instanceGormValidationApi in co.edu.uniandes.gaa.VerifiableActivity
16-12-2019 16:26:05,569  INFO domain.GrailsDomainClassCleaner - Clearing static property staticGormStaticApi in co.edu.uniandes.gaa.VerifiableActivity
16-12-2019 16:26:05,569  INFO domain.GrailsDomainClassCleaner - Clearing static property instanceGormInstanceApi in co.edu.uniandes.gaa.VerifiableActivity
16-12-2019 16:26:05,570  INFO domain.GrailsDomainClassCleaner - Clearing static property staticGormStaticApi in co.edu.uniandes.login.Role
16-12-2019 16:26:05,571  INFO domain.GrailsDomainClassCleaner - Clearing static property instanceGormInstanceApi in co.edu.uniandes.login.Role
16-12-2019 16:26:05,571  INFO domain.GrailsDomainClassCleaner - Clearing static property instanceGormValidationApi in co.edu.uniandes.login.Role
16-12-2019 16:26:05,571  INFO domain.GrailsDomainClassCleaner - Clearing static property staticGormStaticApi in co.edu.uniandes.login.User
16-12-2019 16:26:05,572  INFO domain.GrailsDomainClassCleaner - Clearing static property instanceGormInstanceApi in co.edu.uniandes.login.User
16-12-2019 16:26:05,572  INFO domain.GrailsDomainClassCleaner - Clearing static property instanceGormValidationApi in co.edu.uniandes.login.User
16-12-2019 16:26:05,572  INFO domain.GrailsDomainClassCleaner - Clearing static property staticGormStaticApi in co.edu.uniandes.login.UserRole
16-12-2019 16:26:05,572  INFO domain.GrailsDomainClassCleaner - Clearing static property instanceGormInstanceApi in co.edu.uniandes.login.UserRole
16-12-2019 16:26:05,572  INFO domain.GrailsDomainClassCleaner - Clearing static property instanceGormValidationApi in co.edu.uniandes.login.UserRole
16-12-2019 16:26:05,573  INFO domain.GrailsDomainClassCleaner - Clearing static property staticGormStaticApi in co.edu.uniandes.platform.AbstractPlatform
16-12-2019 16:26:05,574  INFO domain.GrailsDomainClassCleaner - Clearing static property instanceGormInstanceApi in co.edu.uniandes.platform.AbstractPlatform
16-12-2019 16:26:05,574  INFO domain.GrailsDomainClassCleaner - Clearing static property instanceGormValidationApi in co.edu.uniandes.platform.AbstractPlatform
16-12-2019 16:26:05,575  INFO domain.GrailsDomainClassCleaner - Clearing static property staticGormStaticApi in co.edu.uniandes.platform.BlackboardPlatform
16-12-2019 16:26:05,576  INFO domain.GrailsDomainClassCleaner - Clearing static property instanceGormInstanceApi in co.edu.uniandes.platform.BlackboardPlatform
16-12-2019 16:26:05,576  INFO domain.GrailsDomainClassCleaner - Clearing static property instanceGormValidationApi in co.edu.uniandes.platform.BlackboardPlatform
16-12-2019 16:26:05,576  INFO domain.GrailsDomainClassCleaner - Clearing static property staticGormStaticApi in co.edu.uniandes.platform.PlatformCreator
16-12-2019 16:26:05,576  INFO domain.GrailsDomainClassCleaner - Clearing static property instanceGormInstanceApi in co.edu.uniandes.platform.PlatformCreator
16-12-2019 16:26:05,576  INFO domain.GrailsDomainClassCleaner - Clearing static property instanceGormValidationApi in co.edu.uniandes.platform.PlatformCreator
16-12-2019 16:26:05,577  INFO domain.GrailsDomainClassCleaner - Clearing static property staticGormStaticApi in co.edu.uniandes.rubric.Rubric
16-12-2019 16:26:05,577  INFO domain.GrailsDomainClassCleaner - Clearing static property instanceGormInstanceApi in co.edu.uniandes.rubric.Rubric
16-12-2019 16:26:05,578  INFO domain.GrailsDomainClassCleaner - Clearing static property instanceGormValidationApi in co.edu.uniandes.rubric.Rubric
16-12-2019 16:26:05,578  INFO domain.GrailsDomainClassCleaner - Clearing static property staticGormStaticApi in co.edu.uniandes.rubric.RubricCriterionLevel
16-12-2019 16:26:05,579  INFO domain.GrailsDomainClassCleaner - Clearing static property instanceGormInstanceApi in co.edu.uniandes.rubric.RubricCriterionLevel
16-12-2019 16:26:05,579  INFO domain.GrailsDomainClassCleaner - Clearing static property instanceGormValidationApi in co.edu.uniandes.rubric.RubricCriterionLevel
16-12-2019 16:26:05,579  INFO domain.GrailsDomainClassCleaner - Clearing static property staticGormStaticApi in co.edu.uniandes.rubric.RubricCriterionLevelAnswer
16-12-2019 16:26:05,580  INFO domain.GrailsDomainClassCleaner - Clearing static property instanceGormInstanceApi in co.edu.uniandes.rubric.RubricCriterionLevelAnswer
16-12-2019 16:26:05,581  INFO domain.GrailsDomainClassCleaner - Clearing static property instanceGormValidationApi in co.edu.uniandes.rubric.RubricCriterionLevelAnswer
16-12-2019 16:26:05,581  INFO domain.GrailsDomainClassCleaner - Clearing static property staticGormStaticApi in co.edu.uniandes.rubric.RubricLevelFeedback
16-12-2019 16:26:05,582  INFO domain.GrailsDomainClassCleaner - Clearing static property instanceGormInstanceApi in co.edu.uniandes.rubric.RubricLevelFeedback
16-12-2019 16:26:05,582  INFO domain.GrailsDomainClassCleaner - Clearing static property instanceGormValidationApi in co.edu.uniandes.rubric.RubricLevelFeedback
16-12-2019 16:26:05,583  INFO domain.GrailsDomainClassCleaner - Clearing static property staticGormStaticApi in co.edu.uniandes.rubric.RubricOutcome
16-12-2019 16:26:05,584  INFO domain.GrailsDomainClassCleaner - Clearing static property instanceGormInstanceApi in co.edu.uniandes.rubric.RubricOutcome
16-12-2019 16:26:05,584  INFO domain.GrailsDomainClassCleaner - Clearing static property instanceGormValidationApi in co.edu.uniandes.rubric.RubricOutcome
16-12-2019 16:26:05,584  INFO domain.GrailsDomainClassCleaner - Clearing static property staticGormStaticApi in co.edu.uniandes.rubric.RubricOutcomeCriterion
16-12-2019 16:26:05,584  INFO domain.GrailsDomainClassCleaner - Clearing static property instanceGormInstanceApi in co.edu.uniandes.rubric.RubricOutcomeCriterion
16-12-2019 16:26:05,584  INFO domain.GrailsDomainClassCleaner - Clearing static property instanceGormValidationApi in co.edu.uniandes.rubric.RubricOutcomeCriterion
16-12-2019 16:26:05,584  INFO domain.GrailsDomainClassCleaner - Clearing static property staticGormStaticApi in co.edu.uniandes.rubric.RubricPlatformActivity
16-12-2019 16:26:05,584  INFO domain.GrailsDomainClassCleaner - Clearing static property instanceGormInstanceApi in co.edu.uniandes.rubric.RubricPlatformActivity
16-12-2019 16:26:05,584  INFO domain.GrailsDomainClassCleaner - Clearing static property instanceGormValidationApi in co.edu.uniandes.rubric.RubricPlatformActivity
16-12-2019 16:26:05,588  INFO domain.GrailsDomainClassCleaner - Clearing static property staticGormStaticApi in co.edu.uniandes.rubric.StudentRubricAnswer
16-12-2019 16:26:05,588  INFO domain.GrailsDomainClassCleaner - Clearing static property instanceGormInstanceApi in co.edu.uniandes.rubric.StudentRubricAnswer
16-12-2019 16:26:05,588  INFO domain.GrailsDomainClassCleaner - Clearing static property instanceGormValidationApi in co.edu.uniandes.rubric.StudentRubricAnswer
